2025-02-05 15:38:44.232 [info] [main] Log level: Info
2025-02-05 15:38:44.232 [info] [main] Validating found git in: "git"
2025-02-05 15:38:45.455 [info] [main] Using git "2.34.1" from "git"
2025-02-05 15:38:45.458 [info] [Model][doInitialScan] Initial repository scan started
2025-02-05 15:38:46.706 [info] > git rev-parse --show-toplevel [146ms]
2025-02-05 15:38:46.706 [info] fatal: not a git repository (or any of the parent directories): .git
2025-02-05 15:38:47.190 [info] > git rev-parse --show-toplevel [427ms]
2025-02-05 15:38:47.276 [info] > git rev-parse --git-dir --git-common-dir [13ms]
2025-02-05 15:38:47.312 [info] [Model][openRepository] Opened repository: /home/aehsan4004/odin-css-exercises
2025-02-05 15:38:47.472 [info] > git config --get commit.template [105ms]
2025-02-05 15:38:47.479 [info] > git rev-parse --show-toplevel [48ms]
2025-02-05 15:38:47.571 [info] > git rev-parse --show-toplevel [8ms]
2025-02-05 15:38:47.572 [info] fatal: not a git repository (or any of the parent directories): .git
2025-02-05 15:38:47.639 [info] > git rev-parse --show-toplevel [14ms]
2025-02-05 15:38:47.639 [info] fatal: not a git repository (or any of the parent directories): .git
2025-02-05 15:38:47.699 [info] > git rev-parse --show-toplevel [13ms]
2025-02-05 15:38:47.699 [info] fatal: not a git repository (or any of the parent directories): .git
2025-02-05 15:38:47.750 [info] > git rev-parse --show-toplevel [10ms]
2025-02-05 15:38:47.750 [info] fatal: not a git repository (or any of the parent directories): .git
2025-02-05 15:38:47.804 [info] > git rev-parse --show-toplevel [11ms]
2025-02-05 15:38:47.805 [info] fatal: not a git repository (or any of the parent directories): .git
2025-02-05 15:38:48.073 [info] > git rev-parse --show-toplevel [216ms]
2025-02-05 15:38:48.171 [info] > git for-each-ref --format=%(refname)%00%(upstream:short)%00%(objectname)%00%(upstream:track)%00%(upstream:remotename)%00%(upstream:remoteref) refs/heads/main refs/remotes/main [652ms]
2025-02-05 15:38:48.231 [warning] [Git][revParse] Unable to read file: ENOENT: no such file or directory, open '/home/aehsan4004/odin-css-exercises/.git/refs/remotes/origin/main'
2025-02-05 15:38:48.234 [info] > git rev-parse --git-dir --git-common-dir [66ms]
2025-02-05 15:38:48.247 [info] [Model][openRepository] Opened repository: /home/aehsan4004/git_test
2025-02-05 15:38:48.348 [info] > git check-ignore -v -z --stdin [346ms]
2025-02-05 15:38:48.352 [info] > git rev-parse refs/remotes/origin/main [122ms]
2025-02-05 15:38:48.467 [info] > git config --get commit.template [161ms]
2025-02-05 15:38:48.547 [info] > git rev-parse --show-toplevel [202ms]
2025-02-05 15:38:48.550 [info] > git for-each-ref --sort -committerdate --format %(refname) %(objectname) %(*objectname) [100ms]
2025-02-05 15:38:48.611 [info] > git rev-parse --git-dir --git-common-dir [14ms]
2025-02-05 15:38:48.624 [info] [Model][openRepository] Opened repository: /home/aehsan4004/odin-recipes
2025-02-05 15:38:48.826 [info] > git config --get commit.template [87ms]
2025-02-05 15:38:48.829 [info] > git rev-parse --show-toplevel [18ms]
2025-02-05 15:38:48.829 [info] fatal: not a git repository (or any of the parent directories): .git
2025-02-05 15:38:48.838 [info] [Model][doInitialScan] Initial repository scan completed - repositories (3), closed repositories (0), parent repositories (0), unsafe repositories (0)
2025-02-05 15:38:49.112 [info] > git show --textconv :foundations/flex/06-flex-layout/style.css [230ms]
2025-02-05 15:38:49.112 [info] > git show --textconv :foundations/flex/06-flex-layout/index.html [164ms]
2025-02-05 15:38:49.113 [info] > git ls-files --stage -- /home/aehsan4004/odin-css-exercises/foundations/flex/06-flex-layout/style.css [115ms]
2025-02-05 15:38:49.157 [info] > git for-each-ref --format=%(refname)%00%(upstream:short)%00%(objectname)%00%(upstream:track)%00%(upstream:remotename)%00%(upstream:remoteref) refs/heads/main refs/remotes/main [613ms]
2025-02-05 15:38:49.162 [info] > git ls-files --stage -- /home/aehsan4004/odin-css-exercises/foundations/flex/06-flex-layout/index.html [120ms]
2025-02-05 15:38:49.214 [info] > git cat-file -s 3777aef335f04eedbc378875ec0d541fb62d849b [62ms]
2025-02-05 15:38:49.504 [info] > git status -z -uall [1104ms]
2025-02-05 15:38:49.504 [info] > git status -z -uall [237ms]
2025-02-05 15:38:49.505 [info] > git check-ignore -v -z --stdin [65ms]
2025-02-05 15:38:49.508 [info] > git for-each-ref --sort -committerdate --format %(refname) %(objectname) %(*objectname) [184ms]
2025-02-05 15:38:49.720 [info] > git cat-file -s a05f14bb02576409f38dcfdb448633ebc02e73fe [510ms]
2025-02-05 15:38:49.722 [info] > git for-each-ref --format=%(refname)%00%(upstream:short)%00%(objectname)%00%(upstream:track)%00%(upstream:remotename)%00%(upstream:remoteref) refs/heads/main refs/remotes/main [617ms]
2025-02-05 15:38:49.901 [warning] [Git][revParse] Unable to read file: ENOENT: no such file or directory, open '/home/aehsan4004/odin-recipes/.git/refs/remotes/origin/main'
2025-02-05 15:38:49.951 [info] > git check-ignore -v -z --stdin [459ms]
2025-02-05 15:38:49.953 [info] > git for-each-ref --format=%(refname)%00%(upstream:short)%00%(objectname)%00%(upstream:track)%00%(upstream:remotename)%00%(upstream:remoteref) refs/heads/main refs/remotes/main [247ms]
2025-02-05 15:38:50.483 [info] > git config --local branch.main.vscode-merge-base [483ms]
2025-02-05 15:38:50.532 [info] > git config --get commit.template [583ms]
2025-02-05 15:38:50.532 [info] > git rev-parse refs/remotes/origin/main [632ms]
2025-02-05 15:38:50.634 [info] > git config --get commit.template [786ms]
2025-02-05 15:38:50.635 [info] > git for-each-ref --format=%(refname)%00%(upstream:short)%00%(objectname)%00%(upstream:track)%00%(upstream:remotename)%00%(upstream:remoteref) refs/heads/main refs/remotes/main [858ms]
2025-02-05 15:38:50.692 [info] > git status -z -uall [115ms]
2025-02-05 15:38:50.694 [info] > git for-each-ref --sort -committerdate --format %(refname) %(objectname) %(*objectname) [61ms]
2025-02-05 15:38:50.748 [info] > git for-each-ref --format=%(refname)%00%(upstream:short)%00%(objectname)%00%(upstream:track)%00%(upstream:remotename)%00%(upstream:remoteref) refs/heads/origin/main refs/remotes/origin/main [217ms]
2025-02-05 15:38:50.959 [info] > git for-each-ref --format=%(refname)%00%(upstream:short)%00%(objectname)%00%(upstream:track)%00%(upstream:remotename)%00%(upstream:remoteref) refs/heads/main refs/remotes/main [218ms]
2025-02-05 15:38:51.009 [info] > git config --local branch.main.vscode-merge-base [331ms]
2025-02-05 15:38:51.070 [info] > git config --local branch.main.vscode-merge-base [62ms]
2025-02-05 15:38:51.115 [info] > git config --get commit.template [169ms]
2025-02-05 15:38:51.116 [info] > git for-each-ref --format=%(refname)%00%(upstream:short)%00%(objectname)%00%(upstream:track)%00%(upstream:remotename)%00%(upstream:remoteref) refs/heads/main refs/remotes/main [215ms]
2025-02-05 15:38:51.117 [info] > git for-each-ref --format=%(refname)%00%(upstream:short)%00%(objectname)%00%(upstream:track)%00%(upstream:remotename)%00%(upstream:remoteref) refs/heads/main refs/remotes/main [266ms]
2025-02-05 15:38:51.118 [info] > git merge-base refs/heads/main refs/remotes/origin/main [320ms]
2025-02-05 15:38:51.217 [warning] [Git][revParse] Unable to read file: ENOENT: no such file or directory, open '/home/aehsan4004/odin-css-exercises/.git/refs/remotes/origin/main'
2025-02-05 15:38:51.223 [info] > git for-each-ref --format=%(refname)%00%(upstream:short)%00%(objectname)%00%(upstream:track)%00%(upstream:remotename)%00%(upstream:remoteref) refs/heads/origin/main refs/remotes/origin/main [109ms]
2025-02-05 15:38:51.270 [info] > git for-each-ref --format=%(refname)%00%(upstream:short)%00%(objectname)%00%(upstream:track)%00%(upstream:remotename)%00%(upstream:remoteref) refs/heads/origin/main refs/remotes/origin/main [211ms]
2025-02-05 15:38:51.367 [info] > git merge-base refs/heads/main refs/remotes/origin/main [100ms]
2025-02-05 15:38:51.413 [info] > git rev-parse refs/remotes/origin/main [195ms]
2025-02-05 15:38:51.519 [info] > git diff --name-status -z --diff-filter=ADMR 58c9de176d840f196e1ac985610f970ffb238b60...refs/remotes/origin/main [354ms]
2025-02-05 15:38:51.557 [info] > git status -z -uall [95ms]
2025-02-05 15:38:51.557 [info] > git for-each-ref --sort -committerdate --format %(refname) %(objectname) %(*objectname) [40ms]
2025-02-05 15:38:51.608 [info] > git diff --name-status -z --diff-filter=ADMR 7e69e1b5789c64ce45bb39c07d6f81af4d5cc28e...refs/remotes/origin/main [197ms]
2025-02-05 15:38:51.609 [info] > git for-each-ref --format=%(refname)%00%(upstream:short)%00%(objectname)%00%(upstream:track)%00%(upstream:remotename)%00%(upstream:remoteref) refs/heads/main refs/remotes/main [246ms]
2025-02-05 15:38:51.610 [info] > git merge-base refs/heads/main refs/remotes/origin/main [297ms]
2025-02-05 15:38:51.904 [warning] [Git][revParse] Unable to read file: ENOENT: no such file or directory, open '/home/aehsan4004/odin-recipes/.git/refs/remotes/origin/main'
2025-02-05 15:38:51.914 [info] > git status -z -uall [93ms]
2025-02-05 15:38:51.914 [info] > git diff --name-status -z --diff-filter=ADMR fe95b463284982516875bda0dc888fd869a69c94...refs/remotes/origin/main [244ms]
2025-02-05 15:38:51.916 [info] > git merge-base refs/heads/main refs/remotes/origin/main [312ms]
2025-02-05 15:38:51.985 [info] > git rev-parse refs/remotes/origin/main [81ms]
2025-02-05 15:38:52.083 [info] > git for-each-ref --sort -committerdate --format %(refname) %(objectname) %(*objectname) [218ms]
2025-02-05 15:38:52.095 [info] > git status -z -uall [61ms]
2025-02-05 15:38:52.096 [info] > git diff --name-status -z --diff-filter=ADMR fe95b463284982516875bda0dc888fd869a69c94...refs/remotes/origin/main [139ms]
2025-02-05 15:38:52.106 [info] > git for-each-ref --sort -committerdate --format %(refname) %(objectname) %(*objectname) [24ms]
2025-02-05 15:40:08.349 [info] > git blame --root --incremental fe95b463284982516875bda0dc888fd869a69c94 -- /home/aehsan4004/odin-css-exercises/foundations/flex/06-flex-layout/style.css [498ms]
2025-02-05 15:40:14.061 [info] > git show --textconv :foundations/flex/06-flex-layout/README.md [69ms]
2025-02-05 15:40:14.068 [info] > git ls-files --stage -- /home/aehsan4004/odin-css-exercises/foundations/flex/06-flex-layout/README.md [15ms]
2025-02-05 15:40:14.277 [info] > git cat-file -s e5fceebfd2b3850b3d5c9c0731b1107e3a4c7232 [41ms]
2025-02-05 15:58:22.811 [info] > git ls-files --stage -- /home/aehsan4004/odin-css-exercises/foundations/flex/06-flex-layout/README.md [2116ms]
2025-02-05 15:58:23.136 [info] > git cat-file -s e5fceebfd2b3850b3d5c9c0731b1107e3a4c7232 [152ms]
2025-02-05 15:58:23.251 [info] > git show --textconv :foundations/flex/06-flex-layout/README.md [2602ms]
2025-02-05 16:00:08.830 [info] > git show --textconv :foundations/flex/06-flex-layout/index.html [262ms]
2025-02-05 16:00:08.831 [info] > git ls-files --stage -- /home/aehsan4004/odin-css-exercises/foundations/flex/06-flex-layout/index.html [212ms]
2025-02-05 16:00:08.937 [info] > git cat-file -s a05f14bb02576409f38dcfdb448633ebc02e73fe [65ms]
2025-02-05 16:02:35.111 [info] > git config --get commit.template [4186ms]
2025-02-05 16:02:36.398 [info] > git for-each-ref --format=%(refname)%00%(upstream:short)%00%(objectname)%00%(upstream:track)%00%(upstream:remotename)%00%(upstream:remoteref) refs/heads/main refs/remotes/main [5225ms]
2025-02-05 16:02:36.465 [warning] [Git][revParse] Unable to read file: ENOENT: no such file or directory, open '/home/aehsan4004/odin-css-exercises/.git/refs/remotes/origin/main'
2025-02-05 16:02:36.564 [info] > git rev-parse refs/remotes/origin/main [98ms]
2025-02-05 16:02:43.122 [info] > git for-each-ref --sort -committerdate --format %(refname) %(objectname) %(*objectname) [6429ms]
2025-02-05 16:02:48.983 [info] > git status -z -uall [12368ms]
2025-02-05 16:04:33.377 [info] > git config --get commit.template [55ms]
2025-02-05 16:04:33.424 [info] > git for-each-ref --format=%(refname)%00%(upstream:short)%00%(objectname)%00%(upstream:track)%00%(upstream:remotename)%00%(upstream:remoteref) refs/heads/main refs/remotes/main [52ms]
2025-02-05 16:04:33.510 [warning] [Git][revParse] Unable to read file: ENOENT: no such file or directory, open '/home/aehsan4004/odin-css-exercises/.git/refs/remotes/origin/main'
2025-02-05 16:04:33.541 [info] > git rev-parse refs/remotes/origin/main [31ms]
2025-02-05 16:04:33.757 [info] > git status -z -uall [66ms]
2025-02-05 16:04:33.771 [info] > git for-each-ref --sort -committerdate --format %(refname) %(objectname) %(*objectname) [19ms]
2025-02-05 16:05:37.388 [info] > git config --get commit.template [56ms]
2025-02-05 16:05:37.400 [info] > git for-each-ref --format=%(refname)%00%(upstream:short)%00%(objectname)%00%(upstream:track)%00%(upstream:remotename)%00%(upstream:remoteref) refs/heads/main refs/remotes/main [15ms]
2025-02-05 16:05:37.441 [warning] [Git][revParse] Unable to read file: ENOENT: no such file or directory, open '/home/aehsan4004/odin-css-exercises/.git/refs/remotes/origin/main'
2025-02-05 16:05:37.450 [info] > git rev-parse refs/remotes/origin/main [10ms]
2025-02-05 16:05:37.549 [info] > git status -z -uall [55ms]
2025-02-05 16:05:37.561 [info] > git for-each-ref --sort -committerdate --format %(refname) %(objectname) %(*objectname) [15ms]
2025-02-05 16:06:20.793 [info] > git config --get commit.template [58ms]
2025-02-05 16:06:20.806 [info] > git for-each-ref --format=%(refname)%00%(upstream:short)%00%(objectname)%00%(upstream:track)%00%(upstream:remotename)%00%(upstream:remoteref) refs/heads/main refs/remotes/main [16ms]
2025-02-05 16:06:20.850 [warning] [Git][revParse] Unable to read file: ENOENT: no such file or directory, open '/home/aehsan4004/odin-css-exercises/.git/refs/remotes/origin/main'
2025-02-05 16:06:20.867 [info] > git rev-parse refs/remotes/origin/main [18ms]
2025-02-05 16:06:21.121 [info] > git status -z -uall [182ms]
2025-02-05 16:06:21.142 [info] > git for-each-ref --sort -committerdate --format %(refname) %(objectname) %(*objectname) [31ms]
2025-02-05 16:06:47.961 [info] > git config --get commit.template [64ms]
2025-02-05 16:06:47.979 [info] > git for-each-ref --format=%(refname)%00%(upstream:short)%00%(objectname)%00%(upstream:track)%00%(upstream:remotename)%00%(upstream:remoteref) refs/heads/main refs/remotes/main [22ms]
2025-02-05 16:06:48.040 [warning] [Git][revParse] Unable to read file: ENOENT: no such file or directory, open '/home/aehsan4004/odin-css-exercises/.git/refs/remotes/origin/main'
2025-02-05 16:06:48.058 [info] > git rev-parse refs/remotes/origin/main [18ms]
2025-02-05 16:06:48.172 [info] > git status -z -uall [65ms]
2025-02-05 16:06:48.189 [info] > git for-each-ref --sort -committerdate --format %(refname) %(objectname) %(*objectname) [23ms]
2025-02-05 16:07:30.319 [info] > git config --get commit.template [23ms]
2025-02-05 16:07:30.447 [info] > git for-each-ref --format=%(refname)%00%(upstream:short)%00%(objectname)%00%(upstream:track)%00%(upstream:remotename)%00%(upstream:remoteref) refs/heads/main refs/remotes/main [53ms]
2025-02-05 16:07:30.514 [warning] [Git][revParse] Unable to read file: ENOENT: no such file or directory, open '/home/aehsan4004/odin-css-exercises/.git/refs/remotes/origin/main'
2025-02-05 16:07:30.527 [info] > git rev-parse refs/remotes/origin/main [13ms]
2025-02-05 16:07:30.636 [info] > git status -z -uall [58ms]
2025-02-05 16:07:30.654 [info] > git for-each-ref --sort -committerdate --format %(refname) %(objectname) %(*objectname) [22ms]
2025-02-05 16:07:50.721 [info] > git config --get commit.template [51ms]
2025-02-05 16:07:50.731 [info] > git for-each-ref --format=%(refname)%00%(upstream:short)%00%(objectname)%00%(upstream:track)%00%(upstream:remotename)%00%(upstream:remoteref) refs/heads/main refs/remotes/main [14ms]
2025-02-05 16:07:50.778 [warning] [Git][revParse] Unable to read file: ENOENT: no such file or directory, open '/home/aehsan4004/odin-css-exercises/.git/refs/remotes/origin/main'
2025-02-05 16:07:50.790 [info] > git rev-parse refs/remotes/origin/main [13ms]
2025-02-05 16:07:50.898 [info] > git status -z -uall [58ms]
2025-02-05 16:07:50.912 [info] > git for-each-ref --sort -committerdate --format %(refname) %(objectname) %(*objectname) [18ms]
2025-02-05 16:09:10.422 [info] > git config --get commit.template [49ms]
2025-02-05 16:09:10.432 [info] > git for-each-ref --format=%(refname)%00%(upstream:short)%00%(objectname)%00%(upstream:track)%00%(upstream:remotename)%00%(upstream:remoteref) refs/heads/main refs/remotes/main [15ms]
2025-02-05 16:09:10.471 [warning] [Git][revParse] Unable to read file: ENOENT: no such file or directory, open '/home/aehsan4004/odin-css-exercises/.git/refs/remotes/origin/main'
2025-02-05 16:09:10.479 [info] > git rev-parse refs/remotes/origin/main [9ms]
2025-02-05 16:09:10.568 [info] > git status -z -uall [46ms]
2025-02-05 16:09:10.580 [info] > git for-each-ref --sort -committerdate --format %(refname) %(objectname) %(*objectname) [15ms]
2025-02-05 16:09:40.982 [info] > git config --get commit.template [59ms]
2025-02-05 16:09:40.994 [info] > git for-each-ref --format=%(refname)%00%(upstream:short)%00%(objectname)%00%(upstream:track)%00%(upstream:remotename)%00%(upstream:remoteref) refs/heads/main refs/remotes/main [20ms]
2025-02-05 16:09:41.040 [warning] [Git][revParse] Unable to read file: ENOENT: no such file or directory, open '/home/aehsan4004/odin-css-exercises/.git/refs/remotes/origin/main'
2025-02-05 16:09:41.051 [info] > git rev-parse refs/remotes/origin/main [11ms]
2025-02-05 16:09:41.166 [info] > git status -z -uall [61ms]
2025-02-05 16:09:41.180 [info] > git for-each-ref --sort -committerdate --format %(refname) %(objectname) %(*objectname) [21ms]
2025-02-05 16:09:58.892 [info] > git config --get commit.template [71ms]
2025-02-05 16:09:58.907 [info] > git for-each-ref --format=%(refname)%00%(upstream:short)%00%(objectname)%00%(upstream:track)%00%(upstream:remotename)%00%(upstream:remoteref) refs/heads/main refs/remotes/main [18ms]
2025-02-05 16:09:58.966 [warning] [Git][revParse] Unable to read file: ENOENT: no such file or directory, open '/home/aehsan4004/odin-css-exercises/.git/refs/remotes/origin/main'
2025-02-05 16:09:58.986 [info] > git rev-parse refs/remotes/origin/main [20ms]
2025-02-05 16:09:59.105 [info] > git status -z -uall [65ms]
2025-02-05 16:09:59.122 [info] > git for-each-ref --sort -committerdate --format %(refname) %(objectname) %(*objectname) [20ms]
2025-02-05 16:14:40.412 [info] > git config --get commit.template [55ms]
2025-02-05 16:14:40.423 [info] > git for-each-ref --format=%(refname)%00%(upstream:short)%00%(objectname)%00%(upstream:track)%00%(upstream:remotename)%00%(upstream:remoteref) refs/heads/main refs/remotes/main [17ms]
2025-02-05 16:14:40.467 [warning] [Git][revParse] Unable to read file: ENOENT: no such file or directory, open '/home/aehsan4004/odin-css-exercises/.git/refs/remotes/origin/main'
2025-02-05 16:14:40.477 [info] > git rev-parse refs/remotes/origin/main [10ms]
2025-02-05 16:14:40.584 [info] > git status -z -uall [64ms]
2025-02-05 16:14:40.599 [info] > git for-each-ref --sort -committerdate --format %(refname) %(objectname) %(*objectname) [20ms]
2025-02-05 16:15:02.335 [info] > git config --get commit.template [56ms]
2025-02-05 16:15:02.348 [info] > git for-each-ref --format=%(refname)%00%(upstream:short)%00%(objectname)%00%(upstream:track)%00%(upstream:remotename)%00%(upstream:remoteref) refs/heads/main refs/remotes/main [17ms]
2025-02-05 16:15:02.398 [warning] [Git][revParse] Unable to read file: ENOENT: no such file or directory, open '/home/aehsan4004/odin-css-exercises/.git/refs/remotes/origin/main'
2025-02-05 16:15:02.407 [info] > git rev-parse refs/remotes/origin/main [10ms]
2025-02-05 16:15:02.538 [info] > git status -z -uall [80ms]
2025-02-05 16:15:02.557 [info] > git for-each-ref --sort -committerdate --format %(refname) %(objectname) %(*objectname) [22ms]
2025-02-05 16:16:39.861 [info] > git config --get commit.template [53ms]
2025-02-05 16:16:39.881 [info] > git for-each-ref --format=%(refname)%00%(upstream:short)%00%(objectname)%00%(upstream:track)%00%(upstream:remotename)%00%(upstream:remoteref) refs/heads/main refs/remotes/main [23ms]
2025-02-05 16:16:39.934 [warning] [Git][revParse] Unable to read file: ENOENT: no such file or directory, open '/home/aehsan4004/odin-css-exercises/.git/refs/remotes/origin/main'
2025-02-05 16:16:39.946 [info] > git rev-parse refs/remotes/origin/main [13ms]
2025-02-05 16:16:40.083 [info] > git status -z -uall [82ms]
2025-02-05 16:16:40.099 [info] > git for-each-ref --sort -committerdate --format %(refname) %(objectname) %(*objectname) [26ms]
2025-02-05 16:18:20.453 [info] > git config --get commit.template [68ms]
2025-02-05 16:18:20.473 [info] > git for-each-ref --format=%(refname)%00%(upstream:short)%00%(objectname)%00%(upstream:track)%00%(upstream:remotename)%00%(upstream:remoteref) refs/heads/main refs/remotes/main [25ms]
2025-02-05 16:18:20.532 [warning] [Git][revParse] Unable to read file: ENOENT: no such file or directory, open '/home/aehsan4004/odin-css-exercises/.git/refs/remotes/origin/main'
2025-02-05 16:18:20.550 [info] > git rev-parse refs/remotes/origin/main [20ms]
2025-02-05 16:18:20.691 [info] > git status -z -uall [84ms]
2025-02-05 16:18:20.714 [info] > git for-each-ref --sort -committerdate --format %(refname) %(objectname) %(*objectname) [26ms]
2025-02-05 16:18:30.334 [info] > git config --get commit.template [52ms]
2025-02-05 16:18:30.347 [info] > git for-each-ref --format=%(refname)%00%(upstream:short)%00%(objectname)%00%(upstream:track)%00%(upstream:remotename)%00%(upstream:remoteref) refs/heads/main refs/remotes/main [16ms]
2025-02-05 16:18:30.397 [warning] [Git][revParse] Unable to read file: ENOENT: no such file or directory, open '/home/aehsan4004/odin-css-exercises/.git/refs/remotes/origin/main'
2025-02-05 16:18:30.406 [info] > git rev-parse refs/remotes/origin/main [9ms]
2025-02-05 16:18:30.522 [info] > git status -z -uall [70ms]
2025-02-05 16:18:30.534 [info] > git for-each-ref --sort -committerdate --format %(refname) %(objectname) %(*objectname) [20ms]
2025-02-05 16:21:04.304 [info] > git config --get commit.template [50ms]
2025-02-05 16:21:04.317 [info] > git for-each-ref --format=%(refname)%00%(upstream:short)%00%(objectname)%00%(upstream:track)%00%(upstream:remotename)%00%(upstream:remoteref) refs/heads/main refs/remotes/main [16ms]
2025-02-05 16:21:04.364 [warning] [Git][revParse] Unable to read file: ENOENT: no such file or directory, open '/home/aehsan4004/odin-css-exercises/.git/refs/remotes/origin/main'
2025-02-05 16:21:04.380 [info] > git rev-parse refs/remotes/origin/main [15ms]
2025-02-05 16:21:04.484 [info] > git status -z -uall [58ms]
2025-02-05 16:21:04.500 [info] > git for-each-ref --sort -committerdate --format %(refname) %(objectname) %(*objectname) [21ms]
2025-02-05 16:21:22.368 [info] > git ls-files --stage -- /home/aehsan4004/odin-css-exercises/foundations/flex/06-flex-layout/README.md [84ms]
2025-02-05 16:21:22.421 [info] > git show --textconv :foundations/flex/06-flex-layout/README.md [296ms]
2025-02-05 16:21:22.452 [info] > git cat-file -s e5fceebfd2b3850b3d5c9c0731b1107e3a4c7232 [34ms]
2025-02-05 16:21:35.868 [info] > git show --textconv :foundations/flex/06-flex-layout/index.html [93ms]
2025-02-05 16:21:35.897 [info] > git ls-files --stage -- /home/aehsan4004/odin-css-exercises/foundations/flex/06-flex-layout/index.html [36ms]
2025-02-05 16:21:35.973 [info] > git cat-file -s a05f14bb02576409f38dcfdb448633ebc02e73fe [19ms]
2025-02-05 16:24:13.843 [info] > git config --get commit.template [56ms]
2025-02-05 16:24:13.856 [info] > git for-each-ref --format=%(refname)%00%(upstream:short)%00%(objectname)%00%(upstream:track)%00%(upstream:remotename)%00%(upstream:remoteref) refs/heads/main refs/remotes/main [17ms]
2025-02-05 16:24:13.912 [warning] [Git][revParse] Unable to read file: ENOENT: no such file or directory, open '/home/aehsan4004/odin-css-exercises/.git/refs/remotes/origin/main'
2025-02-05 16:24:13.924 [info] > git rev-parse refs/remotes/origin/main [14ms]
2025-02-05 16:24:14.062 [info] > git status -z -uall [79ms]
2025-02-05 16:24:14.089 [info] > git for-each-ref --sort -committerdate --format %(refname) %(objectname) %(*objectname) [32ms]
2025-02-05 16:26:33.384 [info] > git config --get commit.template [10ms]
2025-02-05 16:26:33.522 [info] > git for-each-ref --format=%(refname)%00%(upstream:short)%00%(objectname)%00%(upstream:track)%00%(upstream:remotename)%00%(upstream:remoteref) refs/heads/main refs/remotes/main [63ms]
2025-02-05 16:26:33.605 [warning] [Git][revParse] Unable to read file: ENOENT: no such file or directory, open '/home/aehsan4004/odin-css-exercises/.git/refs/remotes/origin/main'
2025-02-05 16:26:33.620 [info] > git rev-parse refs/remotes/origin/main [15ms]
2025-02-05 16:26:33.765 [info] > git status -z -uall [90ms]
2025-02-05 16:26:33.791 [info] > git for-each-ref --sort -committerdate --format %(refname) %(objectname) %(*objectname) [30ms]
2025-02-05 16:26:59.002 [info] > git config --get commit.template [64ms]
2025-02-05 16:26:59.015 [info] > git for-each-ref --format=%(refname)%00%(upstream:short)%00%(objectname)%00%(upstream:track)%00%(upstream:remotename)%00%(upstream:remoteref) refs/heads/main refs/remotes/main [16ms]
2025-02-05 16:26:59.064 [warning] [Git][revParse] Unable to read file: ENOENT: no such file or directory, open '/home/aehsan4004/odin-css-exercises/.git/refs/remotes/origin/main'
2025-02-05 16:26:59.074 [info] > git rev-parse refs/remotes/origin/main [10ms]
2025-02-05 16:26:59.346 [info] > git status -z -uall [222ms]
2025-02-05 16:26:59.390 [info] > git for-each-ref --sort -committerdate --format %(refname) %(objectname) %(*objectname) [85ms]
2025-02-05 16:30:21.179 [info] > git check-ignore -v -z --stdin [79ms]
2025-02-05 16:30:25.893 [info] > git ls-files --stage -- /home/aehsan4004/odin-css-exercises/foundations/flex/06-flex-layout/solution/solution.html [12ms]
2025-02-05 16:30:25.978 [info] > git cat-file -s 0ce657dbd7877e158a569b4b89c2f6a5a72ab0c9 [33ms]
2025-02-05 16:30:25.981 [info] > git show --textconv :foundations/flex/06-flex-layout/solution/solution.html [150ms]
2025-02-05 16:30:27.844 [info] > git blame --root --incremental fe95b463284982516875bda0dc888fd869a69c94 -- /home/aehsan4004/odin-css-exercises/foundations/flex/06-flex-layout/solution/solution.html [308ms]
2025-02-05 16:30:43.028 [info] > git show --textconv :foundations/flex/06-flex-layout/style.css [66ms]
2025-02-05 16:30:43.039 [info] > git ls-files --stage -- /home/aehsan4004/odin-css-exercises/foundations/flex/06-flex-layout/style.css [12ms]
2025-02-05 16:30:43.142 [info] > git cat-file -s 3777aef335f04eedbc378875ec0d541fb62d849b [24ms]
2025-02-05 16:30:44.814 [info] > git show --textconv :foundations/flex/06-flex-layout/solution/solution.css [55ms]
2025-02-05 16:30:44.820 [info] > git ls-files --stage -- /home/aehsan4004/odin-css-exercises/foundations/flex/06-flex-layout/solution/solution.css [17ms]
2025-02-05 16:30:44.891 [info] > git cat-file -s d628095173cd0353034dfb64fd65383532cf2a96 [16ms]
2025-02-05 16:30:47.183 [info] > git blame --root --incremental fe95b463284982516875bda0dc888fd869a69c94 -- /home/aehsan4004/odin-css-exercises/foundations/flex/06-flex-layout/solution/solution.css [28ms]
2025-02-05 16:31:45.812 [info] > git show --textconv :foundations/flex/06-flex-layout/style.css [57ms]
2025-02-05 16:31:45.822 [info] > git ls-files --stage -- /home/aehsan4004/odin-css-exercises/foundations/flex/06-flex-layout/style.css [15ms]
2025-02-05 16:31:45.882 [info] > git cat-file -s 3777aef335f04eedbc378875ec0d541fb62d849b [13ms]
2025-02-05 16:31:49.433 [info] > git show --textconv :foundations/flex/06-flex-layout/solution/solution.css [56ms]
2025-02-05 16:31:49.441 [info] > git ls-files --stage -- /home/aehsan4004/odin-css-exercises/foundations/flex/06-flex-layout/solution/solution.css [12ms]
2025-02-05 16:31:49.514 [info] > git cat-file -s d628095173cd0353034dfb64fd65383532cf2a96 [19ms]
2025-02-05 16:31:54.875 [info] > git show --textconv :foundations/flex/06-flex-layout/style.css [58ms]
2025-02-05 16:31:54.885 [info] > git ls-files --stage -- /home/aehsan4004/odin-css-exercises/foundations/flex/06-flex-layout/style.css [16ms]
2025-02-05 16:31:55.000 [info] > git cat-file -s 3777aef335f04eedbc378875ec0d541fb62d849b [70ms]
2025-02-05 16:31:58.786 [info] > git show --textconv :foundations/flex/06-flex-layout/solution/solution.css [57ms]
2025-02-05 16:31:58.790 [info] > git ls-files --stage -- /home/aehsan4004/odin-css-exercises/foundations/flex/06-flex-layout/solution/solution.css [14ms]
2025-02-05 16:31:58.921 [info] > git cat-file -s d628095173cd0353034dfb64fd65383532cf2a96 [84ms]
2025-02-05 16:32:01.436 [info] > git show --textconv :foundations/flex/06-flex-layout/style.css [57ms]
2025-02-05 16:32:01.441 [info] > git ls-files --stage -- /home/aehsan4004/odin-css-exercises/foundations/flex/06-flex-layout/style.css [14ms]
2025-02-05 16:32:01.554 [info] > git cat-file -s 3777aef335f04eedbc378875ec0d541fb62d849b [62ms]
2025-02-05 16:32:36.461 [info] > git show --textconv :foundations/flex/06-flex-layout/solution/solution.css [54ms]
2025-02-05 16:32:36.473 [info] > git ls-files --stage -- /home/aehsan4004/odin-css-exercises/foundations/flex/06-flex-layout/solution/solution.css [15ms]
2025-02-05 16:32:36.547 [info] > git cat-file -s d628095173cd0353034dfb64fd65383532cf2a96 [12ms]
2025-02-05 16:32:45.813 [info] > git show --textconv :foundations/flex/06-flex-layout/style.css [67ms]
2025-02-05 16:32:45.822 [info] > git ls-files --stage -- /home/aehsan4004/odin-css-exercises/foundations/flex/06-flex-layout/style.css [17ms]
2025-02-05 16:32:45.884 [info] > git cat-file -s 3777aef335f04eedbc378875ec0d541fb62d849b [15ms]
2025-02-05 16:32:56.505 [info] > git show --textconv :foundations/flex/06-flex-layout/solution/solution.css [54ms]
2025-02-05 16:32:56.515 [info] > git ls-files --stage -- /home/aehsan4004/odin-css-exercises/foundations/flex/06-flex-layout/solution/solution.css [14ms]
2025-02-05 16:32:56.575 [info] > git cat-file -s d628095173cd0353034dfb64fd65383532cf2a96 [12ms]
2025-02-05 16:32:59.490 [info] > git show --textconv :foundations/flex/06-flex-layout/style.css [62ms]
2025-02-05 16:32:59.498 [info] > git ls-files --stage -- /home/aehsan4004/odin-css-exercises/foundations/flex/06-flex-layout/style.css [15ms]
2025-02-05 16:32:59.570 [info] > git cat-file -s 3777aef335f04eedbc378875ec0d541fb62d849b [12ms]
2025-02-05 16:33:05.059 [info] > git show --textconv :foundations/flex/06-flex-layout/solution/solution.css [60ms]
2025-02-05 16:33:05.073 [info] > git ls-files --stage -- /home/aehsan4004/odin-css-exercises/foundations/flex/06-flex-layout/solution/solution.css [18ms]
2025-02-05 16:33:05.144 [info] > git cat-file -s d628095173cd0353034dfb64fd65383532cf2a96 [17ms]
2025-02-05 16:33:20.624 [info] > git show --textconv :foundations/flex/06-flex-layout/style.css [61ms]
2025-02-05 16:33:20.633 [info] > git ls-files --stage -- /home/aehsan4004/odin-css-exercises/foundations/flex/06-flex-layout/style.css [13ms]
2025-02-05 16:33:20.695 [info] > git cat-file -s 3777aef335f04eedbc378875ec0d541fb62d849b [11ms]
2025-02-05 16:33:39.695 [info] > git show --textconv :foundations/flex/06-flex-layout/solution/solution.css [58ms]
2025-02-05 16:33:39.700 [info] > git ls-files --stage -- /home/aehsan4004/odin-css-exercises/foundations/flex/06-flex-layout/solution/solution.css [14ms]
2025-02-05 16:33:39.756 [info] > git cat-file -s d628095173cd0353034dfb64fd65383532cf2a96 [13ms]
2025-02-05 16:34:04.361 [info] > git show --textconv :foundations/flex/06-flex-layout/style.css [62ms]
2025-02-05 16:34:04.367 [info] > git ls-files --stage -- /home/aehsan4004/odin-css-exercises/foundations/flex/06-flex-layout/style.css [17ms]
2025-02-05 16:34:04.432 [info] > git cat-file -s 3777aef335f04eedbc378875ec0d541fb62d849b [13ms]
2025-02-05 16:34:48.932 [info] > git show --textconv :foundations/flex/06-flex-layout/solution/solution.css [58ms]
2025-02-05 16:34:48.947 [info] > git ls-files --stage -- /home/aehsan4004/odin-css-exercises/foundations/flex/06-flex-layout/solution/solution.css [20ms]
2025-02-05 16:34:49.006 [info] > git cat-file -s d628095173cd0353034dfb64fd65383532cf2a96 [11ms]
2025-02-05 16:34:52.230 [info] > git show --textconv :foundations/flex/06-flex-layout/style.css [63ms]
2025-02-05 16:34:52.236 [info] > git ls-files --stage -- /home/aehsan4004/odin-css-exercises/foundations/flex/06-flex-layout/style.css [19ms]
2025-02-05 16:34:52.306 [info] > git cat-file -s 3777aef335f04eedbc378875ec0d541fb62d849b [18ms]
2025-02-05 16:35:07.286 [info] > git config --get commit.template [50ms]
2025-02-05 16:35:07.297 [info] > git for-each-ref --format=%(refname)%00%(upstream:short)%00%(objectname)%00%(upstream:track)%00%(upstream:remotename)%00%(upstream:remoteref) refs/heads/main refs/remotes/main [13ms]
2025-02-05 16:35:07.343 [warning] [Git][revParse] Unable to read file: ENOENT: no such file or directory, open '/home/aehsan4004/odin-css-exercises/.git/refs/remotes/origin/main'
2025-02-05 16:35:07.352 [info] > git rev-parse refs/remotes/origin/main [9ms]
2025-02-05 16:35:07.444 [info] > git status -z -uall [52ms]
2025-02-05 16:35:07.458 [info] > git for-each-ref --sort -committerdate --format %(refname) %(objectname) %(*objectname) [16ms]
2025-02-05 16:35:10.468 [info] > git blame --root --incremental fe95b463284982516875bda0dc888fd869a69c94 -- /home/aehsan4004/odin-css-exercises/foundations/flex/06-flex-layout/index.html [24ms]
2025-02-05 16:35:12.679 [info] > git config --get commit.template [52ms]
2025-02-05 16:35:12.690 [info] > git for-each-ref --format=%(refname)%00%(upstream:short)%00%(objectname)%00%(upstream:track)%00%(upstream:remotename)%00%(upstream:remoteref) refs/heads/main refs/remotes/main [14ms]
2025-02-05 16:35:12.736 [warning] [Git][revParse] Unable to read file: ENOENT: no such file or directory, open '/home/aehsan4004/odin-css-exercises/.git/refs/remotes/origin/main'
2025-02-05 16:35:12.745 [info] > git rev-parse refs/remotes/origin/main [9ms]
2025-02-05 16:35:12.851 [info] > git status -z -uall [58ms]
2025-02-05 16:35:12.864 [info] > git for-each-ref --sort -committerdate --format %(refname) %(objectname) %(*objectname) [16ms]
2025-02-05 16:35:16.824 [info] > git show --textconv :foundations/flex/06-flex-layout/solution/solution.css [53ms]
2025-02-05 16:35:16.836 [info] > git ls-files --stage -- /home/aehsan4004/odin-css-exercises/foundations/flex/06-flex-layout/solution/solution.css [15ms]
2025-02-05 16:35:16.895 [info] > git cat-file -s d628095173cd0353034dfb64fd65383532cf2a96 [11ms]
2025-02-05 16:35:17.988 [info] > git config --get commit.template [67ms]
2025-02-05 16:35:18.004 [info] > git for-each-ref --format=%(refname)%00%(upstream:short)%00%(objectname)%00%(upstream:track)%00%(upstream:remotename)%00%(upstream:remoteref) refs/heads/main refs/remotes/main [19ms]
2025-02-05 16:35:18.053 [warning] [Git][revParse] Unable to read file: ENOENT: no such file or directory, open '/home/aehsan4004/odin-css-exercises/.git/refs/remotes/origin/main'
2025-02-05 16:35:18.062 [info] > git rev-parse refs/remotes/origin/main [11ms]
2025-02-05 16:35:18.175 [info] > git status -z -uall [66ms]
2025-02-05 16:35:18.191 [info] > git for-each-ref --sort -committerdate --format %(refname) %(objectname) %(*objectname) [19ms]
2025-02-05 16:35:30.197 [info] > git show --textconv :foundations/flex/06-flex-layout/style.css [62ms]
2025-02-05 16:35:30.200 [info] > git ls-files --stage -- /home/aehsan4004/odin-css-exercises/foundations/flex/06-flex-layout/style.css [14ms]
2025-02-05 16:35:30.268 [info] > git cat-file -s 3777aef335f04eedbc378875ec0d541fb62d849b [17ms]
2025-02-05 16:35:35.467 [info] > git config --get commit.template [51ms]
2025-02-05 16:35:35.479 [info] > git for-each-ref --format=%(refname)%00%(upstream:short)%00%(objectname)%00%(upstream:track)%00%(upstream:remotename)%00%(upstream:remoteref) refs/heads/main refs/remotes/main [15ms]
2025-02-05 16:35:35.528 [warning] [Git][revParse] Unable to read file: ENOENT: no such file or directory, open '/home/aehsan4004/odin-css-exercises/.git/refs/remotes/origin/main'
2025-02-05 16:35:35.539 [info] > git rev-parse refs/remotes/origin/main [12ms]
2025-02-05 16:35:35.643 [info] > git status -z -uall [55ms]
2025-02-05 16:35:35.657 [info] > git for-each-ref --sort -committerdate --format %(refname) %(objectname) %(*objectname) [16ms]
2025-02-05 16:36:01.146 [info] > git show --textconv :foundations/flex/06-flex-layout/solution/solution.css [62ms]
2025-02-05 16:36:01.156 [info] > git ls-files --stage -- /home/aehsan4004/odin-css-exercises/foundations/flex/06-flex-layout/solution/solution.css [15ms]
2025-02-05 16:36:01.209 [info] > git cat-file -s d628095173cd0353034dfb64fd65383532cf2a96 [11ms]
2025-02-05 16:36:05.233 [info] > git show --textconv :foundations/flex/06-flex-layout/style.css [55ms]
2025-02-05 16:36:05.245 [info] > git ls-files --stage -- /home/aehsan4004/odin-css-exercises/foundations/flex/06-flex-layout/style.css [15ms]
2025-02-05 16:36:05.300 [info] > git cat-file -s 3777aef335f04eedbc378875ec0d541fb62d849b [10ms]
2025-02-05 16:36:08.933 [info] > git config --get commit.template [50ms]
2025-02-05 16:36:08.944 [info] > git for-each-ref --format=%(refname)%00%(upstream:short)%00%(objectname)%00%(upstream:track)%00%(upstream:remotename)%00%(upstream:remoteref) refs/heads/main refs/remotes/main [16ms]
2025-02-05 16:36:08.988 [warning] [Git][revParse] Unable to read file: ENOENT: no such file or directory, open '/home/aehsan4004/odin-css-exercises/.git/refs/remotes/origin/main'
2025-02-05 16:36:08.997 [info] > git rev-parse refs/remotes/origin/main [10ms]
2025-02-05 16:36:09.120 [info] > git status -z -uall [71ms]
2025-02-05 16:36:09.130 [info] > git for-each-ref --sort -committerdate --format %(refname) %(objectname) %(*objectname) [18ms]
2025-02-05 16:36:09.521 [info] > git show --textconv :foundations/flex/06-flex-layout/solution/solution.css [59ms]
2025-02-05 16:36:09.534 [info] > git ls-files --stage -- /home/aehsan4004/odin-css-exercises/foundations/flex/06-flex-layout/solution/solution.css [16ms]
2025-02-05 16:36:09.591 [info] > git cat-file -s d628095173cd0353034dfb64fd65383532cf2a96 [11ms]
2025-02-05 16:36:14.316 [info] > git config --get commit.template [58ms]
2025-02-05 16:36:14.327 [info] > git for-each-ref --format=%(refname)%00%(upstream:short)%00%(objectname)%00%(upstream:track)%00%(upstream:remotename)%00%(upstream:remoteref) refs/heads/main refs/remotes/main [15ms]
2025-02-05 16:36:14.372 [warning] [Git][revParse] Unable to read file: ENOENT: no such file or directory, open '/home/aehsan4004/odin-css-exercises/.git/refs/remotes/origin/main'
2025-02-05 16:36:14.380 [info] > git rev-parse refs/remotes/origin/main [9ms]
2025-02-05 16:36:14.497 [info] > git status -z -uall [68ms]
2025-02-05 16:36:14.510 [info] > git for-each-ref --sort -committerdate --format %(refname) %(objectname) %(*objectname) [17ms]
2025-02-05 16:36:31.158 [info] > git show --textconv :foundations/flex/06-flex-layout/style.css [63ms]
2025-02-05 16:36:31.168 [info] > git ls-files --stage -- /home/aehsan4004/odin-css-exercises/foundations/flex/06-flex-layout/style.css [14ms]
2025-02-05 16:36:31.241 [info] > git cat-file -s 3777aef335f04eedbc378875ec0d541fb62d849b [16ms]
2025-02-05 16:37:32.370 [info] > git config --get commit.template [42ms]
2025-02-05 16:37:32.380 [info] > git for-each-ref --format=%(refname)%00%(upstream:short)%00%(objectname)%00%(upstream:track)%00%(upstream:remotename)%00%(upstream:remoteref) refs/heads/main refs/remotes/main [13ms]
2025-02-05 16:37:32.425 [warning] [Git][revParse] Unable to read file: ENOENT: no such file or directory, open '/home/aehsan4004/odin-css-exercises/.git/refs/remotes/origin/main'
2025-02-05 16:37:32.435 [info] > git rev-parse refs/remotes/origin/main [10ms]
2025-02-05 16:37:32.532 [info] > git status -z -uall [51ms]
2025-02-05 16:37:32.545 [info] > git for-each-ref --sort -committerdate --format %(refname) %(objectname) %(*objectname) [16ms]
2025-02-05 16:38:17.518 [info] > git show --textconv :foundations/flex/06-flex-layout/README.md [57ms]
2025-02-05 16:38:17.532 [info] > git ls-files --stage -- /home/aehsan4004/odin-css-exercises/foundations/flex/06-flex-layout/README.md [20ms]
2025-02-05 16:38:17.594 [info] > git cat-file -s e5fceebfd2b3850b3d5c9c0731b1107e3a4c7232 [15ms]
2025-02-05 16:38:21.235 [info] > git show --textconv :foundations/flex/06-flex-layout/solution/solution.css [55ms]
2025-02-05 16:38:21.244 [info] > git ls-files --stage -- /home/aehsan4004/odin-css-exercises/foundations/flex/06-flex-layout/solution/solution.css [13ms]
2025-02-05 16:38:21.308 [info] > git cat-file -s d628095173cd0353034dfb64fd65383532cf2a96 [14ms]
2025-02-05 16:38:27.140 [info] > git check-ignore -v -z --stdin [11ms]
2025-02-05 16:38:30.173 [info] > git show --textconv :foundations/flex/07-flex-layout-2/style.css [56ms]
2025-02-05 16:38:30.177 [info] > git ls-files --stage -- /home/aehsan4004/odin-css-exercises/foundations/flex/07-flex-layout-2/style.css [14ms]
2025-02-05 16:38:30.238 [info] > git cat-file -s 6caf04c79451489cc708102360331bdf31d6da98 [12ms]
2025-02-05 16:38:36.552 [info] > git show --textconv :foundations/flex/07-flex-layout-2/README.md [68ms]
2025-02-05 16:38:36.572 [info] > git ls-files --stage -- /home/aehsan4004/odin-css-exercises/foundations/flex/07-flex-layout-2/README.md [23ms]
2025-02-05 16:38:36.642 [info] > git cat-file -s bde265c234c688d888d75b10303940589b88ba04 [11ms]
2025-02-05 16:38:39.587 [info] > git show --textconv :foundations/flex/07-flex-layout-2/index.html [55ms]
2025-02-05 16:38:39.595 [info] > git ls-files --stage -- /home/aehsan4004/odin-css-exercises/foundations/flex/07-flex-layout-2/index.html [12ms]
2025-02-05 16:38:39.649 [info] > git cat-file -s 85c1d0b75caed03383c60b7282620b592a3d5127 [12ms]
2025-02-05 16:38:59.030 [info] > git blame --root --incremental fe95b463284982516875bda0dc888fd869a69c94 -- /home/aehsan4004/odin-css-exercises/foundations/flex/07-flex-layout-2/index.html [111ms]
2025-02-05 16:40:25.457 [info] > git blame --root --incremental fe95b463284982516875bda0dc888fd869a69c94 -- /home/aehsan4004/odin-css-exercises/foundations/flex/07-flex-layout-2/style.css [35ms]
2025-02-05 16:40:37.981 [info] > git show --textconv :foundations/flex/07-flex-layout-2/README.md [55ms]
2025-02-05 16:40:37.988 [info] > git ls-files --stage -- /home/aehsan4004/odin-css-exercises/foundations/flex/07-flex-layout-2/README.md [18ms]
2025-02-05 16:40:38.051 [info] > git cat-file -s bde265c234c688d888d75b10303940589b88ba04 [13ms]
2025-02-05 16:41:23.571 [info] > git show --textconv :foundations/flex/06-flex-layout/style.css [56ms]
2025-02-05 16:41:23.579 [info] > git ls-files --stage -- /home/aehsan4004/odin-css-exercises/foundations/flex/06-flex-layout/style.css [16ms]
2025-02-05 16:41:23.688 [info] > git cat-file -s 3777aef335f04eedbc378875ec0d541fb62d849b [64ms]
2025-02-05 16:42:00.577 [info] > git show --textconv :foundations/flex/07-flex-layout-2/README.md [56ms]
2025-02-05 16:42:00.588 [info] > git ls-files --stage -- /home/aehsan4004/odin-css-exercises/foundations/flex/07-flex-layout-2/README.md [17ms]
2025-02-05 16:42:00.656 [info] > git cat-file -s bde265c234c688d888d75b10303940589b88ba04 [14ms]
2025-02-05 16:42:04.866 [info] > git blame --root --incremental fe95b463284982516875bda0dc888fd869a69c94 -- /home/aehsan4004/odin-css-exercises/foundations/flex/07-flex-layout-2/README.md [74ms]
2025-02-05 16:42:26.926 [info] > git show --textconv :foundations/flex/07-flex-layout-2/index.html [52ms]
2025-02-05 16:42:26.934 [info] > git ls-files --stage -- /home/aehsan4004/odin-css-exercises/foundations/flex/07-flex-layout-2/index.html [13ms]
2025-02-05 16:42:27.000 [info] > git cat-file -s 85c1d0b75caed03383c60b7282620b592a3d5127 [16ms]
2025-02-05 16:44:18.920 [info] > git config --get commit.template [57ms]
2025-02-05 16:44:18.932 [info] > git for-each-ref --format=%(refname)%00%(upstream:short)%00%(objectname)%00%(upstream:track)%00%(upstream:remotename)%00%(upstream:remoteref) refs/heads/main refs/remotes/main [16ms]
2025-02-05 16:44:18.983 [warning] [Git][revParse] Unable to read file: ENOENT: no such file or directory, open '/home/aehsan4004/odin-css-exercises/.git/refs/remotes/origin/main'
2025-02-05 16:44:18.992 [info] > git rev-parse refs/remotes/origin/main [9ms]
2025-02-05 16:44:19.111 [info] > git status -z -uall [70ms]
2025-02-05 16:44:19.123 [info] > git for-each-ref --sort -committerdate --format %(refname) %(objectname) %(*objectname) [16ms]
2025-02-05 16:45:08.144 [info] > git show --textconv :foundations/flex/06-flex-layout/style.css [50ms]
2025-02-05 16:45:08.153 [info] > git ls-files --stage -- /home/aehsan4004/odin-css-exercises/foundations/flex/06-flex-layout/style.css [13ms]
2025-02-05 16:45:08.211 [info] > git cat-file -s 3777aef335f04eedbc378875ec0d541fb62d849b [11ms]
2025-02-05 16:45:46.519 [info] > git show --textconv :foundations/flex/07-flex-layout-2/style.css [52ms]
2025-02-05 16:45:46.531 [info] > git ls-files --stage -- /home/aehsan4004/odin-css-exercises/foundations/flex/07-flex-layout-2/style.css [18ms]
2025-02-05 16:45:46.591 [info] > git cat-file -s 6caf04c79451489cc708102360331bdf31d6da98 [13ms]
2025-02-05 16:46:16.784 [info] > git show --textconv :foundations/flex/06-flex-layout/style.css [51ms]
2025-02-05 16:46:16.794 [info] > git ls-files --stage -- /home/aehsan4004/odin-css-exercises/foundations/flex/06-flex-layout/style.css [18ms]
2025-02-05 16:46:16.869 [info] > git cat-file -s 3777aef335f04eedbc378875ec0d541fb62d849b [18ms]
2025-02-05 16:49:32.807 [info] > git ls-files --stage -- /home/aehsan4004/odin-css-exercises/foundations/flex/07-flex-layout-2/style.css [64ms]
2025-02-05 16:49:32.885 [info] > git show --textconv :foundations/flex/07-flex-layout-2/style.css [213ms]
2025-02-05 16:49:32.905 [info] > git cat-file -s 6caf04c79451489cc708102360331bdf31d6da98 [24ms]
2025-02-05 16:51:30.372 [info] > git ls-files --stage -- /home/aehsan4004/odin-css-exercises/foundations/flex/06-flex-layout/style.css [12ms]
2025-02-05 16:51:30.419 [info] > git show --textconv :foundations/flex/06-flex-layout/style.css [102ms]
2025-02-05 16:51:30.429 [info] > git cat-file -s 3777aef335f04eedbc378875ec0d541fb62d849b [12ms]
2025-02-05 16:51:42.419 [info] > git show --textconv :foundations/flex/07-flex-layout-2/style.css [57ms]
2025-02-05 16:51:42.430 [info] > git ls-files --stage -- /home/aehsan4004/odin-css-exercises/foundations/flex/07-flex-layout-2/style.css [16ms]
2025-02-05 16:51:42.490 [info] > git cat-file -s 6caf04c79451489cc708102360331bdf31d6da98 [11ms]
2025-02-05 16:51:46.789 [info] > git show --textconv :foundations/flex/06-flex-layout/style.css [51ms]
2025-02-05 16:51:46.797 [info] > git ls-files --stage -- /home/aehsan4004/odin-css-exercises/foundations/flex/06-flex-layout/style.css [13ms]
2025-02-05 16:51:46.860 [info] > git cat-file -s 3777aef335f04eedbc378875ec0d541fb62d849b [14ms]
2025-02-05 16:52:05.523 [info] > git show --textconv :foundations/flex/07-flex-layout-2/style.css [53ms]
2025-02-05 16:52:05.532 [info] > git ls-files --stage -- /home/aehsan4004/odin-css-exercises/foundations/flex/07-flex-layout-2/style.css [13ms]
2025-02-05 16:52:05.588 [info] > git cat-file -s 6caf04c79451489cc708102360331bdf31d6da98 [14ms]
2025-02-05 16:52:22.367 [info] > git show --textconv :foundations/flex/07-flex-layout-2/README.md [57ms]
2025-02-05 16:52:22.381 [info] > git ls-files --stage -- /home/aehsan4004/odin-css-exercises/foundations/flex/07-flex-layout-2/README.md [21ms]
2025-02-05 16:52:22.446 [info] > git cat-file -s bde265c234c688d888d75b10303940589b88ba04 [15ms]
2025-02-05 16:52:27.383 [info] > git show --textconv :foundations/flex/07-flex-layout-2/index.html [52ms]
2025-02-05 16:52:27.402 [info] > git ls-files --stage -- /home/aehsan4004/odin-css-exercises/foundations/flex/07-flex-layout-2/index.html [27ms]
2025-02-05 16:52:27.512 [info] > git cat-file -s 85c1d0b75caed03383c60b7282620b592a3d5127 [65ms]
2025-02-05 16:54:00.393 [info] > git config --get commit.template [90ms]
2025-02-05 16:54:00.495 [info] > git for-each-ref --format=%(refname)%00%(upstream:short)%00%(objectname)%00%(upstream:track)%00%(upstream:remotename)%00%(upstream:remoteref) refs/heads/main refs/remotes/main [106ms]
2025-02-05 16:54:00.570 [warning] [Git][revParse] Unable to read file: ENOENT: no such file or directory, open '/home/aehsan4004/odin-css-exercises/.git/refs/remotes/origin/main'
2025-02-05 16:54:00.594 [info] > git rev-parse refs/remotes/origin/main [23ms]
2025-02-05 16:54:00.784 [info] > git for-each-ref --sort -committerdate --format %(refname) %(objectname) %(*objectname) [44ms]
2025-02-05 16:54:00.941 [info] > git status -z -uall [278ms]
2025-02-05 16:54:56.006 [info] > git config --get commit.template [69ms]
2025-02-05 16:54:56.019 [info] > git for-each-ref --format=%(refname)%00%(upstream:short)%00%(objectname)%00%(upstream:track)%00%(upstream:remotename)%00%(upstream:remoteref) refs/heads/main refs/remotes/main [18ms]
2025-02-05 16:54:56.079 [warning] [Git][revParse] Unable to read file: ENOENT: no such file or directory, open '/home/aehsan4004/odin-css-exercises/.git/refs/remotes/origin/main'
2025-02-05 16:54:56.089 [info] > git rev-parse refs/remotes/origin/main [11ms]
2025-02-05 16:54:56.238 [info] > git status -z -uall [90ms]
2025-02-05 16:54:56.251 [info] > git for-each-ref --sort -committerdate --format %(refname) %(objectname) %(*objectname) [19ms]
2025-02-05 16:55:31.520 [info] > git config --get commit.template [81ms]
2025-02-05 16:55:31.530 [info] > git for-each-ref --format=%(refname)%00%(upstream:short)%00%(objectname)%00%(upstream:track)%00%(upstream:remotename)%00%(upstream:remoteref) refs/heads/main refs/remotes/main [16ms]
2025-02-05 16:55:31.588 [warning] [Git][revParse] Unable to read file: ENOENT: no such file or directory, open '/home/aehsan4004/odin-css-exercises/.git/refs/remotes/origin/main'
2025-02-05 16:55:31.596 [info] > git rev-parse refs/remotes/origin/main [10ms]
2025-02-05 16:55:31.721 [info] > git status -z -uall [64ms]
2025-02-05 16:55:31.738 [info] > git for-each-ref --sort -committerdate --format %(refname) %(objectname) %(*objectname) [21ms]
2025-02-05 16:55:57.965 [info] > git config --get commit.template [60ms]
2025-02-05 16:55:57.978 [info] > git for-each-ref --format=%(refname)%00%(upstream:short)%00%(objectname)%00%(upstream:track)%00%(upstream:remotename)%00%(upstream:remoteref) refs/heads/main refs/remotes/main [17ms]
2025-02-05 16:55:58.038 [warning] [Git][revParse] Unable to read file: ENOENT: no such file or directory, open '/home/aehsan4004/odin-css-exercises/.git/refs/remotes/origin/main'
2025-02-05 16:55:58.049 [info] > git rev-parse refs/remotes/origin/main [11ms]
2025-02-05 16:55:58.197 [info] > git status -z -uall [88ms]
2025-02-05 16:55:58.211 [info] > git for-each-ref --sort -committerdate --format %(refname) %(objectname) %(*objectname) [25ms]
2025-02-05 16:56:08.443 [info] > git config --get commit.template [69ms]
2025-02-05 16:56:08.521 [info] > git for-each-ref --format=%(refname)%00%(upstream:short)%00%(objectname)%00%(upstream:track)%00%(upstream:remotename)%00%(upstream:remoteref) refs/heads/main refs/remotes/main [18ms]
2025-02-05 16:56:08.587 [warning] [Git][revParse] Unable to read file: ENOENT: no such file or directory, open '/home/aehsan4004/odin-css-exercises/.git/refs/remotes/origin/main'
2025-02-05 16:56:08.602 [info] > git rev-parse refs/remotes/origin/main [15ms]
2025-02-05 16:56:08.743 [info] > git status -z -uall [73ms]
2025-02-05 16:56:08.755 [info] > git for-each-ref --sort -committerdate --format %(refname) %(objectname) %(*objectname) [23ms]
2025-02-05 16:56:30.414 [info] > git show --textconv :foundations/flex/06-flex-layout/style.css [66ms]
2025-02-05 16:56:30.418 [info] > git ls-files --stage -- /home/aehsan4004/odin-css-exercises/foundations/flex/06-flex-layout/style.css [14ms]
2025-02-05 16:56:30.490 [info] > git cat-file -s 3777aef335f04eedbc378875ec0d541fb62d849b [13ms]
2025-02-05 16:57:14.734 [info] > git show --textconv :foundations/flex/07-flex-layout-2/style.css [58ms]
2025-02-05 16:57:14.742 [info] > git ls-files --stage -- /home/aehsan4004/odin-css-exercises/foundations/flex/07-flex-layout-2/style.css [13ms]
2025-02-05 16:57:14.813 [info] > git cat-file -s 6caf04c79451489cc708102360331bdf31d6da98 [12ms]
2025-02-05 16:57:30.772 [info] > git config --get commit.template [83ms]
2025-02-05 16:57:30.783 [info] > git for-each-ref --format=%(refname)%00%(upstream:short)%00%(objectname)%00%(upstream:track)%00%(upstream:remotename)%00%(upstream:remoteref) refs/heads/main refs/remotes/main [26ms]
2025-02-05 16:57:30.840 [warning] [Git][revParse] Unable to read file: ENOENT: no such file or directory, open '/home/aehsan4004/odin-css-exercises/.git/refs/remotes/origin/main'
2025-02-05 16:57:30.855 [info] > git rev-parse refs/remotes/origin/main [16ms]
2025-02-05 16:57:30.973 [info] > git status -z -uall [61ms]
2025-02-05 16:57:30.990 [info] > git for-each-ref --sort -committerdate --format %(refname) %(objectname) %(*objectname) [19ms]
2025-02-05 17:00:30.822 [info] > git config --get commit.template [72ms]
2025-02-05 17:00:30.834 [info] > git for-each-ref --format=%(refname)%00%(upstream:short)%00%(objectname)%00%(upstream:track)%00%(upstream:remotename)%00%(upstream:remoteref) refs/heads/main refs/remotes/main [17ms]
2025-02-05 17:00:30.897 [warning] [Git][revParse] Unable to read file: ENOENT: no such file or directory, open '/home/aehsan4004/odin-css-exercises/.git/refs/remotes/origin/main'
2025-02-05 17:00:30.909 [info] > git rev-parse refs/remotes/origin/main [12ms]
2025-02-05 17:00:31.041 [info] > git status -z -uall [72ms]
2025-02-05 17:00:31.059 [info] > git for-each-ref --sort -committerdate --format %(refname) %(objectname) %(*objectname) [24ms]
2025-02-05 17:00:58.618 [info] > git config --get commit.template [75ms]
2025-02-05 17:00:58.631 [info] > git for-each-ref --format=%(refname)%00%(upstream:short)%00%(objectname)%00%(upstream:track)%00%(upstream:remotename)%00%(upstream:remoteref) refs/heads/main refs/remotes/main [17ms]
2025-02-05 17:00:58.694 [warning] [Git][revParse] Unable to read file: ENOENT: no such file or directory, open '/home/aehsan4004/odin-css-exercises/.git/refs/remotes/origin/main'
2025-02-05 17:00:58.705 [info] > git rev-parse refs/remotes/origin/main [13ms]
2025-02-05 17:00:58.846 [info] > git status -z -uall [82ms]
2025-02-05 17:00:58.862 [info] > git for-each-ref --sort -committerdate --format %(refname) %(objectname) %(*objectname) [22ms]
2025-02-05 17:01:32.444 [info] > git config --get commit.template [90ms]
2025-02-05 17:01:32.459 [info] > git for-each-ref --format=%(refname)%00%(upstream:short)%00%(objectname)%00%(upstream:track)%00%(upstream:remotename)%00%(upstream:remoteref) refs/heads/main refs/remotes/main [19ms]
2025-02-05 17:01:32.519 [warning] [Git][revParse] Unable to read file: ENOENT: no such file or directory, open '/home/aehsan4004/odin-css-exercises/.git/refs/remotes/origin/main'
2025-02-05 17:01:32.534 [info] > git rev-parse refs/remotes/origin/main [16ms]
2025-02-05 17:01:32.683 [info] > git status -z -uall [87ms]
2025-02-05 17:01:32.714 [info] > git for-each-ref --sort -committerdate --format %(refname) %(objectname) %(*objectname) [48ms]
2025-02-05 17:01:56.844 [info] > git show --textconv :foundations/flex/07-flex-layout-2/README.md [65ms]
2025-02-05 17:01:56.855 [info] > git ls-files --stage -- /home/aehsan4004/odin-css-exercises/foundations/flex/07-flex-layout-2/README.md [19ms]
2025-02-05 17:01:56.926 [info] > git cat-file -s bde265c234c688d888d75b10303940589b88ba04 [21ms]
2025-02-05 17:03:12.742 [info] > git config --get commit.template [82ms]
2025-02-05 17:03:12.763 [info] > git for-each-ref --format=%(refname)%00%(upstream:short)%00%(objectname)%00%(upstream:track)%00%(upstream:remotename)%00%(upstream:remoteref) refs/heads/main refs/remotes/main [25ms]
2025-02-05 17:03:12.858 [warning] [Git][revParse] Unable to read file: ENOENT: no such file or directory, open '/home/aehsan4004/odin-css-exercises/.git/refs/remotes/origin/main'
2025-02-05 17:03:12.881 [info] > git rev-parse refs/remotes/origin/main [24ms]
2025-02-05 17:03:13.121 [info] > git status -z -uall [64ms]
2025-02-05 17:03:13.141 [info] > git for-each-ref --sort -committerdate --format %(refname) %(objectname) %(*objectname) [25ms]
2025-02-05 17:03:27.018 [info] > git config --get commit.template [73ms]
2025-02-05 17:03:27.078 [info] > git for-each-ref --format=%(refname)%00%(upstream:short)%00%(objectname)%00%(upstream:track)%00%(upstream:remotename)%00%(upstream:remoteref) refs/heads/main refs/remotes/main [64ms]
2025-02-05 17:03:27.144 [warning] [Git][revParse] Unable to read file: ENOENT: no such file or directory, open '/home/aehsan4004/odin-css-exercises/.git/refs/remotes/origin/main'
2025-02-05 17:03:27.158 [info] > git rev-parse refs/remotes/origin/main [14ms]
2025-02-05 17:03:27.464 [info] > git status -z -uall [161ms]
2025-02-05 17:03:27.491 [info] > git for-each-ref --sort -committerdate --format %(refname) %(objectname) %(*objectname) [31ms]
2025-02-05 17:04:03.441 [info] > git config --get commit.template [83ms]
2025-02-05 17:04:03.458 [info] > git for-each-ref --format=%(refname)%00%(upstream:short)%00%(objectname)%00%(upstream:track)%00%(upstream:remotename)%00%(upstream:remoteref) refs/heads/main refs/remotes/main [20ms]
2025-02-05 17:04:03.520 [warning] [Git][revParse] Unable to read file: ENOENT: no such file or directory, open '/home/aehsan4004/odin-css-exercises/.git/refs/remotes/origin/main'
2025-02-05 17:04:03.533 [info] > git rev-parse refs/remotes/origin/main [13ms]
2025-02-05 17:04:03.666 [info] > git status -z -uall [60ms]
2025-02-05 17:04:03.679 [info] > git for-each-ref --sort -committerdate --format %(refname) %(objectname) %(*objectname) [18ms]
2025-02-05 17:04:30.083 [info] > git show --textconv :foundations/flex/07-flex-layout-2/index.html [71ms]
2025-02-05 17:04:30.093 [info] > git ls-files --stage -- /home/aehsan4004/odin-css-exercises/foundations/flex/07-flex-layout-2/index.html [20ms]
2025-02-05 17:04:30.169 [info] > git cat-file -s 85c1d0b75caed03383c60b7282620b592a3d5127 [18ms]
2025-02-05 17:04:48.887 [info] > git check-ignore -v -z --stdin [53ms]
2025-02-05 17:04:50.884 [info] > git show --textconv :foundations/flex/07-flex-layout-2/solution/solution.css [57ms]
2025-02-05 17:04:50.892 [info] > git ls-files --stage -- /home/aehsan4004/odin-css-exercises/foundations/flex/07-flex-layout-2/solution/solution.css [14ms]
2025-02-05 17:04:50.957 [info] > git cat-file -s f7dc683d54756333091cb4bf15efff8147d8018c [13ms]
2025-02-05 17:04:54.423 [info] > git show --textconv :foundations/flex/07-flex-layout-2/solution/solution.html [79ms]
2025-02-05 17:04:54.435 [info] > git ls-files --stage -- /home/aehsan4004/odin-css-exercises/foundations/flex/07-flex-layout-2/solution/solution.html [17ms]
2025-02-05 17:04:54.508 [info] > git cat-file -s 93efd68b3e37b0c5a5527beb0c853d0f68e1d838 [16ms]
2025-02-05 17:04:56.500 [info] > git blame --root --incremental fe95b463284982516875bda0dc888fd869a69c94 -- /home/aehsan4004/odin-css-exercises/foundations/flex/07-flex-layout-2/solution/solution.html [349ms]
2025-02-05 17:05:01.818 [info] > git show --textconv :foundations/flex/07-flex-layout-2/README.md [68ms]
2025-02-05 17:05:01.837 [info] > git ls-files --stage -- /home/aehsan4004/odin-css-exercises/foundations/flex/07-flex-layout-2/README.md [25ms]
2025-02-05 17:05:01.902 [info] > git cat-file -s bde265c234c688d888d75b10303940589b88ba04 [14ms]
2025-02-05 17:05:06.214 [info] > git show --textconv :foundations/flex/07-flex-layout-2/solution/solution.css [57ms]
2025-02-05 17:05:06.226 [info] > git ls-files --stage -- /home/aehsan4004/odin-css-exercises/foundations/flex/07-flex-layout-2/solution/solution.css [17ms]
2025-02-05 17:05:06.299 [info] > git cat-file -s f7dc683d54756333091cb4bf15efff8147d8018c [16ms]
2025-02-05 17:05:07.267 [info] > git blame --root --incremental fe95b463284982516875bda0dc888fd869a69c94 -- /home/aehsan4004/odin-css-exercises/foundations/flex/07-flex-layout-2/solution/solution.css [26ms]
2025-02-05 17:05:58.585 [info] > git config --get commit.template [109ms]
2025-02-05 17:05:58.650 [info] > git for-each-ref --format=%(refname)%00%(upstream:short)%00%(objectname)%00%(upstream:track)%00%(upstream:remotename)%00%(upstream:remoteref) refs/heads/main refs/remotes/main [67ms]
2025-02-05 17:05:58.715 [warning] [Git][revParse] Unable to read file: ENOENT: no such file or directory, open '/home/aehsan4004/odin-css-exercises/.git/refs/remotes/origin/main'
2025-02-05 17:05:58.727 [info] > git rev-parse refs/remotes/origin/main [13ms]
2025-02-05 17:05:58.838 [info] > git status -z -uall [56ms]
2025-02-05 17:05:58.851 [info] > git for-each-ref --sort -committerdate --format %(refname) %(objectname) %(*objectname) [17ms]
2025-02-05 17:06:25.791 [info] > git config --get commit.template [83ms]
2025-02-05 17:06:25.804 [info] > git for-each-ref --format=%(refname)%00%(upstream:short)%00%(objectname)%00%(upstream:track)%00%(upstream:remotename)%00%(upstream:remoteref) refs/heads/main refs/remotes/main [16ms]
2025-02-05 17:06:25.864 [warning] [Git][revParse] Unable to read file: ENOENT: no such file or directory, open '/home/aehsan4004/odin-css-exercises/.git/refs/remotes/origin/main'
2025-02-05 17:06:25.878 [info] > git rev-parse refs/remotes/origin/main [13ms]
2025-02-05 17:06:26.012 [info] > git status -z -uall [72ms]
2025-02-05 17:06:26.034 [info] > git for-each-ref --sort -committerdate --format %(refname) %(objectname) %(*objectname) [24ms]
2025-02-05 17:07:02.913 [info] > git config --get commit.template [76ms]
2025-02-05 17:07:02.979 [info] > git for-each-ref --format=%(refname)%00%(upstream:short)%00%(objectname)%00%(upstream:track)%00%(upstream:remotename)%00%(upstream:remoteref) refs/heads/main refs/remotes/main [72ms]
2025-02-05 17:07:03.046 [warning] [Git][revParse] Unable to read file: ENOENT: no such file or directory, open '/home/aehsan4004/odin-css-exercises/.git/refs/remotes/origin/main'
2025-02-05 17:07:03.058 [info] > git rev-parse refs/remotes/origin/main [12ms]
2025-02-05 17:07:03.217 [info] > git status -z -uall [101ms]
2025-02-05 17:07:03.238 [info] > git for-each-ref --sort -committerdate --format %(refname) %(objectname) %(*objectname) [26ms]
2025-02-05 17:07:40.432 [info] > git show --textconv :foundations/flex/07-flex-layout-2/solution/solution.html [60ms]
2025-02-05 17:07:40.444 [info] > git ls-files --stage -- /home/aehsan4004/odin-css-exercises/foundations/flex/07-flex-layout-2/solution/solution.html [17ms]
2025-02-05 17:07:40.507 [info] > git cat-file -s 93efd68b3e37b0c5a5527beb0c853d0f68e1d838 [10ms]
2025-02-05 17:07:52.718 [info] > git show --textconv :foundations/flex/07-flex-layout-2/style.css [71ms]
2025-02-05 17:07:52.732 [info] > git ls-files --stage -- /home/aehsan4004/odin-css-exercises/foundations/flex/07-flex-layout-2/style.css [19ms]
2025-02-05 17:07:52.812 [info] > git cat-file -s 6caf04c79451489cc708102360331bdf31d6da98 [17ms]
2025-02-05 17:08:06.074 [info] > git show --textconv :foundations/flex/07-flex-layout-2/README.md [53ms]
2025-02-05 17:08:06.092 [info] > git ls-files --stage -- /home/aehsan4004/odin-css-exercises/foundations/flex/07-flex-layout-2/README.md [27ms]
2025-02-05 17:08:06.180 [info] > git cat-file -s bde265c234c688d888d75b10303940589b88ba04 [25ms]
