2025-02-10 13:36:38.480 [info] [main] Log level: Info
2025-02-10 13:36:38.481 [info] [main] Validating found git in: "git"
2025-02-10 13:36:39.261 [info] [main] Using git "2.34.1" from "git"
2025-02-10 13:36:39.261 [info] [Model][doInitialScan] Initial repository scan started
2025-02-10 13:36:40.502 [info] > git rev-parse --show-toplevel [507ms]
2025-02-10 13:36:40.502 [info] fatal: not a git repository (or any of the parent directories): .git
2025-02-10 13:36:41.102 [info] > git rev-parse --show-toplevel [473ms]
2025-02-10 13:36:42.247 [info] > git rev-parse --git-dir --git-common-dir [11ms]
2025-02-10 13:36:42.289 [info] [Model][openRepository] Opened repository: /home/aehsan4004/odinlandpage
2025-02-10 13:36:43.083 [info] > git config --get commit.template [735ms]
2025-02-10 13:36:43.093 [info] > git rev-parse --show-toplevel [352ms]
2025-02-10 13:36:43.093 [info] fatal: not a git repository (or any of the parent directories): .git
2025-02-10 13:36:43.470 [info] > git rev-parse --show-toplevel [163ms]
2025-02-10 13:36:43.470 [info] fatal: not a git repository (or any of the parent directories): .git
2025-02-10 13:36:43.778 [info] > git rev-parse --show-toplevel [29ms]
2025-02-10 13:36:43.779 [info] fatal: not a git repository (or any of the parent directories): .git
2025-02-10 13:36:43.916 [info] > git check-ignore -v -z --stdin [453ms]
2025-02-10 13:36:43.924 [info] > git rev-parse --show-toplevel [10ms]
2025-02-10 13:36:43.924 [info] fatal: not a git repository (or any of the parent directories): .git
2025-02-10 13:36:43.979 [info] > git rev-parse --show-toplevel [13ms]
2025-02-10 13:36:43.979 [info] fatal: not a git repository (or any of the parent directories): .git
2025-02-10 13:36:44.117 [info] > git rev-parse --show-toplevel [61ms]
2025-02-10 13:36:44.190 [info] > git rev-parse --git-dir --git-common-dir [33ms]
2025-02-10 13:36:44.207 [info] [Model][openRepository] Opened repository: /home/aehsan4004/git_test
2025-02-10 13:36:44.355 [info] > git config --get commit.template [74ms]
2025-02-10 13:36:44.356 [info] > git for-each-ref --format=%(refname)%00%(upstream:short)%00%(objectname)%00%(upstream:track)%00%(upstream:remotename)%00%(upstream:remoteref) refs/heads/main refs/remotes/main [1189ms]
2025-02-10 13:36:44.419 [warning] [Git][revParse] Unable to read file: ENOENT: no such file or directory, open '/home/aehsan4004/odinlandpage/.git/refs/remotes/origin/main'
2025-02-10 13:36:44.526 [info] > git rev-parse refs/remotes/origin/main [107ms]
2025-02-10 13:36:44.913 [info] > git rev-parse --show-toplevel [577ms]
2025-02-10 13:36:45.382 [info] > git status -z -uall [741ms]
2025-02-10 13:36:45.382 [info] > git check-ignore -v -z --stdin [300ms]
2025-02-10 13:36:45.384 [info] > git check-ignore -v -z --stdin [212ms]
2025-02-10 13:36:45.387 [info] > git for-each-ref --sort -committerdate --format %(refname) %(objectname) %(*objectname) [480ms]
2025-02-10 13:36:46.268 [info] > git for-each-ref --format=%(refname)%00%(upstream:short)%00%(objectname)%00%(upstream:track)%00%(upstream:remotename)%00%(upstream:remoteref) refs/heads/main refs/remotes/main [1801ms]
2025-02-10 13:36:46.403 [info] > git for-each-ref --format=%(refname)%00%(upstream:short)%00%(objectname)%00%(upstream:track)%00%(upstream:remotename)%00%(upstream:remoteref) refs/heads/main refs/remotes/main [144ms]
2025-02-10 13:36:46.464 [info] > git rev-parse --git-dir --git-common-dir [1098ms]
2025-02-10 13:36:46.477 [info] [Model][openRepository] Opened repository: /home/aehsan4004/odin-css-exercises
2025-02-10 13:36:46.579 [info] > git config --get --local branch.main.vscode-merge-base [117ms]
2025-02-10 13:36:46.628 [info] > git config --get commit.template [240ms]
2025-02-10 13:36:46.644 [info] > git rev-parse --show-toplevel [71ms]
2025-02-10 13:36:46.646 [info] > git config --get commit.template [113ms]
2025-02-10 13:36:46.872 [info] > git for-each-ref --format=%(refname)%00%(upstream:short)%00%(objectname)%00%(upstream:track)%00%(upstream:remotename)%00%(upstream:remoteref) refs/heads/origin/main refs/remotes/origin/main [246ms]
2025-02-10 13:36:47.011 [info] > git status -z -uall [269ms]
2025-02-10 13:36:47.015 [info] > git rev-parse --git-dir --git-common-dir [179ms]
2025-02-10 13:36:47.041 [info] [Model][openRepository] Opened repository: /home/aehsan4004/odin-recipes
2025-02-10 13:36:47.044 [info] > git for-each-ref --sort -committerdate --format %(refname) %(objectname) %(*objectname) [259ms]
2025-02-10 13:36:47.105 [info] > git for-each-ref --format=%(refname)%00%(upstream:short)%00%(objectname)%00%(upstream:track)%00%(upstream:remotename)%00%(upstream:remoteref) refs/heads/main refs/remotes/main [420ms]
2025-02-10 13:36:47.434 [warning] [Git][revParse] Unable to read file: ENOENT: no such file or directory, open '/home/aehsan4004/odinlandpage/.git/refs/remotes/origin/main'
2025-02-10 13:36:47.439 [info] > git merge-base refs/heads/main refs/remotes/origin/main [523ms]
2025-02-10 13:36:47.991 [info] > git check-ignore -v -z --stdin [153ms]
2025-02-10 13:36:47.993 [info] > git check-ignore -v -z --stdin [28ms]
2025-02-10 13:36:48.028 [info] > git diff --name-status -z --diff-filter=ADMR 24a2521b1efe9745ebceb5fdf9988caf09eaca52...refs/remotes/origin/main [547ms]
2025-02-10 13:36:48.032 [info] > git rev-parse refs/remotes/origin/main [598ms]
2025-02-10 13:36:48.181 [info] > git config --get commit.template [798ms]
2025-02-10 13:36:48.182 [info] > git rev-parse --show-toplevel [975ms]
2025-02-10 13:36:48.182 [info] fatal: not a git repository (or any of the parent directories): .git
2025-02-10 13:36:48.204 [info] [Model][doInitialScan] Initial repository scan completed - repositories (4), closed repositories (0), parent repositories (0), unsafe repositories (0)
2025-02-10 13:36:48.412 [info] > git config --get commit.template [1250ms]
2025-02-10 13:36:48.413 [info] > git for-each-ref --format=%(refname)%00%(upstream:short)%00%(objectname)%00%(upstream:track)%00%(upstream:remotename)%00%(upstream:remoteref) refs/heads/main refs/remotes/main [1316ms]
2025-02-10 13:36:48.840 [info] > git check-ignore -v -z --stdin [931ms]
2025-02-10 13:36:48.842 [info] > git status -z -uall [727ms]
2025-02-10 13:36:48.842 [info] > git show --textconv :index.html [579ms]
2025-02-10 13:36:48.842 [info] > git check-ignore -v -z --stdin [213ms]
2025-02-10 13:36:48.843 [info] > git check-ignore -v -z --stdin [158ms]
2025-02-10 13:36:48.844 [info] > git check-ignore -v -z --stdin [112ms]
2025-02-10 13:36:48.844 [info] > git check-ignore -v -z --stdin [63ms]
2025-02-10 13:36:48.849 [info] > git config --get --local branch.main.vscode-merge-base [359ms]
2025-02-10 13:36:48.928 [info] > git ls-files --stage -- /home/aehsan4004/odinlandpage/index.html [518ms]
2025-02-10 13:36:49.437 [info] > git for-each-ref --sort -committerdate --format %(refname) %(objectname) %(*objectname) [1258ms]
2025-02-10 13:36:49.455 [info] > git for-each-ref --format=%(refname)%00%(upstream:short)%00%(objectname)%00%(upstream:track)%00%(upstream:remotename)%00%(upstream:remoteref) refs/heads/main refs/remotes/main [2463ms]
2025-02-10 13:36:49.609 [warning] [Git][revParse] Unable to read file: ENOENT: no such file or directory, open '/home/aehsan4004/odin-css-exercises/.git/refs/remotes/origin/main'
2025-02-10 13:36:49.619 [info] > git hash-object -t tree /dev/null [183ms]
2025-02-10 13:36:49.619 [warning] [GitFileSystemProvider][readFile] File not found - git:/home/aehsan4004/odinlandpage/index.html.git?%7B%22path%22%3A%22%2Fhome%2Faehsan4004%2Fodinlandpage%2Findex.html%22%2C%22ref%22%3A%22%22%7D
2025-02-10 13:36:49.625 [info] > git hash-object -t tree /dev/null [287ms]
2025-02-10 13:36:49.625 [warning] [GitFileSystemProvider][stat] File not found - git:/home/aehsan4004/odinlandpage/index.html.git?%7B%22path%22%3A%22%2Fhome%2Faehsan4004%2Fodinlandpage%2Findex.html%22%2C%22ref%22%3A%22%22%7D
2025-02-10 13:36:49.625 [info] > git for-each-ref --format=%(refname)%00%(upstream:short)%00%(objectname)%00%(upstream:track)%00%(upstream:remotename)%00%(upstream:remoteref) refs/heads/origin/main refs/remotes/origin/main [699ms]
2025-02-10 13:36:49.693 [info] > git rev-parse refs/remotes/origin/main [84ms]
2025-02-10 13:36:49.843 [info] > git for-each-ref --format=%(refname)%00%(upstream:short)%00%(objectname)%00%(upstream:track)%00%(upstream:remotename)%00%(upstream:remoteref) refs/heads/main refs/remotes/main [280ms]
2025-02-10 13:36:49.849 [info] > git merge-base refs/heads/main refs/remotes/origin/main [180ms]
2025-02-10 13:36:49.905 [info] > git for-each-ref --sort -committerdate --format %(refname) %(objectname) %(*objectname) [66ms]
2025-02-10 13:36:50.017 [info] > git status -z -uall [55ms]
2025-02-10 13:36:50.019 [info] > git diff --name-status -z --diff-filter=ADMR 58c9de176d840f196e1ac985610f970ffb238b60...refs/remotes/origin/main [119ms]
2025-02-10 13:36:50.030 [info] > git for-each-ref --sort -committerdate --format %(refname) %(objectname) %(*objectname) [18ms]
2025-02-10 13:36:50.289 [info] > git for-each-ref --format=%(refname)%00%(upstream:short)%00%(objectname)%00%(upstream:track)%00%(upstream:remotename)%00%(upstream:remoteref) refs/heads/main refs/remotes/main [774ms]
2025-02-10 13:36:50.376 [warning] [Git][revParse] Unable to read file: ENOENT: no such file or directory, open '/home/aehsan4004/odin-recipes/.git/refs/remotes/origin/main'
2025-02-10 13:36:50.390 [info] > git rev-parse refs/remotes/origin/main [15ms]
2025-02-10 13:36:50.734 [info] > git for-each-ref --sort -committerdate --format %(refname) %(objectname) %(*objectname) [125ms]
2025-02-10 13:36:50.866 [info] > git status -z -uall [399ms]
2025-02-10 13:36:51.019 [info] > git for-each-ref --format=%(refname)%00%(upstream:short)%00%(objectname)%00%(upstream:track)%00%(upstream:remotename)%00%(upstream:remoteref) refs/heads/main refs/remotes/main [65ms]
2025-02-10 13:36:51.066 [info] > git config --get commit.template [51ms]
2025-02-10 13:36:51.126 [info] > git config --get --local branch.main.vscode-merge-base [66ms]
2025-02-10 13:36:51.192 [info] > git for-each-ref --format=%(refname)%00%(upstream:short)%00%(objectname)%00%(upstream:track)%00%(upstream:remotename)%00%(upstream:remoteref) refs/heads/main refs/remotes/main [75ms]
2025-02-10 13:36:51.235 [warning] [Git][revParse] Unable to read file: ENOENT: no such file or directory, open '/home/aehsan4004/odin-recipes/.git/refs/remotes/origin/main'
2025-02-10 13:36:51.239 [info] > git for-each-ref --format=%(refname)%00%(upstream:short)%00%(objectname)%00%(upstream:track)%00%(upstream:remotename)%00%(upstream:remoteref) refs/heads/origin/main refs/remotes/origin/main [52ms]
2025-02-10 13:36:51.287 [info] > git rev-parse refs/remotes/origin/main [51ms]
2025-02-10 13:36:51.373 [info] > git status -z -uall [47ms]
2025-02-10 13:36:51.375 [info] > git merge-base refs/heads/main refs/remotes/origin/main [93ms]
2025-02-10 13:36:51.424 [info] > git for-each-ref --sort -committerdate --format %(refname) %(objectname) %(*objectname) [57ms]
2025-02-10 13:36:51.514 [info] > git diff --name-status -z --diff-filter=ADMR 7e69e1b5789c64ce45bb39c07d6f81af4d5cc28e...refs/remotes/origin/main [98ms]
2025-02-10 13:36:51.524 [info] > git merge-base refs/heads/main refs/remotes/origin/main [17ms]
2025-02-10 13:36:51.577 [info] > git diff --name-status -z --diff-filter=ADMR 7e69e1b5789c64ce45bb39c07d6f81af4d5cc28e...refs/remotes/origin/main [13ms]
2025-02-10 13:36:54.061 [info] > git status -z -uall [4282ms]
2025-02-10 13:36:54.224 [info] > git config --get commit.template [47ms]
2025-02-10 13:36:54.224 [info] > git for-each-ref --format=%(refname)%00%(upstream:short)%00%(objectname)%00%(upstream:track)%00%(upstream:remotename)%00%(upstream:remoteref) refs/heads/main refs/remotes/main [106ms]
2025-02-10 13:36:54.321 [info] > git config --get --local branch.main.vscode-merge-base [52ms]
2025-02-10 13:36:54.376 [info] > git for-each-ref --format=%(refname)%00%(upstream:short)%00%(objectname)%00%(upstream:track)%00%(upstream:remotename)%00%(upstream:remoteref) refs/heads/main refs/remotes/main [59ms]
2025-02-10 13:36:54.437 [warning] [Git][revParse] Unable to read file: ENOENT: no such file or directory, open '/home/aehsan4004/odin-css-exercises/.git/refs/remotes/origin/main'
2025-02-10 13:36:54.440 [info] > git for-each-ref --format=%(refname)%00%(upstream:short)%00%(objectname)%00%(upstream:track)%00%(upstream:remotename)%00%(upstream:remoteref) refs/heads/origin/main refs/remotes/origin/main [69ms]
2025-02-10 13:36:54.499 [info] > git rev-parse refs/remotes/origin/main [63ms]
2025-02-10 13:36:54.599 [info] > git status -z -uall [57ms]
2025-02-10 13:36:54.602 [info] > git merge-base refs/heads/main refs/remotes/origin/main [108ms]
2025-02-10 13:36:54.653 [info] > git for-each-ref --sort -committerdate --format %(refname) %(objectname) %(*objectname) [61ms]
2025-02-10 13:36:54.726 [info] > git diff --name-status -z --diff-filter=ADMR fe95b463284982516875bda0dc888fd869a69c94...refs/remotes/origin/main [77ms]
2025-02-10 13:36:54.787 [info] > git merge-base refs/heads/main refs/remotes/origin/main [70ms]
2025-02-10 13:36:54.857 [info] > git diff --name-status -z --diff-filter=ADMR fe95b463284982516875bda0dc888fd869a69c94...refs/remotes/origin/main [14ms]
2025-02-10 13:47:13.565 [info] > git check-ignore -v -z --stdin [133ms]
2025-02-10 13:47:16.162 [info] > git check-ignore -v -z --stdin [17ms]
2025-02-10 13:47:18.272 [info] > git check-ignore -v -z --stdin [18ms]
2025-02-10 13:47:20.919 [info] > git ls-files --stage -- /home/aehsan4004/odin-css-exercises/foundations/flex/07-flex-layout-2/style.css [34ms]
2025-02-10 13:47:20.982 [info] > git show --textconv :foundations/flex/07-flex-layout-2/style.css [184ms]
2025-02-10 13:47:20.996 [info] > git cat-file -s 6caf04c79451489cc708102360331bdf31d6da98 [18ms]
2025-02-10 13:47:21.589 [info] > git blame --root --incremental fe95b463284982516875bda0dc888fd869a69c94 -- /home/aehsan4004/odin-css-exercises/foundations/flex/07-flex-layout-2/style.css [229ms]
2025-02-10 13:49:51.641 [info] > git config --get commit.template [107ms]
2025-02-10 13:49:51.714 [info] > git for-each-ref --format=%(refname)%00%(upstream:short)%00%(objectname)%00%(upstream:track)%00%(upstream:remotename)%00%(upstream:remoteref) refs/heads/main refs/remotes/main [79ms]
2025-02-10 13:49:51.771 [warning] [Git][revParse] Unable to read file: ENOENT: no such file or directory, open '/home/aehsan4004/odinlandpage/.git/refs/remotes/origin/main'
2025-02-10 13:49:51.787 [info] > git rev-parse refs/remotes/origin/main [17ms]
2025-02-10 13:49:51.885 [info] > git status -z -uall [50ms]
2025-02-10 13:49:51.907 [info] > git for-each-ref --sort -committerdate --format %(refname) %(objectname) %(*objectname) [27ms]
2025-02-10 13:59:08.318 [info] > git config --get commit.template [120ms]
2025-02-10 13:59:08.400 [info] > git for-each-ref --format=%(refname)%00%(upstream:short)%00%(objectname)%00%(upstream:track)%00%(upstream:remotename)%00%(upstream:remoteref) refs/heads/main refs/remotes/main [88ms]
2025-02-10 13:59:08.462 [warning] [Git][revParse] Unable to read file: ENOENT: no such file or directory, open '/home/aehsan4004/odinlandpage/.git/refs/remotes/origin/main'
2025-02-10 13:59:08.486 [info] > git rev-parse refs/remotes/origin/main [24ms]
2025-02-10 13:59:08.788 [info] > git status -z -uall [132ms]
2025-02-10 13:59:08.803 [info] > git for-each-ref --sort -committerdate --format %(refname) %(objectname) %(*objectname) [21ms]
2025-02-10 13:59:34.557 [info] > git config --get commit.template [59ms]
2025-02-10 13:59:34.578 [info] > git for-each-ref --format=%(refname)%00%(upstream:short)%00%(objectname)%00%(upstream:track)%00%(upstream:remotename)%00%(upstream:remoteref) refs/heads/main refs/remotes/main [26ms]
2025-02-10 13:59:34.631 [warning] [Git][revParse] Unable to read file: ENOENT: no such file or directory, open '/home/aehsan4004/odinlandpage/.git/refs/remotes/origin/main'
2025-02-10 13:59:34.646 [info] > git rev-parse refs/remotes/origin/main [14ms]
2025-02-10 13:59:34.747 [info] > git status -z -uall [53ms]
2025-02-10 13:59:34.760 [info] > git for-each-ref --sort -committerdate --format %(refname) %(objectname) %(*objectname) [18ms]
2025-02-10 14:05:23.162 [info] > git config --get commit.template [65ms]
2025-02-10 14:05:23.172 [info] > git for-each-ref --format=%(refname)%00%(upstream:short)%00%(objectname)%00%(upstream:track)%00%(upstream:remotename)%00%(upstream:remoteref) refs/heads/main refs/remotes/main [13ms]
2025-02-10 14:05:23.213 [warning] [Git][revParse] Unable to read file: ENOENT: no such file or directory, open '/home/aehsan4004/odinlandpage/.git/refs/remotes/origin/main'
2025-02-10 14:05:23.222 [info] > git rev-parse refs/remotes/origin/main [8ms]
2025-02-10 14:05:23.326 [info] > git status -z -uall [55ms]
2025-02-10 14:05:23.337 [info] > git for-each-ref --sort -committerdate --format %(refname) %(objectname) %(*objectname) [16ms]
2025-02-10 14:05:28.510 [info] > git config --get commit.template [64ms]
2025-02-10 14:05:28.521 [info] > git for-each-ref --format=%(refname)%00%(upstream:short)%00%(objectname)%00%(upstream:track)%00%(upstream:remotename)%00%(upstream:remoteref) refs/heads/main refs/remotes/main [14ms]
2025-02-10 14:05:28.577 [warning] [Git][revParse] Unable to read file: ENOENT: no such file or directory, open '/home/aehsan4004/odinlandpage/.git/refs/remotes/origin/main'
2025-02-10 14:05:28.581 [info] > git rev-parse refs/remotes/origin/main [4ms]
2025-02-10 14:05:28.710 [info] > git status -z -uall [79ms]
2025-02-10 14:05:28.725 [info] > git for-each-ref --sort -committerdate --format %(refname) %(objectname) %(*objectname) [21ms]
2025-02-10 14:05:41.870 [info] > git config --get commit.template [54ms]
2025-02-10 14:05:41.883 [info] > git for-each-ref --format=%(refname)%00%(upstream:short)%00%(objectname)%00%(upstream:track)%00%(upstream:remotename)%00%(upstream:remoteref) refs/heads/main refs/remotes/main [16ms]
2025-02-10 14:05:41.933 [warning] [Git][revParse] Unable to read file: ENOENT: no such file or directory, open '/home/aehsan4004/odinlandpage/.git/refs/remotes/origin/main'
2025-02-10 14:05:41.943 [info] > git rev-parse refs/remotes/origin/main [11ms]
2025-02-10 14:05:42.050 [info] > git status -z -uall [59ms]
2025-02-10 14:05:42.073 [info] > git for-each-ref --sort -committerdate --format %(refname) %(objectname) %(*objectname) [27ms]
2025-02-10 14:11:15.726 [info] > git config --get commit.template [55ms]
2025-02-10 14:11:15.738 [info] > git for-each-ref --format=%(refname)%00%(upstream:short)%00%(objectname)%00%(upstream:track)%00%(upstream:remotename)%00%(upstream:remoteref) refs/heads/main refs/remotes/main [14ms]
2025-02-10 14:11:15.789 [warning] [Git][revParse] Unable to read file: ENOENT: no such file or directory, open '/home/aehsan4004/odinlandpage/.git/refs/remotes/origin/main'
2025-02-10 14:11:15.800 [info] > git rev-parse refs/remotes/origin/main [11ms]
2025-02-10 14:11:15.904 [info] > git status -z -uall [52ms]
2025-02-10 14:11:15.931 [info] > git for-each-ref --sort -committerdate --format %(refname) %(objectname) %(*objectname) [28ms]
2025-02-10 14:11:58.788 [info] > git config --get commit.template [69ms]
2025-02-10 14:11:58.811 [info] > git for-each-ref --format=%(refname)%00%(upstream:short)%00%(objectname)%00%(upstream:track)%00%(upstream:remotename)%00%(upstream:remoteref) refs/heads/main refs/remotes/main [28ms]
2025-02-10 14:11:58.882 [warning] [Git][revParse] Unable to read file: ENOENT: no such file or directory, open '/home/aehsan4004/odinlandpage/.git/refs/remotes/origin/main'
2025-02-10 14:11:58.897 [info] > git rev-parse refs/remotes/origin/main [16ms]
2025-02-10 14:11:59.013 [info] > git status -z -uall [59ms]
2025-02-10 14:11:59.028 [info] > git for-each-ref --sort -committerdate --format %(refname) %(objectname) %(*objectname) [18ms]
2025-02-10 14:12:21.412 [info] > git config --get commit.template [72ms]
2025-02-10 14:12:21.424 [info] > git for-each-ref --format=%(refname)%00%(upstream:short)%00%(objectname)%00%(upstream:track)%00%(upstream:remotename)%00%(upstream:remoteref) refs/heads/main refs/remotes/main [14ms]
2025-02-10 14:12:21.476 [warning] [Git][revParse] Unable to read file: ENOENT: no such file or directory, open '/home/aehsan4004/odinlandpage/.git/refs/remotes/origin/main'
2025-02-10 14:12:21.485 [info] > git rev-parse refs/remotes/origin/main [9ms]
2025-02-10 14:12:21.606 [info] > git status -z -uall [60ms]
2025-02-10 14:12:21.621 [info] > git for-each-ref --sort -committerdate --format %(refname) %(objectname) %(*objectname) [18ms]
2025-02-10 14:17:20.446 [info] > git config --get commit.template [78ms]
2025-02-10 14:17:20.484 [info] > git for-each-ref --format=%(refname)%00%(upstream:short)%00%(objectname)%00%(upstream:track)%00%(upstream:remotename)%00%(upstream:remoteref) refs/heads/main refs/remotes/main [45ms]
2025-02-10 14:17:20.546 [warning] [Git][revParse] Unable to read file: ENOENT: no such file or directory, open '/home/aehsan4004/odinlandpage/.git/refs/remotes/origin/main'
2025-02-10 14:17:20.699 [info] > git rev-parse refs/remotes/origin/main [154ms]
2025-02-10 14:17:20.836 [info] > git status -z -uall [59ms]
2025-02-10 14:17:20.845 [info] > git for-each-ref --sort -committerdate --format %(refname) %(objectname) %(*objectname) [18ms]
2025-02-10 14:17:50.601 [info] > git config --get commit.template [57ms]
2025-02-10 14:17:50.613 [info] > git for-each-ref --format=%(refname)%00%(upstream:short)%00%(objectname)%00%(upstream:track)%00%(upstream:remotename)%00%(upstream:remoteref) refs/heads/main refs/remotes/main [14ms]
2025-02-10 14:17:50.666 [warning] [Git][revParse] Unable to read file: ENOENT: no such file or directory, open '/home/aehsan4004/odinlandpage/.git/refs/remotes/origin/main'
2025-02-10 14:17:50.676 [info] > git rev-parse refs/remotes/origin/main [10ms]
2025-02-10 14:17:50.803 [info] > git status -z -uall [76ms]
2025-02-10 14:17:50.819 [info] > git for-each-ref --sort -committerdate --format %(refname) %(objectname) %(*objectname) [18ms]
2025-02-10 14:23:25.988 [info] > git config --get commit.template [81ms]
2025-02-10 14:23:26.034 [info] > git for-each-ref --format=%(refname)%00%(upstream:short)%00%(objectname)%00%(upstream:track)%00%(upstream:remotename)%00%(upstream:remoteref) refs/heads/main refs/remotes/main [59ms]
2025-02-10 14:23:26.100 [warning] [Git][revParse] Unable to read file: ENOENT: no such file or directory, open '/home/aehsan4004/odinlandpage/.git/refs/remotes/origin/main'
2025-02-10 14:23:26.130 [info] > git rev-parse refs/remotes/origin/main [30ms]
2025-02-10 14:23:26.245 [info] > git status -z -uall [55ms]
2025-02-10 14:23:26.258 [info] > git for-each-ref --sort -committerdate --format %(refname) %(objectname) %(*objectname) [16ms]
2025-02-10 14:27:48.521 [info] > git config --get commit.template [79ms]
2025-02-10 14:27:48.538 [info] > git for-each-ref --format=%(refname)%00%(upstream:short)%00%(objectname)%00%(upstream:track)%00%(upstream:remotename)%00%(upstream:remoteref) refs/heads/main refs/remotes/main [23ms]
2025-02-10 14:27:48.591 [warning] [Git][revParse] Unable to read file: ENOENT: no such file or directory, open '/home/aehsan4004/odinlandpage/.git/refs/remotes/origin/main'
2025-02-10 14:27:48.600 [info] > git rev-parse refs/remotes/origin/main [9ms]
2025-02-10 14:27:48.741 [info] > git status -z -uall [87ms]
2025-02-10 14:27:48.760 [info] > git for-each-ref --sort -committerdate --format %(refname) %(objectname) %(*objectname) [22ms]
2025-02-10 14:30:57.231 [info] > git config --get commit.template [150ms]
2025-02-10 14:30:57.257 [info] > git for-each-ref --format=%(refname)%00%(upstream:short)%00%(objectname)%00%(upstream:track)%00%(upstream:remotename)%00%(upstream:remoteref) refs/heads/main refs/remotes/main [40ms]
2025-02-10 14:30:57.316 [warning] [Git][revParse] Unable to read file: ENOENT: no such file or directory, open '/home/aehsan4004/odinlandpage/.git/refs/remotes/origin/main'
2025-02-10 14:30:57.326 [info] > git rev-parse refs/remotes/origin/main [10ms]
2025-02-10 14:30:57.427 [info] > git status -z -uall [54ms]
2025-02-10 14:30:57.440 [info] > git for-each-ref --sort -committerdate --format %(refname) %(objectname) %(*objectname) [15ms]
2025-02-10 14:32:16.203 [info] > git config --get commit.template [58ms]
2025-02-10 14:32:16.214 [info] > git for-each-ref --format=%(refname)%00%(upstream:short)%00%(objectname)%00%(upstream:track)%00%(upstream:remotename)%00%(upstream:remoteref) refs/heads/main refs/remotes/main [15ms]
2025-02-10 14:32:16.271 [warning] [Git][revParse] Unable to read file: ENOENT: no such file or directory, open '/home/aehsan4004/odinlandpage/.git/refs/remotes/origin/main'
2025-02-10 14:32:16.278 [info] > git rev-parse refs/remotes/origin/main [12ms]
2025-02-10 14:32:16.387 [info] > git status -z -uall [60ms]
2025-02-10 14:32:16.403 [info] > git for-each-ref --sort -committerdate --format %(refname) %(objectname) %(*objectname) [20ms]
2025-02-10 14:32:55.391 [info] > git config --get commit.template [71ms]
2025-02-10 14:32:55.407 [info] > git for-each-ref --format=%(refname)%00%(upstream:short)%00%(objectname)%00%(upstream:track)%00%(upstream:remotename)%00%(upstream:remoteref) refs/heads/main refs/remotes/main [19ms]
2025-02-10 14:32:55.466 [warning] [Git][revParse] Unable to read file: ENOENT: no such file or directory, open '/home/aehsan4004/odinlandpage/.git/refs/remotes/origin/main'
2025-02-10 14:32:55.478 [info] > git rev-parse refs/remotes/origin/main [12ms]
2025-02-10 14:32:55.597 [info] > git status -z -uall [64ms]
2025-02-10 14:32:55.612 [info] > git for-each-ref --sort -committerdate --format %(refname) %(objectname) %(*objectname) [20ms]
2025-02-10 14:33:25.478 [info] > git config --get commit.template [64ms]
2025-02-10 14:33:25.491 [info] > git for-each-ref --format=%(refname)%00%(upstream:short)%00%(objectname)%00%(upstream:track)%00%(upstream:remotename)%00%(upstream:remoteref) refs/heads/main refs/remotes/main [17ms]
2025-02-10 14:33:25.543 [warning] [Git][revParse] Unable to read file: ENOENT: no such file or directory, open '/home/aehsan4004/odinlandpage/.git/refs/remotes/origin/main'
2025-02-10 14:33:25.558 [info] > git rev-parse refs/remotes/origin/main [14ms]
2025-02-10 14:33:25.661 [info] > git status -z -uall [55ms]
2025-02-10 14:33:25.674 [info] > git for-each-ref --sort -committerdate --format %(refname) %(objectname) %(*objectname) [16ms]
2025-02-10 14:37:28.452 [info] > git config --get commit.template [94ms]
2025-02-10 14:37:28.470 [info] > git for-each-ref --format=%(refname)%00%(upstream:short)%00%(objectname)%00%(upstream:track)%00%(upstream:remotename)%00%(upstream:remoteref) refs/heads/main refs/remotes/main [22ms]
2025-02-10 14:37:28.525 [warning] [Git][revParse] Unable to read file: ENOENT: no such file or directory, open '/home/aehsan4004/odinlandpage/.git/refs/remotes/origin/main'
2025-02-10 14:37:28.539 [info] > git rev-parse refs/remotes/origin/main [13ms]
2025-02-10 14:37:28.643 [info] > git status -z -uall [52ms]
2025-02-10 14:37:28.657 [info] > git for-each-ref --sort -committerdate --format %(refname) %(objectname) %(*objectname) [16ms]
2025-02-10 14:47:10.636 [info] > git config --get commit.template [64ms]
2025-02-10 14:47:10.647 [info] > git for-each-ref --format=%(refname)%00%(upstream:short)%00%(objectname)%00%(upstream:track)%00%(upstream:remotename)%00%(upstream:remoteref) refs/heads/main refs/remotes/main [14ms]
2025-02-10 14:47:10.704 [warning] [Git][revParse] Unable to read file: ENOENT: no such file or directory, open '/home/aehsan4004/odinlandpage/.git/refs/remotes/origin/main'
2025-02-10 14:47:10.714 [info] > git rev-parse refs/remotes/origin/main [11ms]
2025-02-10 14:47:10.836 [info] > git status -z -uall [69ms]
2025-02-10 14:47:10.853 [info] > git for-each-ref --sort -committerdate --format %(refname) %(objectname) %(*objectname) [22ms]
2025-02-10 14:47:45.730 [info] > git config --get commit.template [83ms]
2025-02-10 14:47:45.745 [info] > git for-each-ref --format=%(refname)%00%(upstream:short)%00%(objectname)%00%(upstream:track)%00%(upstream:remotename)%00%(upstream:remoteref) refs/heads/main refs/remotes/main [20ms]
2025-02-10 14:47:45.803 [warning] [Git][revParse] Unable to read file: ENOENT: no such file or directory, open '/home/aehsan4004/odinlandpage/.git/refs/remotes/origin/main'
2025-02-10 14:47:45.812 [info] > git rev-parse refs/remotes/origin/main [8ms]
2025-02-10 14:47:45.925 [info] > git status -z -uall [63ms]
2025-02-10 14:47:45.944 [info] > git for-each-ref --sort -committerdate --format %(refname) %(objectname) %(*objectname) [21ms]
2025-02-10 14:50:03.943 [info] > git config --get commit.template [72ms]
2025-02-10 14:50:03.956 [info] > git for-each-ref --format=%(refname)%00%(upstream:short)%00%(objectname)%00%(upstream:track)%00%(upstream:remotename)%00%(upstream:remoteref) refs/heads/main refs/remotes/main [17ms]
2025-02-10 14:50:04.009 [warning] [Git][revParse] Unable to read file: ENOENT: no such file or directory, open '/home/aehsan4004/odinlandpage/.git/refs/remotes/origin/main'
2025-02-10 14:50:04.018 [info] > git rev-parse refs/remotes/origin/main [10ms]
2025-02-10 14:50:04.123 [info] > git status -z -uall [54ms]
2025-02-10 14:50:04.136 [info] > git for-each-ref --sort -committerdate --format %(refname) %(objectname) %(*objectname) [16ms]
2025-02-10 14:52:41.029 [info] > git config --get commit.template [58ms]
2025-02-10 14:52:41.039 [info] > git for-each-ref --format=%(refname)%00%(upstream:short)%00%(objectname)%00%(upstream:track)%00%(upstream:remotename)%00%(upstream:remoteref) refs/heads/main refs/remotes/main [13ms]
2025-02-10 14:52:41.089 [warning] [Git][revParse] Unable to read file: ENOENT: no such file or directory, open '/home/aehsan4004/odinlandpage/.git/refs/remotes/origin/main'
2025-02-10 14:52:41.097 [info] > git rev-parse refs/remotes/origin/main [9ms]
2025-02-10 14:52:41.203 [info] > git status -z -uall [56ms]
2025-02-10 14:52:41.219 [info] > git for-each-ref --sort -committerdate --format %(refname) %(objectname) %(*objectname) [19ms]
2025-02-10 14:53:44.175 [info] > git config --get commit.template [86ms]
2025-02-10 14:53:44.199 [info] > git for-each-ref --format=%(refname)%00%(upstream:short)%00%(objectname)%00%(upstream:track)%00%(upstream:remotename)%00%(upstream:remoteref) refs/heads/main refs/remotes/main [29ms]
2025-02-10 14:53:44.285 [warning] [Git][revParse] Unable to read file: ENOENT: no such file or directory, open '/home/aehsan4004/odinlandpage/.git/refs/remotes/origin/main'
2025-02-10 14:53:44.310 [info] > git rev-parse refs/remotes/origin/main [24ms]
2025-02-10 14:53:44.428 [info] > git status -z -uall [60ms]
2025-02-10 14:53:44.503 [info] > git for-each-ref --sort -committerdate --format %(refname) %(objectname) %(*objectname) [79ms]
2025-02-10 14:54:40.307 [info] > git config --get commit.template [123ms]
2025-02-10 14:54:40.330 [info] > git for-each-ref --format=%(refname)%00%(upstream:short)%00%(objectname)%00%(upstream:track)%00%(upstream:remotename)%00%(upstream:remoteref) refs/heads/main refs/remotes/main [32ms]
2025-02-10 14:54:40.385 [warning] [Git][revParse] Unable to read file: ENOENT: no such file or directory, open '/home/aehsan4004/odinlandpage/.git/refs/remotes/origin/main'
2025-02-10 14:54:40.403 [info] > git rev-parse refs/remotes/origin/main [19ms]
2025-02-10 14:54:40.528 [info] > git status -z -uall [65ms]
2025-02-10 14:54:40.545 [info] > git for-each-ref --sort -committerdate --format %(refname) %(objectname) %(*objectname) [22ms]
2025-02-10 15:14:33.451 [info] > git config --get commit.template [14ms]
2025-02-10 15:14:33.516 [info] > git for-each-ref --format=%(refname)%00%(upstream:short)%00%(objectname)%00%(upstream:track)%00%(upstream:remotename)%00%(upstream:remoteref) refs/heads/main refs/remotes/main [18ms]
2025-02-10 15:14:33.569 [warning] [Git][revParse] Unable to read file: ENOENT: no such file or directory, open '/home/aehsan4004/odinlandpage/.git/refs/remotes/origin/main'
2025-02-10 15:14:33.582 [info] > git rev-parse refs/remotes/origin/main [14ms]
2025-02-10 15:14:33.693 [info] > git status -z -uall [58ms]
2025-02-10 15:14:33.709 [info] > git for-each-ref --sort -committerdate --format %(refname) %(objectname) %(*objectname) [22ms]
2025-02-10 15:15:44.769 [info] > git config --get commit.template [95ms]
2025-02-10 15:15:44.786 [info] > git for-each-ref --format=%(refname)%00%(upstream:short)%00%(objectname)%00%(upstream:track)%00%(upstream:remotename)%00%(upstream:remoteref) refs/heads/main refs/remotes/main [22ms]
2025-02-10 15:15:44.878 [warning] [Git][revParse] Unable to read file: ENOENT: no such file or directory, open '/home/aehsan4004/odinlandpage/.git/refs/remotes/origin/main'
2025-02-10 15:15:44.898 [info] > git rev-parse refs/remotes/origin/main [20ms]
2025-02-10 15:15:45.097 [info] > git status -z -uall [138ms]
2025-02-10 15:15:45.114 [info] > git for-each-ref --sort -committerdate --format %(refname) %(objectname) %(*objectname) [20ms]
2025-02-10 15:16:26.421 [info] > git config --get commit.template [75ms]
2025-02-10 15:16:26.436 [info] > git for-each-ref --format=%(refname)%00%(upstream:short)%00%(objectname)%00%(upstream:track)%00%(upstream:remotename)%00%(upstream:remoteref) refs/heads/main refs/remotes/main [18ms]
2025-02-10 15:16:26.513 [warning] [Git][revParse] Unable to read file: ENOENT: no such file or directory, open '/home/aehsan4004/odinlandpage/.git/refs/remotes/origin/main'
2025-02-10 15:16:26.529 [info] > git rev-parse refs/remotes/origin/main [16ms]
2025-02-10 15:16:26.663 [info] > git status -z -uall [65ms]
2025-02-10 15:16:26.679 [info] > git for-each-ref --sort -committerdate --format %(refname) %(objectname) %(*objectname) [20ms]
2025-02-10 15:16:58.913 [info] > git config --get commit.template [62ms]
2025-02-10 15:16:58.924 [info] > git for-each-ref --format=%(refname)%00%(upstream:short)%00%(objectname)%00%(upstream:track)%00%(upstream:remotename)%00%(upstream:remoteref) refs/heads/main refs/remotes/main [18ms]
2025-02-10 15:16:58.970 [warning] [Git][revParse] Unable to read file: ENOENT: no such file or directory, open '/home/aehsan4004/odinlandpage/.git/refs/remotes/origin/main'
2025-02-10 15:16:58.984 [info] > git rev-parse refs/remotes/origin/main [14ms]
2025-02-10 15:16:59.088 [info] > git status -z -uall [48ms]
2025-02-10 15:16:59.101 [info] > git for-each-ref --sort -committerdate --format %(refname) %(objectname) %(*objectname) [15ms]
2025-02-10 15:17:56.683 [info] > git config --get commit.template [137ms]
2025-02-10 15:17:56.708 [info] > git for-each-ref --format=%(refname)%00%(upstream:short)%00%(objectname)%00%(upstream:track)%00%(upstream:remotename)%00%(upstream:remoteref) refs/heads/main refs/remotes/main [33ms]
2025-02-10 15:17:56.778 [warning] [Git][revParse] Unable to read file: ENOENT: no such file or directory, open '/home/aehsan4004/odinlandpage/.git/refs/remotes/origin/main'
2025-02-10 15:17:56.790 [info] > git rev-parse refs/remotes/origin/main [13ms]
2025-02-10 15:17:56.905 [info] > git status -z -uall [61ms]
2025-02-10 15:17:56.918 [info] > git for-each-ref --sort -committerdate --format %(refname) %(objectname) %(*objectname) [16ms]
2025-02-10 15:18:43.430 [info] > git config --get commit.template [89ms]
2025-02-10 15:18:43.451 [info] > git for-each-ref --format=%(refname)%00%(upstream:short)%00%(objectname)%00%(upstream:track)%00%(upstream:remotename)%00%(upstream:remoteref) refs/heads/main refs/remotes/main [26ms]
2025-02-10 15:18:43.513 [warning] [Git][revParse] Unable to read file: ENOENT: no such file or directory, open '/home/aehsan4004/odinlandpage/.git/refs/remotes/origin/main'
2025-02-10 15:18:43.541 [info] > git rev-parse refs/remotes/origin/main [28ms]
2025-02-10 15:18:43.675 [info] > git status -z -uall [61ms]
2025-02-10 15:18:43.686 [info] > git for-each-ref --sort -committerdate --format %(refname) %(objectname) %(*objectname) [17ms]
2025-02-10 15:19:27.279 [info] > git config --get commit.template [75ms]
2025-02-10 15:19:27.294 [info] > git for-each-ref --format=%(refname)%00%(upstream:short)%00%(objectname)%00%(upstream:track)%00%(upstream:remotename)%00%(upstream:remoteref) refs/heads/main refs/remotes/main [18ms]
2025-02-10 15:19:27.347 [warning] [Git][revParse] Unable to read file: ENOENT: no such file or directory, open '/home/aehsan4004/odinlandpage/.git/refs/remotes/origin/main'
2025-02-10 15:19:27.357 [info] > git rev-parse refs/remotes/origin/main [11ms]
2025-02-10 15:19:27.471 [info] > git status -z -uall [57ms]
2025-02-10 15:19:27.481 [info] > git for-each-ref --sort -committerdate --format %(refname) %(objectname) %(*objectname) [18ms]
2025-02-10 15:19:37.199 [info] > git config --get commit.template [90ms]
2025-02-10 15:19:37.222 [info] > git for-each-ref --format=%(refname)%00%(upstream:short)%00%(objectname)%00%(upstream:track)%00%(upstream:remotename)%00%(upstream:remoteref) refs/heads/main refs/remotes/main [27ms]
2025-02-10 15:19:37.292 [warning] [Git][revParse] Unable to read file: ENOENT: no such file or directory, open '/home/aehsan4004/odinlandpage/.git/refs/remotes/origin/main'
2025-02-10 15:19:37.308 [info] > git rev-parse refs/remotes/origin/main [16ms]
2025-02-10 15:19:37.470 [info] > git status -z -uall [83ms]
2025-02-10 15:19:37.498 [info] > git for-each-ref --sort -committerdate --format %(refname) %(objectname) %(*objectname) [33ms]
2025-02-10 15:21:47.618 [info] > git config --get commit.template [71ms]
2025-02-10 15:21:47.633 [info] > git for-each-ref --format=%(refname)%00%(upstream:short)%00%(objectname)%00%(upstream:track)%00%(upstream:remotename)%00%(upstream:remoteref) refs/heads/main refs/remotes/main [19ms]
2025-02-10 15:21:47.690 [warning] [Git][revParse] Unable to read file: ENOENT: no such file or directory, open '/home/aehsan4004/odinlandpage/.git/refs/remotes/origin/main'
2025-02-10 15:21:47.702 [info] > git rev-parse refs/remotes/origin/main [11ms]
2025-02-10 15:21:47.823 [info] > git status -z -uall [65ms]
2025-02-10 15:21:47.839 [info] > git for-each-ref --sort -committerdate --format %(refname) %(objectname) %(*objectname) [22ms]
2025-02-10 15:24:37.252 [info] > git config --get commit.template [77ms]
2025-02-10 15:24:37.278 [info] > git for-each-ref --format=%(refname)%00%(upstream:short)%00%(objectname)%00%(upstream:track)%00%(upstream:remotename)%00%(upstream:remoteref) refs/heads/main refs/remotes/main [29ms]
2025-02-10 15:24:37.341 [warning] [Git][revParse] Unable to read file: ENOENT: no such file or directory, open '/home/aehsan4004/odinlandpage/.git/refs/remotes/origin/main'
2025-02-10 15:24:37.351 [info] > git rev-parse refs/remotes/origin/main [10ms]
2025-02-10 15:24:37.480 [info] > git status -z -uall [71ms]
2025-02-10 15:24:37.493 [info] > git for-each-ref --sort -committerdate --format %(refname) %(objectname) %(*objectname) [16ms]
2025-02-10 15:25:05.752 [info] > git config --get commit.template [53ms]
2025-02-10 15:25:05.766 [info] > git for-each-ref --format=%(refname)%00%(upstream:short)%00%(objectname)%00%(upstream:track)%00%(upstream:remotename)%00%(upstream:remoteref) refs/heads/main refs/remotes/main [17ms]
2025-02-10 15:25:05.822 [warning] [Git][revParse] Unable to read file: ENOENT: no such file or directory, open '/home/aehsan4004/odinlandpage/.git/refs/remotes/origin/main'
2025-02-10 15:25:05.833 [info] > git rev-parse refs/remotes/origin/main [11ms]
2025-02-10 15:25:05.946 [info] > git status -z -uall [53ms]
2025-02-10 15:25:05.959 [info] > git for-each-ref --sort -committerdate --format %(refname) %(objectname) %(*objectname) [15ms]
2025-02-10 15:26:36.930 [info] > git config --get commit.template [82ms]
2025-02-10 15:26:36.940 [info] > git for-each-ref --format=%(refname)%00%(upstream:short)%00%(objectname)%00%(upstream:track)%00%(upstream:remotename)%00%(upstream:remoteref) refs/heads/main refs/remotes/main [13ms]
2025-02-10 15:26:36.989 [warning] [Git][revParse] Unable to read file: ENOENT: no such file or directory, open '/home/aehsan4004/odinlandpage/.git/refs/remotes/origin/main'
2025-02-10 15:26:37.000 [info] > git rev-parse refs/remotes/origin/main [11ms]
2025-02-10 15:26:37.112 [info] > git status -z -uall [59ms]
2025-02-10 15:26:37.124 [info] > git for-each-ref --sort -committerdate --format %(refname) %(objectname) %(*objectname) [16ms]
2025-02-10 15:29:10.727 [info] > git config --get commit.template [65ms]
2025-02-10 15:29:10.737 [info] > git for-each-ref --format=%(refname)%00%(upstream:short)%00%(objectname)%00%(upstream:track)%00%(upstream:remotename)%00%(upstream:remoteref) refs/heads/main refs/remotes/main [13ms]
2025-02-10 15:29:10.781 [warning] [Git][revParse] Unable to read file: ENOENT: no such file or directory, open '/home/aehsan4004/odinlandpage/.git/refs/remotes/origin/main'
2025-02-10 15:29:10.790 [info] > git rev-parse refs/remotes/origin/main [9ms]
2025-02-10 15:29:10.892 [info] > git status -z -uall [49ms]
2025-02-10 15:29:10.909 [info] > git for-each-ref --sort -committerdate --format %(refname) %(objectname) %(*objectname) [18ms]
2025-02-10 15:43:44.321 [info] > git config --get commit.template [74ms]
2025-02-10 15:43:44.335 [info] > git for-each-ref --format=%(refname)%00%(upstream:short)%00%(objectname)%00%(upstream:track)%00%(upstream:remotename)%00%(upstream:remoteref) refs/heads/main refs/remotes/main [17ms]
2025-02-10 15:43:44.385 [warning] [Git][revParse] Unable to read file: ENOENT: no such file or directory, open '/home/aehsan4004/odinlandpage/.git/refs/remotes/origin/main'
2025-02-10 15:43:44.396 [info] > git rev-parse refs/remotes/origin/main [11ms]
2025-02-10 15:43:44.518 [info] > git status -z -uall [66ms]
2025-02-10 15:43:44.528 [info] > git for-each-ref --sort -committerdate --format %(refname) %(objectname) %(*objectname) [15ms]
2025-02-10 15:57:33.742 [info] > git config --get commit.template [162ms]
2025-02-10 15:57:33.821 [info] > git for-each-ref --format=%(refname)%00%(upstream:short)%00%(objectname)%00%(upstream:track)%00%(upstream:remotename)%00%(upstream:remoteref) refs/heads/main refs/remotes/main [89ms]
2025-02-10 15:57:33.895 [warning] [Git][revParse] Unable to read file: ENOENT: no such file or directory, open '/home/aehsan4004/odinlandpage/.git/refs/remotes/origin/main'
2025-02-10 15:57:33.920 [info] > git rev-parse refs/remotes/origin/main [24ms]
2025-02-10 15:57:34.051 [info] > git status -z -uall [66ms]
2025-02-10 15:57:34.066 [info] > git for-each-ref --sort -committerdate --format %(refname) %(objectname) %(*objectname) [17ms]
