2025-02-04 16:16:15.473 [info] [main] Log level: Info
2025-02-04 16:16:15.473 [info] [main] Validating found git in: "git"
2025-02-04 16:16:16.080 [info] [main] Using git "2.34.1" from "git"
2025-02-04 16:16:16.080 [info] [Model][doInitialScan] Initial repository scan started
2025-02-04 16:16:16.869 [info] > git rev-parse --show-toplevel [89ms]
2025-02-04 16:16:16.869 [info] fatal: not a git repository (or any of the parent directories): .git
2025-02-04 16:16:16.939 [info] > git rev-parse --show-toplevel [8ms]
2025-02-04 16:16:16.939 [info] fatal: not a git repository (or any of the parent directories): .git
2025-02-04 16:16:17.039 [info] > git rev-parse --show-toplevel [17ms]
2025-02-04 16:16:17.054 [info] fatal: not a git repository (or any of the parent directories): .git
2025-02-04 16:16:17.157 [info] > git rev-parse --show-toplevel [19ms]
2025-02-04 16:16:17.157 [info] fatal: not a git repository (or any of the parent directories): .git
2025-02-04 16:16:17.231 [info] > git rev-parse --show-toplevel [18ms]
2025-02-04 16:16:17.232 [info] fatal: not a git repository (or any of the parent directories): .git
2025-02-04 16:16:17.283 [info] > git rev-parse --show-toplevel [9ms]
2025-02-04 16:16:17.283 [info] fatal: not a git repository (or any of the parent directories): .git
2025-02-04 16:16:17.486 [info] > git rev-parse --show-toplevel [158ms]
2025-02-04 16:16:17.590 [info] > git rev-parse --git-dir --git-common-dir [14ms]
2025-02-04 16:16:17.626 [info] [Model][openRepository] Opened repository: /home/aehsan4004/git_test
2025-02-04 16:16:18.383 [info] > git config --get commit.template [686ms]
2025-02-04 16:16:18.509 [info] > git rev-parse --show-toplevel [755ms]
2025-02-04 16:16:18.629 [info] > git check-ignore -v -z --stdin [183ms]
2025-02-04 16:16:18.633 [info] > git rev-parse --git-dir --git-common-dir [37ms]
2025-02-04 16:16:18.654 [info] [Model][openRepository] Opened repository: /home/aehsan4004/odin-css-exercises
2025-02-04 16:16:18.904 [info] > git rev-parse --show-toplevel [118ms]
2025-02-04 16:16:18.976 [info] > git config --get commit.template [87ms]
2025-02-04 16:16:19.164 [info] > git for-each-ref --format=%(refname)%00%(upstream:short)%00%(objectname)%00%(upstream:track)%00%(upstream:remotename)%00%(upstream:remoteref) refs/heads/main refs/remotes/main [607ms]
2025-02-04 16:16:19.177 [info] > git rev-parse --git-dir --git-common-dir [205ms]
2025-02-04 16:16:19.207 [info] [Model][openRepository] Opened repository: /home/aehsan4004/odin-recipes
2025-02-04 16:16:19.353 [info] > git config --get commit.template [61ms]
2025-02-04 16:16:19.482 [info] > git rev-parse --show-toplevel [148ms]
2025-02-04 16:16:19.482 [info] fatal: not a git repository (or any of the parent directories): .git
2025-02-04 16:16:19.495 [info] [Model][doInitialScan] Initial repository scan completed - repositories (3), closed repositories (0), parent repositories (0), unsafe repositories (0)
2025-02-04 16:16:19.627 [info] > git status -z -uall [229ms]
2025-02-04 16:16:19.627 [info] > git check-ignore -v -z --stdin [91ms]
2025-02-04 16:16:19.631 [info] > git check-ignore -v -z --stdin [52ms]
2025-02-04 16:16:19.633 [info] > git for-each-ref --sort -committerdate --format %(refname) %(objectname) %(*objectname) [157ms]
2025-02-04 16:16:19.707 [info] > git for-each-ref --format=%(refname)%00%(upstream:short)%00%(objectname)%00%(upstream:track)%00%(upstream:remotename)%00%(upstream:remoteref) refs/heads/main refs/remotes/main [551ms]
2025-02-04 16:16:19.792 [warning] [Git][revParse] Unable to read file: ENOENT: no such file or directory, open '/home/aehsan4004/odin-css-exercises/.git/refs/remotes/origin/main'
2025-02-04 16:16:19.801 [info] > git config --get commit.template [45ms]
2025-02-04 16:16:19.801 [info] > git for-each-ref --format=%(refname)%00%(upstream:short)%00%(objectname)%00%(upstream:track)%00%(upstream:remotename)%00%(upstream:remoteref) refs/heads/main refs/remotes/main [107ms]
2025-02-04 16:16:19.845 [info] > git for-each-ref --format=%(refname)%00%(upstream:short)%00%(objectname)%00%(upstream:track)%00%(upstream:remotename)%00%(upstream:remoteref) refs/heads/main refs/remotes/main [221ms]
2025-02-04 16:16:19.882 [warning] [Git][revParse] Unable to read file: ENOENT: no such file or directory, open '/home/aehsan4004/odin-recipes/.git/refs/remotes/origin/main'
2025-02-04 16:16:19.886 [info] > git rev-parse refs/remotes/origin/main [95ms]
2025-02-04 16:16:20.015 [info] > git rev-parse refs/remotes/origin/main [133ms]
2025-02-04 16:16:20.105 [info] > git config --local branch.main.vscode-merge-base [262ms]
2025-02-04 16:16:20.160 [info] > git status -z -uall [104ms]
2025-02-04 16:16:20.161 [info] > git for-each-ref --sort -committerdate --format %(refname) %(objectname) %(*objectname) [57ms]
2025-02-04 16:16:20.217 [info] > git for-each-ref --format=%(refname)%00%(upstream:short)%00%(objectname)%00%(upstream:track)%00%(upstream:remotename)%00%(upstream:remoteref) refs/heads/main refs/remotes/main [206ms]
2025-02-04 16:16:20.218 [info] > git for-each-ref --sort -committerdate --format %(refname) %(objectname) %(*objectname) [245ms]
2025-02-04 16:16:20.268 [info] > git for-each-ref --format=%(refname)%00%(upstream:short)%00%(objectname)%00%(upstream:track)%00%(upstream:remotename)%00%(upstream:remoteref) refs/heads/origin/main refs/remotes/origin/main [115ms]
2025-02-04 16:16:22.802 [info] > git merge-base refs/heads/main refs/remotes/origin/main [2492ms]
2025-02-04 16:16:22.877 [info] > git config --get commit.template [2615ms]
2025-02-04 16:16:22.878 [info] > git for-each-ref --format=%(refname)%00%(upstream:short)%00%(objectname)%00%(upstream:track)%00%(upstream:remotename)%00%(upstream:remoteref) refs/heads/main refs/remotes/main [2667ms]
2025-02-04 16:16:22.975 [info] > git diff --name-status -z --diff-filter=ADMR 58c9de176d840f196e1ac985610f970ffb238b60...refs/remotes/origin/main [99ms]
2025-02-04 16:16:23.134 [info] > git status -z -uall [56ms]
2025-02-04 16:16:23.136 [info] > git for-each-ref --format=%(refname)%00%(upstream:short)%00%(objectname)%00%(upstream:track)%00%(upstream:remotename)%00%(upstream:remoteref) refs/heads/main refs/remotes/main [102ms]
2025-02-04 16:16:23.137 [info] > git config --local branch.main.vscode-merge-base [179ms]
2025-02-04 16:16:23.226 [warning] [Git][revParse] Unable to read file: ENOENT: no such file or directory, open '/home/aehsan4004/odin-recipes/.git/refs/remotes/origin/main'
2025-02-04 16:16:23.231 [info] > git for-each-ref --sort -committerdate --format %(refname) %(objectname) %(*objectname) [104ms]
2025-02-04 16:16:23.242 [info] > git rev-parse refs/remotes/origin/main [16ms]
2025-02-04 16:16:23.334 [info] > git for-each-ref --format=%(refname)%00%(upstream:short)%00%(objectname)%00%(upstream:track)%00%(upstream:remotename)%00%(upstream:remoteref) refs/heads/origin/main refs/remotes/origin/main [153ms]
2025-02-04 16:16:23.392 [info] > git status -z -uall [104ms]
2025-02-04 16:16:23.393 [info] > git for-each-ref --sort -committerdate --format %(refname) %(objectname) %(*objectname) [61ms]
2025-02-04 16:16:23.451 [info] > git merge-base refs/heads/main refs/remotes/origin/main [67ms]
2025-02-04 16:16:23.504 [info] > git merge-base refs/heads/main refs/remotes/origin/main [62ms]
2025-02-04 16:16:23.559 [info] > git diff --name-status -z --diff-filter=ADMR 7e69e1b5789c64ce45bb39c07d6f81af4d5cc28e...refs/remotes/origin/main [61ms]
2025-02-04 16:16:23.571 [info] > git diff --name-status -z --diff-filter=ADMR 7e69e1b5789c64ce45bb39c07d6f81af4d5cc28e...refs/remotes/origin/main [18ms]
2025-02-04 16:16:23.723 [info] > git status -z -uall [3796ms]
2025-02-04 16:16:23.863 [info] > git config --get commit.template [43ms]
2025-02-04 16:16:23.863 [info] > git for-each-ref --format=%(refname)%00%(upstream:short)%00%(objectname)%00%(upstream:track)%00%(upstream:remotename)%00%(upstream:remoteref) refs/heads/main refs/remotes/main [91ms]
2025-02-04 16:16:23.940 [info] > git config --local branch.main.vscode-merge-base [21ms]
2025-02-04 16:16:24.026 [info] > git for-each-ref --format=%(refname)%00%(upstream:short)%00%(objectname)%00%(upstream:track)%00%(upstream:remotename)%00%(upstream:remoteref) refs/heads/origin/main refs/remotes/origin/main [49ms]
2025-02-04 16:16:24.069 [info] > git for-each-ref --format=%(refname)%00%(upstream:short)%00%(objectname)%00%(upstream:track)%00%(upstream:remotename)%00%(upstream:remoteref) refs/heads/main refs/remotes/main [48ms]
2025-02-04 16:16:24.109 [warning] [Git][revParse] Unable to read file: ENOENT: no such file or directory, open '/home/aehsan4004/odin-css-exercises/.git/refs/remotes/origin/main'
2025-02-04 16:16:24.114 [info] > git merge-base refs/heads/main refs/remotes/origin/main [49ms]
2025-02-04 16:16:24.295 [info] > git rev-parse refs/remotes/origin/main [186ms]
2025-02-04 16:16:24.386 [info] > git status -z -uall [47ms]
2025-02-04 16:16:24.388 [info] > git diff --name-status -z --diff-filter=ADMR fe95b463284982516875bda0dc888fd869a69c94...refs/remotes/origin/main [231ms]
2025-02-04 16:16:24.581 [info] > git for-each-ref --sort -committerdate --format %(refname) %(objectname) %(*objectname) [201ms]
2025-02-04 16:22:21.485 [info] > git check-ignore -v -z --stdin [14ms]
2025-02-04 16:22:25.021 [info] > git check-ignore -v -z --stdin [15ms]
2025-02-04 16:22:27.406 [info] > git check-ignore -v -z --stdin [19ms]
2025-02-04 16:34:55.489 [info] > git check-ignore -v -z --stdin [126ms]
2025-02-04 16:35:05.600 [info] > git ls-files --stage -- /home/aehsan4004/odin-css-exercises/foundations/flex/01-flex-center/style.css [234ms]
2025-02-04 16:35:05.994 [info] > git cat-file -s e35feacd28d05dde88ba136acfb42d654978007f [147ms]
2025-02-04 16:35:06.102 [info] > git show --textconv :foundations/flex/01-flex-center/style.css [826ms]
2025-02-04 16:35:16.218 [info] > git show --textconv :foundations/flex/01-flex-center/README.md [66ms]
2025-02-04 16:35:16.247 [info] > git ls-files --stage -- /home/aehsan4004/odin-css-exercises/foundations/flex/01-flex-center/README.md [37ms]
2025-02-04 16:35:16.313 [info] > git cat-file -s 56cbbb6ac26f63dca21449e39736893927fe38f3 [16ms]
2025-02-04 16:35:37.186 [info] > git show --textconv :foundations/flex/01-flex-center/index.html [78ms]
2025-02-04 16:35:37.207 [info] > git ls-files --stage -- /home/aehsan4004/odin-css-exercises/foundations/flex/01-flex-center/index.html [32ms]
2025-02-04 16:35:37.296 [info] > git cat-file -s 440bf5c5c320b993da208c05672f77a027dd319e [16ms]
2025-02-04 16:35:45.232 [info] > git show --textconv :foundations/flex/01-flex-center/index.html [53ms]
2025-02-04 16:35:45.239 [info] > git ls-files --stage -- /home/aehsan4004/odin-css-exercises/foundations/flex/01-flex-center/index.html [13ms]
2025-02-04 16:35:45.309 [info] > git cat-file -s 440bf5c5c320b993da208c05672f77a027dd319e [11ms]
2025-02-04 16:35:59.314 [info] > git show --textconv :foundations/flex/01-flex-center/README.md [54ms]
2025-02-04 16:35:59.323 [info] > git ls-files --stage -- /home/aehsan4004/odin-css-exercises/foundations/flex/01-flex-center/README.md [15ms]
2025-02-04 16:35:59.384 [info] > git cat-file -s 56cbbb6ac26f63dca21449e39736893927fe38f3 [13ms]
2025-02-04 16:38:40.414 [info] > git blame --root --incremental fe95b463284982516875bda0dc888fd869a69c94 -- /home/aehsan4004/odin-css-exercises/foundations/flex/01-flex-center/style.css [689ms]
2025-02-04 16:38:53.081 [info] > git config --get commit.template [94ms]
2025-02-04 16:38:53.141 [info] > git for-each-ref --format=%(refname)%00%(upstream:short)%00%(objectname)%00%(upstream:track)%00%(upstream:remotename)%00%(upstream:remoteref) refs/heads/main refs/remotes/main [71ms]
2025-02-04 16:38:53.237 [warning] [Git][revParse] Unable to read file: ENOENT: no such file or directory, open '/home/aehsan4004/odin-css-exercises/.git/refs/remotes/origin/main'
2025-02-04 16:38:53.300 [info] > git rev-parse refs/remotes/origin/main [63ms]
2025-02-04 16:38:53.657 [info] > git for-each-ref --sort -committerdate --format %(refname) %(objectname) %(*objectname) [152ms]
2025-02-04 16:38:54.597 [info] > git status -z -uall [1220ms]
2025-02-04 16:39:45.973 [info] > git config --get commit.template [98ms]
2025-02-04 16:39:45.992 [info] > git for-each-ref --format=%(refname)%00%(upstream:short)%00%(objectname)%00%(upstream:track)%00%(upstream:remotename)%00%(upstream:remoteref) refs/heads/main refs/remotes/main [27ms]
2025-02-04 16:39:46.040 [warning] [Git][revParse] Unable to read file: ENOENT: no such file or directory, open '/home/aehsan4004/odin-css-exercises/.git/refs/remotes/origin/main'
2025-02-04 16:39:46.054 [info] > git rev-parse refs/remotes/origin/main [14ms]
2025-02-04 16:39:46.152 [info] > git status -z -uall [50ms]
2025-02-04 16:39:46.163 [info] > git for-each-ref --sort -committerdate --format %(refname) %(objectname) %(*objectname) [17ms]
2025-02-04 16:41:07.408 [info] > git config --get commit.template [81ms]
2025-02-04 16:41:07.425 [info] > git for-each-ref --format=%(refname)%00%(upstream:short)%00%(objectname)%00%(upstream:track)%00%(upstream:remotename)%00%(upstream:remoteref) refs/heads/main refs/remotes/main [22ms]
2025-02-04 16:41:07.501 [warning] [Git][revParse] Unable to read file: ENOENT: no such file or directory, open '/home/aehsan4004/odin-css-exercises/.git/refs/remotes/origin/main'
2025-02-04 16:41:07.517 [info] > git rev-parse refs/remotes/origin/main [16ms]
2025-02-04 16:41:07.693 [info] > git status -z -uall [111ms]
2025-02-04 16:41:07.705 [info] > git for-each-ref --sort -committerdate --format %(refname) %(objectname) %(*objectname) [21ms]
2025-02-04 16:42:02.468 [info] > git show --textconv :foundations/flex/01-flex-center/index.html [83ms]
2025-02-04 16:42:02.479 [info] > git ls-files --stage -- /home/aehsan4004/odin-css-exercises/foundations/flex/01-flex-center/index.html [16ms]
2025-02-04 16:42:02.560 [info] > git cat-file -s 440bf5c5c320b993da208c05672f77a027dd319e [23ms]
2025-02-04 16:42:04.432 [info] > git show --textconv :foundations/flex/01-flex-center/README.md [77ms]
2025-02-04 16:42:04.442 [info] > git ls-files --stage -- /home/aehsan4004/odin-css-exercises/foundations/flex/01-flex-center/README.md [15ms]
2025-02-04 16:42:04.512 [info] > git cat-file -s 56cbbb6ac26f63dca21449e39736893927fe38f3 [17ms]
2025-02-04 16:43:10.123 [info] > git blame --root --incremental fe95b463284982516875bda0dc888fd869a69c94 -- /home/aehsan4004/odin-css-exercises/foundations/flex/01-flex-center/README.md [28ms]
2025-02-04 16:43:58.605 [info] > git config --get commit.template [62ms]
2025-02-04 16:43:58.616 [info] > git for-each-ref --format=%(refname)%00%(upstream:short)%00%(objectname)%00%(upstream:track)%00%(upstream:remotename)%00%(upstream:remoteref) refs/heads/main refs/remotes/main [15ms]
2025-02-04 16:43:58.671 [warning] [Git][revParse] Unable to read file: ENOENT: no such file or directory, open '/home/aehsan4004/odin-css-exercises/.git/refs/remotes/origin/main'
2025-02-04 16:43:58.681 [info] > git rev-parse refs/remotes/origin/main [11ms]
2025-02-04 16:43:58.911 [info] > git status -z -uall [178ms]
2025-02-04 16:43:58.923 [info] > git for-each-ref --sort -committerdate --format %(refname) %(objectname) %(*objectname) [31ms]
2025-02-04 16:45:37.287 [info] > git config --get commit.template [21ms]
2025-02-04 16:45:37.376 [info] > git for-each-ref --format=%(refname)%00%(upstream:short)%00%(objectname)%00%(upstream:track)%00%(upstream:remotename)%00%(upstream:remoteref) refs/heads/main refs/remotes/main [17ms]
2025-02-04 16:45:37.437 [warning] [Git][revParse] Unable to read file: ENOENT: no such file or directory, open '/home/aehsan4004/odin-css-exercises/.git/refs/remotes/origin/main'
2025-02-04 16:45:37.449 [info] > git rev-parse refs/remotes/origin/main [12ms]
2025-02-04 16:45:37.571 [info] > git status -z -uall [62ms]
2025-02-04 16:45:37.589 [info] > git for-each-ref --sort -committerdate --format %(refname) %(objectname) %(*objectname) [20ms]
2025-02-04 16:46:01.107 [info] > git config --get commit.template [73ms]
2025-02-04 16:46:01.122 [info] > git for-each-ref --format=%(refname)%00%(upstream:short)%00%(objectname)%00%(upstream:track)%00%(upstream:remotename)%00%(upstream:remoteref) refs/heads/main refs/remotes/main [20ms]
2025-02-04 16:46:01.178 [warning] [Git][revParse] Unable to read file: ENOENT: no such file or directory, open '/home/aehsan4004/odin-css-exercises/.git/refs/remotes/origin/main'
2025-02-04 16:46:01.196 [info] > git rev-parse refs/remotes/origin/main [17ms]
2025-02-04 16:46:01.347 [info] > git status -z -uall [74ms]
2025-02-04 16:46:01.360 [info] > git for-each-ref --sort -committerdate --format %(refname) %(objectname) %(*objectname) [17ms]
2025-02-04 16:46:10.893 [info] > git config --get commit.template [67ms]
2025-02-04 16:46:10.906 [info] > git for-each-ref --format=%(refname)%00%(upstream:short)%00%(objectname)%00%(upstream:track)%00%(upstream:remotename)%00%(upstream:remoteref) refs/heads/main refs/remotes/main [18ms]
2025-02-04 16:46:10.982 [warning] [Git][revParse] Unable to read file: ENOENT: no such file or directory, open '/home/aehsan4004/odin-css-exercises/.git/refs/remotes/origin/main'
2025-02-04 16:46:10.991 [info] > git rev-parse refs/remotes/origin/main [9ms]
2025-02-04 16:46:11.219 [info] > git status -z -uall [147ms]
2025-02-04 16:46:11.255 [info] > git for-each-ref --sort -committerdate --format %(refname) %(objectname) %(*objectname) [39ms]
2025-02-04 16:47:19.875 [info] > git config --get commit.template [85ms]
2025-02-04 16:47:19.900 [info] > git for-each-ref --format=%(refname)%00%(upstream:short)%00%(objectname)%00%(upstream:track)%00%(upstream:remotename)%00%(upstream:remoteref) refs/heads/main refs/remotes/main [29ms]
2025-02-04 16:47:19.981 [warning] [Git][revParse] Unable to read file: ENOENT: no such file or directory, open '/home/aehsan4004/odin-css-exercises/.git/refs/remotes/origin/main'
2025-02-04 16:47:20.002 [info] > git rev-parse refs/remotes/origin/main [20ms]
2025-02-04 16:47:20.159 [info] > git status -z -uall [81ms]
2025-02-04 16:47:20.176 [info] > git for-each-ref --sort -committerdate --format %(refname) %(objectname) %(*objectname) [22ms]
2025-02-04 16:47:43.688 [info] > git config --get commit.template [77ms]
2025-02-04 16:47:43.751 [info] > git for-each-ref --format=%(refname)%00%(upstream:short)%00%(objectname)%00%(upstream:track)%00%(upstream:remotename)%00%(upstream:remoteref) refs/heads/main refs/remotes/main [73ms]
2025-02-04 16:47:43.811 [warning] [Git][revParse] Unable to read file: ENOENT: no such file or directory, open '/home/aehsan4004/odin-css-exercises/.git/refs/remotes/origin/main'
2025-02-04 16:47:43.830 [info] > git rev-parse refs/remotes/origin/main [19ms]
2025-02-04 16:47:43.959 [info] > git status -z -uall [61ms]
2025-02-04 16:47:43.974 [info] > git for-each-ref --sort -committerdate --format %(refname) %(objectname) %(*objectname) [19ms]
2025-02-04 16:48:33.645 [info] > git config --get commit.template [61ms]
2025-02-04 16:48:33.655 [info] > git for-each-ref --format=%(refname)%00%(upstream:short)%00%(objectname)%00%(upstream:track)%00%(upstream:remotename)%00%(upstream:remoteref) refs/heads/main refs/remotes/main [14ms]
2025-02-04 16:48:33.705 [warning] [Git][revParse] Unable to read file: ENOENT: no such file or directory, open '/home/aehsan4004/odin-css-exercises/.git/refs/remotes/origin/main'
2025-02-04 16:48:33.714 [info] > git rev-parse refs/remotes/origin/main [9ms]
2025-02-04 16:48:33.829 [info] > git status -z -uall [59ms]
2025-02-04 16:48:33.845 [info] > git for-each-ref --sort -committerdate --format %(refname) %(objectname) %(*objectname) [18ms]
2025-02-04 16:49:16.542 [info] > git config --get commit.template [86ms]
2025-02-04 16:49:16.567 [info] > git for-each-ref --format=%(refname)%00%(upstream:short)%00%(objectname)%00%(upstream:track)%00%(upstream:remotename)%00%(upstream:remoteref) refs/heads/main refs/remotes/main [33ms]
2025-02-04 16:49:16.641 [warning] [Git][revParse] Unable to read file: ENOENT: no such file or directory, open '/home/aehsan4004/odin-css-exercises/.git/refs/remotes/origin/main'
2025-02-04 16:49:16.661 [info] > git rev-parse refs/remotes/origin/main [21ms]
2025-02-04 16:49:16.815 [info] > git status -z -uall [72ms]
2025-02-04 16:49:16.833 [info] > git for-each-ref --sort -committerdate --format %(refname) %(objectname) %(*objectname) [23ms]
2025-02-04 16:49:40.777 [info] > git config --get commit.template [104ms]
2025-02-04 16:49:40.793 [info] > git for-each-ref --format=%(refname)%00%(upstream:short)%00%(objectname)%00%(upstream:track)%00%(upstream:remotename)%00%(upstream:remoteref) refs/heads/main refs/remotes/main [24ms]
2025-02-04 16:49:40.846 [warning] [Git][revParse] Unable to read file: ENOENT: no such file or directory, open '/home/aehsan4004/odin-css-exercises/.git/refs/remotes/origin/main'
2025-02-04 16:49:40.856 [info] > git rev-parse refs/remotes/origin/main [10ms]
2025-02-04 16:49:41.010 [info] > git status -z -uall [100ms]
2025-02-04 16:49:41.020 [info] > git for-each-ref --sort -committerdate --format %(refname) %(objectname) %(*objectname) [22ms]
2025-02-04 16:50:35.882 [info] > git config --get commit.template [81ms]
2025-02-04 16:50:35.895 [info] > git for-each-ref --format=%(refname)%00%(upstream:short)%00%(objectname)%00%(upstream:track)%00%(upstream:remotename)%00%(upstream:remoteref) refs/heads/main refs/remotes/main [17ms]
2025-02-04 16:50:35.956 [warning] [Git][revParse] Unable to read file: ENOENT: no such file or directory, open '/home/aehsan4004/odin-css-exercises/.git/refs/remotes/origin/main'
2025-02-04 16:50:35.965 [info] > git rev-parse refs/remotes/origin/main [9ms]
2025-02-04 16:50:36.079 [info] > git status -z -uall [55ms]
2025-02-04 16:50:36.094 [info] > git for-each-ref --sort -committerdate --format %(refname) %(objectname) %(*objectname) [18ms]
2025-02-04 16:51:33.451 [info] > git config --get commit.template [92ms]
2025-02-04 16:51:33.470 [info] > git for-each-ref --format=%(refname)%00%(upstream:short)%00%(objectname)%00%(upstream:track)%00%(upstream:remotename)%00%(upstream:remoteref) refs/heads/main refs/remotes/main [23ms]
2025-02-04 16:51:33.548 [warning] [Git][revParse] Unable to read file: ENOENT: no such file or directory, open '/home/aehsan4004/odin-css-exercises/.git/refs/remotes/origin/main'
2025-02-04 16:51:33.563 [info] > git rev-parse refs/remotes/origin/main [16ms]
2025-02-04 16:51:33.727 [info] > git status -z -uall [98ms]
2025-02-04 16:51:33.742 [info] > git for-each-ref --sort -committerdate --format %(refname) %(objectname) %(*objectname) [19ms]
2025-02-04 16:54:21.701 [info] > git config --get commit.template [57ms]
2025-02-04 16:54:21.717 [info] > git for-each-ref --format=%(refname)%00%(upstream:short)%00%(objectname)%00%(upstream:track)%00%(upstream:remotename)%00%(upstream:remoteref) refs/heads/main refs/remotes/main [19ms]
2025-02-04 16:54:21.773 [warning] [Git][revParse] Unable to read file: ENOENT: no such file or directory, open '/home/aehsan4004/odin-css-exercises/.git/refs/remotes/origin/main'
2025-02-04 16:54:21.786 [info] > git rev-parse refs/remotes/origin/main [13ms]
2025-02-04 16:54:21.910 [info] > git status -z -uall [62ms]
2025-02-04 16:54:21.921 [info] > git for-each-ref --sort -committerdate --format %(refname) %(objectname) %(*objectname) [16ms]
2025-02-04 16:54:43.849 [info] > git check-ignore -v -z --stdin [62ms]
2025-02-04 16:54:45.715 [info] > git ls-files --stage -- /home/aehsan4004/odin-css-exercises/foundations/flex/01-flex-center/solution/solution.css [42ms]
2025-02-04 16:54:45.762 [info] > git show --textconv :foundations/flex/01-flex-center/solution/solution.css [235ms]
2025-02-04 16:54:45.775 [info] > git cat-file -s 1df86d4b0b49e4d8ca7aebffdc86b79521dc7950 [14ms]
2025-02-04 16:55:12.917 [info] > git show --textconv :foundations/flex/01-flex-center/style.css [56ms]
2025-02-04 16:55:12.927 [info] > git ls-files --stage -- /home/aehsan4004/odin-css-exercises/foundations/flex/01-flex-center/style.css [15ms]
2025-02-04 16:55:12.989 [info] > git cat-file -s e35feacd28d05dde88ba136acfb42d654978007f [13ms]
2025-02-04 17:05:44.421 [info] > git show --textconv :foundations/flex/01-flex-center/solution/solution.css [60ms]
2025-02-04 17:05:44.431 [info] > git ls-files --stage -- /home/aehsan4004/odin-css-exercises/foundations/flex/01-flex-center/solution/solution.css [12ms]
2025-02-04 17:05:44.493 [info] > git cat-file -s 1df86d4b0b49e4d8ca7aebffdc86b79521dc7950 [10ms]
2025-02-04 17:05:47.051 [info] > git show --textconv :foundations/flex/01-flex-center/style.css [56ms]
2025-02-04 17:05:47.066 [info] > git ls-files --stage -- /home/aehsan4004/odin-css-exercises/foundations/flex/01-flex-center/style.css [22ms]
2025-02-04 17:05:47.124 [info] > git cat-file -s e35feacd28d05dde88ba136acfb42d654978007f [13ms]
2025-02-04 17:06:20.829 [info] > git check-ignore -v -z --stdin [50ms]
2025-02-04 17:06:31.619 [info] > git ls-files --stage -- /home/aehsan4004/odin-css-exercises/foundations/flex/02-flex-header/style.css [15ms]
2025-02-04 17:06:31.663 [info] > git show --textconv :foundations/flex/02-flex-header/style.css [105ms]
2025-02-04 17:06:31.674 [info] > git cat-file -s cb598c935480a941f8a7f2979a3156a1e72c3ce1 [12ms]
2025-02-04 17:09:16.462 [info] > git ls-files --stage -- /home/aehsan4004/odin-css-exercises/foundations/flex/02-flex-header/README.md [498ms]
2025-02-04 17:09:16.533 [info] > git show --textconv :foundations/flex/02-flex-header/README.md [620ms]
2025-02-04 17:09:16.556 [info] > git cat-file -s fce7035581cb27a53afa998717e264127edf653a [25ms]
2025-02-04 17:09:47.026 [info] > git show --textconv :foundations/flex/02-flex-header/index.html [124ms]
2025-02-04 17:09:47.040 [info] > git ls-files --stage -- /home/aehsan4004/odin-css-exercises/foundations/flex/02-flex-header/index.html [85ms]
2025-02-04 17:09:47.093 [info] > git cat-file -s db430825501cdc1e942af5c52557e019609fe39f [12ms]
2025-02-04 17:09:49.319 [info] > git show --textconv :foundations/flex/02-flex-header/README.md [47ms]
2025-02-04 17:09:49.335 [info] > git ls-files --stage -- /home/aehsan4004/odin-css-exercises/foundations/flex/02-flex-header/README.md [20ms]
2025-02-04 17:09:49.393 [info] > git cat-file -s fce7035581cb27a53afa998717e264127edf653a [10ms]
2025-02-04 17:10:28.348 [info] > git show --textconv :foundations/flex/02-flex-header/index.html [63ms]
2025-02-04 17:10:28.351 [info] > git ls-files --stage -- /home/aehsan4004/odin-css-exercises/foundations/flex/02-flex-header/index.html [21ms]
2025-02-04 17:10:28.419 [info] > git cat-file -s db430825501cdc1e942af5c52557e019609fe39f [16ms]
2025-02-04 17:11:13.009 [info] > git blame --root --incremental fe95b463284982516875bda0dc888fd869a69c94 -- /home/aehsan4004/odin-css-exercises/foundations/flex/02-flex-header/style.css [337ms]
2025-02-04 17:16:19.435 [info] > git config --get commit.template [146ms]
2025-02-04 17:16:19.784 [info] > git for-each-ref --format=%(refname)%00%(upstream:short)%00%(objectname)%00%(upstream:track)%00%(upstream:remotename)%00%(upstream:remoteref) refs/heads/main refs/remotes/main [448ms]
2025-02-04 17:16:19.849 [warning] [Git][revParse] Unable to read file: ENOENT: no such file or directory, open '/home/aehsan4004/odin-css-exercises/.git/refs/remotes/origin/main'
2025-02-04 17:16:19.904 [info] > git rev-parse refs/remotes/origin/main [56ms]
2025-02-04 17:16:20.104 [info] > git for-each-ref --sort -committerdate --format %(refname) %(objectname) %(*objectname) [60ms]
2025-02-04 17:16:21.141 [info] > git status -z -uall [1182ms]
2025-02-04 17:18:01.172 [info] > git config --get commit.template [91ms]
2025-02-04 17:18:01.227 [info] > git for-each-ref --format=%(refname)%00%(upstream:short)%00%(objectname)%00%(upstream:track)%00%(upstream:remotename)%00%(upstream:remoteref) refs/heads/main refs/remotes/main [72ms]
2025-02-04 17:18:01.272 [warning] [Git][revParse] Unable to read file: ENOENT: no such file or directory, open '/home/aehsan4004/odin-css-exercises/.git/refs/remotes/origin/main'
2025-02-04 17:18:01.291 [info] > git rev-parse refs/remotes/origin/main [19ms]
2025-02-04 17:18:01.412 [info] > git for-each-ref --sort -committerdate --format %(refname) %(objectname) %(*objectname) [20ms]
2025-02-04 17:18:01.585 [info] > git status -z -uall [246ms]
2025-02-04 17:18:30.361 [info] > git ls-files --stage -- /home/aehsan4004/odin-css-exercises/foundations/flex/02-flex-header/README.md [49ms]
2025-02-04 17:18:30.406 [info] > git show --textconv :foundations/flex/02-flex-header/README.md [191ms]
2025-02-04 17:18:30.432 [info] > git cat-file -s fce7035581cb27a53afa998717e264127edf653a [28ms]
2025-02-04 17:18:32.631 [info] > git show --textconv :foundations/flex/02-flex-header/index.html [63ms]
2025-02-04 17:18:32.643 [info] > git ls-files --stage -- /home/aehsan4004/odin-css-exercises/foundations/flex/02-flex-header/index.html [18ms]
2025-02-04 17:18:32.741 [info] > git cat-file -s db430825501cdc1e942af5c52557e019609fe39f [23ms]
2025-02-04 17:19:14.720 [info] > git show --textconv :foundations/flex/02-flex-header/README.md [51ms]
2025-02-04 17:19:14.731 [info] > git ls-files --stage -- /home/aehsan4004/odin-css-exercises/foundations/flex/02-flex-header/README.md [13ms]
2025-02-04 17:19:14.790 [info] > git cat-file -s fce7035581cb27a53afa998717e264127edf653a [15ms]
2025-02-04 17:19:38.141 [info] > git show --textconv :foundations/flex/02-flex-header/index.html [67ms]
2025-02-04 17:19:38.147 [info] > git ls-files --stage -- /home/aehsan4004/odin-css-exercises/foundations/flex/02-flex-header/index.html [17ms]
2025-02-04 17:19:38.217 [info] > git cat-file -s db430825501cdc1e942af5c52557e019609fe39f [26ms]
2025-02-04 17:20:29.295 [info] > git config --get commit.template [44ms]
2025-02-04 17:20:29.305 [info] > git for-each-ref --format=%(refname)%00%(upstream:short)%00%(objectname)%00%(upstream:track)%00%(upstream:remotename)%00%(upstream:remoteref) refs/heads/main refs/remotes/main [13ms]
2025-02-04 17:20:29.352 [warning] [Git][revParse] Unable to read file: ENOENT: no such file or directory, open '/home/aehsan4004/odin-css-exercises/.git/refs/remotes/origin/main'
2025-02-04 17:20:29.361 [info] > git rev-parse refs/remotes/origin/main [8ms]
2025-02-04 17:20:29.456 [info] > git status -z -uall [47ms]
2025-02-04 17:20:29.469 [info] > git for-each-ref --sort -committerdate --format %(refname) %(objectname) %(*objectname) [16ms]
2025-02-04 17:24:23.661 [info] > git config --get commit.template [63ms]
2025-02-04 17:24:23.674 [info] > git for-each-ref --format=%(refname)%00%(upstream:short)%00%(objectname)%00%(upstream:track)%00%(upstream:remotename)%00%(upstream:remoteref) refs/heads/main refs/remotes/main [16ms]
2025-02-04 17:24:23.717 [warning] [Git][revParse] Unable to read file: ENOENT: no such file or directory, open '/home/aehsan4004/odin-css-exercises/.git/refs/remotes/origin/main'
2025-02-04 17:24:23.726 [info] > git rev-parse refs/remotes/origin/main [9ms]
2025-02-04 17:24:23.835 [info] > git status -z -uall [55ms]
2025-02-04 17:24:23.848 [info] > git for-each-ref --sort -committerdate --format %(refname) %(objectname) %(*objectname) [16ms]
2025-02-04 17:25:46.692 [info] > git config --get commit.template [54ms]
2025-02-04 17:25:46.704 [info] > git for-each-ref --format=%(refname)%00%(upstream:short)%00%(objectname)%00%(upstream:track)%00%(upstream:remotename)%00%(upstream:remoteref) refs/heads/main refs/remotes/main [15ms]
2025-02-04 17:25:46.750 [warning] [Git][revParse] Unable to read file: ENOENT: no such file or directory, open '/home/aehsan4004/odin-css-exercises/.git/refs/remotes/origin/main'
2025-02-04 17:25:46.762 [info] > git rev-parse refs/remotes/origin/main [12ms]
2025-02-04 17:25:46.908 [info] > git for-each-ref --sort -committerdate --format %(refname) %(objectname) %(*objectname) [37ms]
2025-02-04 17:25:46.913 [info] > git status -z -uall [102ms]
2025-02-04 17:30:44.382 [info] > git config --get commit.template [55ms]
2025-02-04 17:30:44.394 [info] > git for-each-ref --format=%(refname)%00%(upstream:short)%00%(objectname)%00%(upstream:track)%00%(upstream:remotename)%00%(upstream:remoteref) refs/heads/main refs/remotes/main [15ms]
2025-02-04 17:30:44.446 [warning] [Git][revParse] Unable to read file: ENOENT: no such file or directory, open '/home/aehsan4004/odin-css-exercises/.git/refs/remotes/origin/main'
2025-02-04 17:30:44.455 [info] > git rev-parse refs/remotes/origin/main [8ms]
2025-02-04 17:30:44.572 [info] > git for-each-ref --sort -committerdate --format %(refname) %(objectname) %(*objectname) [17ms]
2025-02-04 17:30:44.587 [info] > git status -z -uall [85ms]
2025-02-04 17:31:55.773 [info] > git config --get commit.template [69ms]
2025-02-04 17:31:55.790 [info] > git for-each-ref --format=%(refname)%00%(upstream:short)%00%(objectname)%00%(upstream:track)%00%(upstream:remotename)%00%(upstream:remoteref) refs/heads/main refs/remotes/main [19ms]
2025-02-04 17:31:55.853 [warning] [Git][revParse] Unable to read file: ENOENT: no such file or directory, open '/home/aehsan4004/odin-css-exercises/.git/refs/remotes/origin/main'
2025-02-04 17:31:55.876 [info] > git rev-parse refs/remotes/origin/main [23ms]
2025-02-04 17:31:56.003 [info] > git status -z -uall [66ms]
2025-02-04 17:31:56.016 [info] > git for-each-ref --sort -committerdate --format %(refname) %(objectname) %(*objectname) [16ms]
2025-02-04 17:32:05.955 [info] > git config --get commit.template [93ms]
2025-02-04 17:32:05.980 [info] > git for-each-ref --format=%(refname)%00%(upstream:short)%00%(objectname)%00%(upstream:track)%00%(upstream:remotename)%00%(upstream:remoteref) refs/heads/main refs/remotes/main [26ms]
2025-02-04 17:32:06.050 [warning] [Git][revParse] Unable to read file: ENOENT: no such file or directory, open '/home/aehsan4004/odin-css-exercises/.git/refs/remotes/origin/main'
2025-02-04 17:32:06.061 [info] > git rev-parse refs/remotes/origin/main [12ms]
2025-02-04 17:32:06.188 [info] > git status -z -uall [71ms]
2025-02-04 17:32:06.206 [info] > git for-each-ref --sort -committerdate --format %(refname) %(objectname) %(*objectname) [21ms]
2025-02-04 17:33:49.657 [info] > git config --get commit.template [54ms]
2025-02-04 17:33:49.668 [info] > git for-each-ref --format=%(refname)%00%(upstream:short)%00%(objectname)%00%(upstream:track)%00%(upstream:remotename)%00%(upstream:remoteref) refs/heads/main refs/remotes/main [14ms]
2025-02-04 17:33:49.716 [warning] [Git][revParse] Unable to read file: ENOENT: no such file or directory, open '/home/aehsan4004/odin-css-exercises/.git/refs/remotes/origin/main'
2025-02-04 17:33:49.725 [info] > git rev-parse refs/remotes/origin/main [9ms]
2025-02-04 17:33:49.831 [info] > git status -z -uall [58ms]
2025-02-04 17:33:49.842 [info] > git for-each-ref --sort -committerdate --format %(refname) %(objectname) %(*objectname) [15ms]
2025-02-04 17:38:50.023 [info] > git show --textconv :foundations/flex/02-flex-header/README.md [48ms]
2025-02-04 17:38:50.033 [info] > git ls-files --stage -- /home/aehsan4004/odin-css-exercises/foundations/flex/02-flex-header/README.md [14ms]
2025-02-04 17:38:50.094 [info] > git cat-file -s fce7035581cb27a53afa998717e264127edf653a [14ms]
2025-02-04 17:38:55.972 [info] > git show --textconv :foundations/flex/02-flex-header/index.html [76ms]
2025-02-04 17:38:55.990 [info] > git ls-files --stage -- /home/aehsan4004/odin-css-exercises/foundations/flex/02-flex-header/index.html [24ms]
2025-02-04 17:38:56.059 [info] > git cat-file -s db430825501cdc1e942af5c52557e019609fe39f [13ms]
2025-02-04 17:40:13.028 [info] > git config --get commit.template [50ms]
2025-02-04 17:40:13.073 [info] > git for-each-ref --format=%(refname)%00%(upstream:short)%00%(objectname)%00%(upstream:track)%00%(upstream:remotename)%00%(upstream:remoteref) refs/heads/main refs/remotes/main [47ms]
2025-02-04 17:40:13.130 [warning] [Git][revParse] Unable to read file: ENOENT: no such file or directory, open '/home/aehsan4004/odin-css-exercises/.git/refs/remotes/origin/main'
2025-02-04 17:40:13.142 [info] > git rev-parse refs/remotes/origin/main [12ms]
2025-02-04 17:40:13.258 [info] > git status -z -uall [69ms]
2025-02-04 17:40:13.283 [info] > git for-each-ref --sort -committerdate --format %(refname) %(objectname) %(*objectname) [27ms]
2025-02-04 17:40:40.935 [info] > git config --get commit.template [46ms]
2025-02-04 17:40:40.946 [info] > git for-each-ref --format=%(refname)%00%(upstream:short)%00%(objectname)%00%(upstream:track)%00%(upstream:remotename)%00%(upstream:remoteref) refs/heads/main refs/remotes/main [14ms]
2025-02-04 17:40:40.994 [warning] [Git][revParse] Unable to read file: ENOENT: no such file or directory, open '/home/aehsan4004/odin-css-exercises/.git/refs/remotes/origin/main'
2025-02-04 17:40:41.005 [info] > git rev-parse refs/remotes/origin/main [11ms]
2025-02-04 17:40:41.283 [info] > git status -z -uall [232ms]
2025-02-04 17:40:41.303 [info] > git for-each-ref --sort -committerdate --format %(refname) %(objectname) %(*objectname) [23ms]
2025-02-04 17:41:58.975 [info] > git config --get commit.template [60ms]
2025-02-04 17:41:58.988 [info] > git for-each-ref --format=%(refname)%00%(upstream:short)%00%(objectname)%00%(upstream:track)%00%(upstream:remotename)%00%(upstream:remoteref) refs/heads/main refs/remotes/main [16ms]
2025-02-04 17:41:59.050 [warning] [Git][revParse] Unable to read file: ENOENT: no such file or directory, open '/home/aehsan4004/odin-css-exercises/.git/refs/remotes/origin/main'
2025-02-04 17:41:59.067 [info] > git rev-parse refs/remotes/origin/main [22ms]
2025-02-04 17:41:59.186 [info] > git status -z -uall [68ms]
2025-02-04 17:41:59.203 [info] > git for-each-ref --sort -committerdate --format %(refname) %(objectname) %(*objectname) [19ms]
2025-02-04 17:42:45.108 [info] > git config --get commit.template [60ms]
2025-02-04 17:42:45.119 [info] > git for-each-ref --format=%(refname)%00%(upstream:short)%00%(objectname)%00%(upstream:track)%00%(upstream:remotename)%00%(upstream:remoteref) refs/heads/main refs/remotes/main [13ms]
2025-02-04 17:42:45.165 [warning] [Git][revParse] Unable to read file: ENOENT: no such file or directory, open '/home/aehsan4004/odin-css-exercises/.git/refs/remotes/origin/main'
2025-02-04 17:42:45.174 [info] > git rev-parse refs/remotes/origin/main [9ms]
2025-02-04 17:42:45.294 [info] > git status -z -uall [68ms]
2025-02-04 17:42:45.310 [info] > git for-each-ref --sort -committerdate --format %(refname) %(objectname) %(*objectname) [18ms]
2025-02-04 17:44:07.664 [info] > git config --get commit.template [65ms]
2025-02-04 17:44:07.677 [info] > git for-each-ref --format=%(refname)%00%(upstream:short)%00%(objectname)%00%(upstream:track)%00%(upstream:remotename)%00%(upstream:remoteref) refs/heads/main refs/remotes/main [17ms]
2025-02-04 17:44:07.736 [warning] [Git][revParse] Unable to read file: ENOENT: no such file or directory, open '/home/aehsan4004/odin-css-exercises/.git/refs/remotes/origin/main'
2025-02-04 17:44:07.751 [info] > git rev-parse refs/remotes/origin/main [18ms]
2025-02-04 17:44:07.859 [info] > git status -z -uall [61ms]
2025-02-04 17:44:07.868 [info] > git for-each-ref --sort -committerdate --format %(refname) %(objectname) %(*objectname) [18ms]
2025-02-04 17:45:59.282 [info] > git config --get commit.template [54ms]
2025-02-04 17:45:59.294 [info] > git for-each-ref --format=%(refname)%00%(upstream:short)%00%(objectname)%00%(upstream:track)%00%(upstream:remotename)%00%(upstream:remoteref) refs/heads/main refs/remotes/main [16ms]
2025-02-04 17:45:59.338 [warning] [Git][revParse] Unable to read file: ENOENT: no such file or directory, open '/home/aehsan4004/odin-css-exercises/.git/refs/remotes/origin/main'
2025-02-04 17:45:59.348 [info] > git rev-parse refs/remotes/origin/main [11ms]
2025-02-04 17:45:59.452 [info] > git status -z -uall [56ms]
2025-02-04 17:45:59.469 [info] > git for-each-ref --sort -committerdate --format %(refname) %(objectname) %(*objectname) [19ms]
2025-02-04 17:47:41.270 [info] > git config --get commit.template [76ms]
2025-02-04 17:47:41.336 [info] > git for-each-ref --format=%(refname)%00%(upstream:short)%00%(objectname)%00%(upstream:track)%00%(upstream:remotename)%00%(upstream:remoteref) refs/heads/main refs/remotes/main [93ms]
2025-02-04 17:47:41.385 [warning] [Git][revParse] Unable to read file: ENOENT: no such file or directory, open '/home/aehsan4004/odin-css-exercises/.git/refs/remotes/origin/main'
2025-02-04 17:47:41.402 [info] > git rev-parse refs/remotes/origin/main [18ms]
2025-02-04 17:47:41.526 [info] > git for-each-ref --sort -committerdate --format %(refname) %(objectname) %(*objectname) [20ms]
2025-02-04 17:47:41.681 [info] > git status -z -uall [233ms]
2025-02-04 17:48:26.850 [info] > git config --get commit.template [72ms]
2025-02-04 17:48:26.864 [info] > git for-each-ref --format=%(refname)%00%(upstream:short)%00%(objectname)%00%(upstream:track)%00%(upstream:remotename)%00%(upstream:remoteref) refs/heads/main refs/remotes/main [19ms]
2025-02-04 17:48:26.920 [warning] [Git][revParse] Unable to read file: ENOENT: no such file or directory, open '/home/aehsan4004/odin-css-exercises/.git/refs/remotes/origin/main'
2025-02-04 17:48:26.930 [info] > git rev-parse refs/remotes/origin/main [11ms]
2025-02-04 17:48:27.066 [info] > git status -z -uall [83ms]
2025-02-04 17:48:27.084 [info] > git for-each-ref --sort -committerdate --format %(refname) %(objectname) %(*objectname) [20ms]
2025-02-04 18:17:29.020 [info] > git check-ignore -v -z --stdin [168ms]
2025-02-04 18:17:30.141 [info] > git ls-files --stage -- /home/aehsan4004/odin-css-exercises/foundations/flex/02-flex-header/solution/solution.css [21ms]
2025-02-04 18:17:30.194 [info] > git show --textconv :foundations/flex/02-flex-header/solution/solution.css [140ms]
2025-02-04 18:17:30.249 [info] > git cat-file -s 884e862e13b1240f75d8c5d06d40f49247674e29 [56ms]
2025-02-04 18:17:41.404 [info] > git show --textconv :foundations/flex/02-flex-header/style.css [51ms]
2025-02-04 18:17:41.466 [info] > git ls-files --stage -- /home/aehsan4004/odin-css-exercises/foundations/flex/02-flex-header/style.css [67ms]
2025-02-04 18:17:41.539 [info] > git cat-file -s cb598c935480a941f8a7f2979a3156a1e72c3ce1 [15ms]
2025-02-04 18:17:43.678 [info] > git show --textconv :foundations/flex/02-flex-header/solution/solution.css [54ms]
2025-02-04 18:17:43.689 [info] > git ls-files --stage -- /home/aehsan4004/odin-css-exercises/foundations/flex/02-flex-header/solution/solution.css [13ms]
2025-02-04 18:17:43.753 [info] > git cat-file -s 884e862e13b1240f75d8c5d06d40f49247674e29 [14ms]
2025-02-04 18:17:45.952 [info] > git blame --root --incremental fe95b463284982516875bda0dc888fd869a69c94 -- /home/aehsan4004/odin-css-exercises/foundations/flex/02-flex-header/solution/solution.css [374ms]
2025-02-04 18:18:01.546 [info] > git show --textconv :foundations/flex/02-flex-header/style.css [59ms]
2025-02-04 18:18:01.564 [info] > git ls-files --stage -- /home/aehsan4004/odin-css-exercises/foundations/flex/02-flex-header/style.css [22ms]
2025-02-04 18:18:01.623 [info] > git cat-file -s cb598c935480a941f8a7f2979a3156a1e72c3ce1 [13ms]
2025-02-04 18:18:19.508 [info] > git config --get commit.template [62ms]
2025-02-04 18:18:19.568 [info] > git for-each-ref --format=%(refname)%00%(upstream:short)%00%(objectname)%00%(upstream:track)%00%(upstream:remotename)%00%(upstream:remoteref) refs/heads/main refs/remotes/main [62ms]
2025-02-04 18:18:19.620 [warning] [Git][revParse] Unable to read file: ENOENT: no such file or directory, open '/home/aehsan4004/odin-css-exercises/.git/refs/remotes/origin/main'
2025-02-04 18:18:19.641 [info] > git rev-parse refs/remotes/origin/main [21ms]
2025-02-04 18:18:19.765 [info] > git for-each-ref --sort -committerdate --format %(refname) %(objectname) %(*objectname) [18ms]
2025-02-04 18:18:19.996 [info] > git status -z -uall [308ms]
2025-02-04 18:18:31.338 [info] > git show --textconv :foundations/flex/02-flex-header/solution/solution.css [58ms]
2025-02-04 18:18:31.350 [info] > git ls-files --stage -- /home/aehsan4004/odin-css-exercises/foundations/flex/02-flex-header/solution/solution.css [17ms]
2025-02-04 18:18:31.411 [info] > git cat-file -s 884e862e13b1240f75d8c5d06d40f49247674e29 [13ms]
2025-02-04 18:18:44.170 [info] > git show --textconv :foundations/flex/02-flex-header/solution/solution.html [61ms]
2025-02-04 18:18:44.180 [info] > git ls-files --stage -- /home/aehsan4004/odin-css-exercises/foundations/flex/02-flex-header/solution/solution.html [18ms]
2025-02-04 18:18:44.239 [info] > git cat-file -s 7048e8d851d6238f8dbe000b42595399ac76f5f6 [11ms]
2025-02-04 18:18:48.848 [info] > git show --textconv :foundations/flex/02-flex-header/style.css [56ms]
2025-02-04 18:18:48.854 [info] > git ls-files --stage -- /home/aehsan4004/odin-css-exercises/foundations/flex/02-flex-header/style.css [14ms]
2025-02-04 18:18:48.918 [info] > git cat-file -s cb598c935480a941f8a7f2979a3156a1e72c3ce1 [15ms]
2025-02-04 18:18:52.211 [info] > git show --textconv :foundations/flex/02-flex-header/solution/solution.css [57ms]
2025-02-04 18:18:52.221 [info] > git ls-files --stage -- /home/aehsan4004/odin-css-exercises/foundations/flex/02-flex-header/solution/solution.css [15ms]
2025-02-04 18:18:52.283 [info] > git cat-file -s 884e862e13b1240f75d8c5d06d40f49247674e29 [14ms]
2025-02-04 18:19:03.193 [info] > git show --textconv :foundations/flex/02-flex-header/style.css [54ms]
2025-02-04 18:19:03.202 [info] > git ls-files --stage -- /home/aehsan4004/odin-css-exercises/foundations/flex/02-flex-header/style.css [13ms]
2025-02-04 18:19:03.260 [info] > git cat-file -s cb598c935480a941f8a7f2979a3156a1e72c3ce1 [12ms]
2025-02-04 18:19:10.692 [info] > git ls-files --stage -- /home/aehsan4004/odin-css-exercises/foundations/flex/02-flex-header/solution/solution.css [154ms]
2025-02-04 18:19:10.834 [info] > git cat-file -s 884e862e13b1240f75d8c5d06d40f49247674e29 [96ms]
2025-02-04 18:19:10.836 [info] > git show --textconv :foundations/flex/02-flex-header/solution/solution.css [343ms]
2025-02-04 18:19:15.262 [info] > git show --textconv :foundations/flex/02-flex-header/style.css [57ms]
2025-02-04 18:19:15.271 [info] > git ls-files --stage -- /home/aehsan4004/odin-css-exercises/foundations/flex/02-flex-header/style.css [14ms]
2025-02-04 18:19:15.337 [info] > git cat-file -s cb598c935480a941f8a7f2979a3156a1e72c3ce1 [15ms]
2025-02-04 18:19:53.346 [info] > git config --get commit.template [57ms]
2025-02-04 18:19:53.359 [info] > git for-each-ref --format=%(refname)%00%(upstream:short)%00%(objectname)%00%(upstream:track)%00%(upstream:remotename)%00%(upstream:remoteref) refs/heads/main refs/remotes/main [17ms]
2025-02-04 18:19:53.408 [warning] [Git][revParse] Unable to read file: ENOENT: no such file or directory, open '/home/aehsan4004/odin-css-exercises/.git/refs/remotes/origin/main'
2025-02-04 18:19:53.418 [info] > git rev-parse refs/remotes/origin/main [10ms]
2025-02-04 18:19:53.537 [info] > git for-each-ref --sort -committerdate --format %(refname) %(objectname) %(*objectname) [16ms]
2025-02-04 18:19:53.691 [info] > git status -z -uall [226ms]
2025-02-04 18:20:29.689 [info] > git check-ignore -v -z --stdin [15ms]
2025-02-04 18:23:14.014 [info] > git ls-files --stage -- /home/aehsan4004/odin-css-exercises/foundations/flex/03-flex-header-2/style.css [569ms]
2025-02-04 18:23:14.060 [info] > git show --textconv :foundations/flex/03-flex-header-2/style.css [671ms]
2025-02-04 18:23:14.085 [info] > git cat-file -s bf4c8af10d4c409a77d10de1f2c8a8a04dc4fd6e [27ms]
2025-02-04 18:23:20.700 [info] > git show --textconv :foundations/flex/03-flex-header-2/README.md [107ms]
2025-02-04 18:23:20.708 [info] > git ls-files --stage -- /home/aehsan4004/odin-css-exercises/foundations/flex/03-flex-header-2/README.md [18ms]
2025-02-04 18:23:20.788 [info] > git cat-file -s 3d952160cf5abfaff824d33d036a0f80d166e5a0 [18ms]
2025-02-04 18:23:26.376 [info] > git show --textconv :foundations/flex/03-flex-header-2/index.html [135ms]
2025-02-04 18:23:26.387 [info] > git ls-files --stage -- /home/aehsan4004/odin-css-exercises/foundations/flex/03-flex-header-2/index.html [29ms]
2025-02-04 18:23:26.450 [info] > git cat-file -s 21d56170b0b8f2b7f30eaeab7e3602257b1a30c2 [18ms]
2025-02-04 18:24:07.590 [info] > git blame --root --incremental fe95b463284982516875bda0dc888fd869a69c94 -- /home/aehsan4004/odin-css-exercises/foundations/flex/03-flex-header-2/style.css [349ms]
2025-02-04 18:24:21.406 [info] > git show --textconv :foundations/flex/03-flex-header-2/README.md [56ms]
2025-02-04 18:24:21.411 [info] > git ls-files --stage -- /home/aehsan4004/odin-css-exercises/foundations/flex/03-flex-header-2/README.md [15ms]
2025-02-04 18:24:21.476 [info] > git cat-file -s 3d952160cf5abfaff824d33d036a0f80d166e5a0 [15ms]
2025-02-04 18:25:14.071 [info] > git show --textconv :foundations/flex/03-flex-header-2/index.html [55ms]
2025-02-04 18:25:14.079 [info] > git ls-files --stage -- /home/aehsan4004/odin-css-exercises/foundations/flex/03-flex-header-2/index.html [16ms]
2025-02-04 18:25:14.197 [info] > git cat-file -s 21d56170b0b8f2b7f30eaeab7e3602257b1a30c2 [67ms]
