2025-02-04 16:16:10.767 [info] Extension host with pid 151 started
2025-02-04 16:16:10.776 [error] Error: EEXIST: file already exists, open '/home/aehsan4004/.vscode-server/data/User/workspaceStorage/08657293350c16d3cb2041717647d3de/vscode.lock'
2025-02-04 16:16:11.077 [error] SyntaxError: Unexpected end of JSON input
    at JSON.parse (<anonymous>)
    at Sy (file:///home/aehsan4004/.vscode-server/bin/cd4ee3b1c348a13bafd8f9ad8060705f6d4b9cba/out/vs/workbench/api/node/extensionHostProcess.js:175:6160)
    at async a3 (file:///home/aehsan4004/.vscode-server/bin/cd4ee3b1c348a13bafd8f9ad8060705f6d4b9cba/out/vs/workbench/api/node/extensionHostProcess.js:175:5796)
    at async DW.g (file:///home/aehsan4004/.vscode-server/bin/cd4ee3b1c348a13bafd8f9ad8060705f6d4b9cba/out/vs/workbench/api/node/extensionHostProcess.js:175:4657)
    at async DW.h (file:///home/aehsan4004/.vscode-server/bin/cd4ee3b1c348a13bafd8f9ad8060705f6d4b9cba/out/vs/workbench/api/node/extensionHostProcess.js:115:10477)
2025-02-04 16:16:11.078 [info] Lock '/home/aehsan4004/.vscode-server/data/User/workspaceStorage/08657293350c16d3cb2041717647d3de/vscode.lock': Could not acquire lock, checking if the file is stale.
2025-02-04 16:16:11.146 [info] ExtensionService#_doActivateExtension vscode.git-base, startup: true, activationEvent: '*', root cause: vscode.git
2025-02-04 16:16:11.622 [error] SyntaxError: Unexpected end of JSON input
	at JSON.parse (<anonymous>)
	at Sy (file:///home/aehsan4004/.vscode-server/bin/cd4ee3b1c348a13bafd8f9ad8060705f6d4b9cba/out/vs/workbench/api/node/extensionHostProcess.js:175:6160)
	at async NW (file:///home/aehsan4004/.vscode-server/bin/cd4ee3b1c348a13bafd8f9ad8060705f6d4b9cba/out/vs/workbench/api/node/extensionHostProcess.js:175:6419)
	at async DW.g (file:///home/aehsan4004/.vscode-server/bin/cd4ee3b1c348a13bafd8f9ad8060705f6d4b9cba/out/vs/workbench/api/node/extensionHostProcess.js:175:4657)
	at async DW.h (file:///home/aehsan4004/.vscode-server/bin/cd4ee3b1c348a13bafd8f9ad8060705f6d4b9cba/out/vs/workbench/api/node/extensionHostProcess.js:115:10477)
	at async Promise.all (index 2)
	at async Promise.all (index 1)
	at async K0.n (file:///home/aehsan4004/.vscode-server/bin/cd4ee3b1c348a13bafd8f9ad8060705f6d4b9cba/out/vs/workbench/api/node/extensionHostProcess.js:115:4447)
	at async K0.m (file:///home/aehsan4004/.vscode-server/bin/cd4ee3b1c348a13bafd8f9ad8060705f6d4b9cba/out/vs/workbench/api/node/extensionHostProcess.js:115:4410)
	at async K0.l (file:///home/aehsan4004/.vscode-server/bin/cd4ee3b1c348a13bafd8f9ad8060705f6d4b9cba/out/vs/workbench/api/node/extensionHostProcess.js:115:3866)
2025-02-04 16:16:11.623 [info] Lock '/home/aehsan4004/.vscode-server/data/User/workspaceStorage/08657293350c16d3cb2041717647d3de/vscode.lock': Could not read pid of lock holder.
2025-02-04 16:16:11.623 [info] Lock '/home/aehsan4004/.vscode-server/data/User/workspaceStorage/08657293350c16d3cb2041717647d3de/vscode.lock': Deleting a stale lock.
2025-02-04 16:16:12.051 [info] Lock '/home/aehsan4004/.vscode-server/data/User/workspaceStorage/08657293350c16d3cb2041717647d3de/vscode.lock': Lock acquired.
2025-02-04 16:16:12.081 [info] ExtensionService#_doActivateExtension vscode.git, startup: true, activationEvent: '*'
2025-02-04 16:16:12.083 [info] ExtensionService#_doActivateExtension vscode.github, startup: true, activationEvent: '*'
2025-02-04 16:16:16.091 [info] Eager extensions activated
2025-02-04 16:16:16.092 [info] ExtensionService#_doActivateExtension vscode.debug-auto-launch, startup: false, activationEvent: 'onStartupFinished'
2025-02-04 16:16:16.093 [info] ExtensionService#_doActivateExtension vscode.merge-conflict, startup: false, activationEvent: 'onStartupFinished'
2025-02-04 16:16:17.774 [info] ExtensionService#_doActivateExtension vscode.emmet, startup: false, activationEvent: 'onLanguage'
2025-02-04 16:35:02.066 [info] ExtensionService#_doActivateExtension vscode.css-language-features, startup: false, activationEvent: 'onLanguage:css'
2025-02-04 16:35:13.339 [info] ExtensionService#_doActivateExtension vscode.extension-editing, startup: false, activationEvent: 'onLanguage:markdown'
2025-02-04 16:35:13.341 [info] ExtensionService#_doActivateExtension vscode.markdown-language-features, startup: false, activationEvent: 'onLanguage:markdown'
2025-02-04 16:35:17.068 [info] ExtensionService#_doActivateExtension vscode.markdown-math, startup: false, activationEvent: 'api', root cause: vscode.markdown-language-features
2025-02-04 16:35:35.957 [info] ExtensionService#_doActivateExtension vscode.html-language-features, startup: false, activationEvent: 'onLanguage:html'
