2025-02-10 13:36:30.562 [info] Extension host with pid 151 started
2025-02-10 13:36:30.562 [error] Error: EEXIST: file already exists, open '/home/aehsan4004/.vscode-server/data/User/workspaceStorage/08657293350c16d3cb2041717647d3de/vscode.lock'
2025-02-10 13:36:30.626 [error] SyntaxError: Unexpected end of JSON input
    at JSON.parse (<anonymous>)
    at Ly (file:///home/aehsan4004/.vscode-server/bin/33fc5a94a3f99ebe7087e8fe79fbe1d37a251016/out/vs/workbench/api/node/extensionHostProcess.js:190:6160)
    at async AI (file:///home/aehsan4004/.vscode-server/bin/33fc5a94a3f99ebe7087e8fe79fbe1d37a251016/out/vs/workbench/api/node/extensionHostProcess.js:190:5796)
    at async pV.g (file:///home/aehsan4004/.vscode-server/bin/33fc5a94a3f99ebe7087e8fe79fbe1d37a251016/out/vs/workbench/api/node/extensionHostProcess.js:190:4657)
    at async pV.h (file:///home/aehsan4004/.vscode-server/bin/33fc5a94a3f99ebe7087e8fe79fbe1d37a251016/out/vs/workbench/api/node/extensionHostProcess.js:112:10546)
2025-02-10 13:36:30.627 [info] Lock '/home/aehsan4004/.vscode-server/data/User/workspaceStorage/08657293350c16d3cb2041717647d3de/vscode.lock': Could not acquire lock, checking if the file is stale.
2025-02-10 13:36:30.642 [info] ExtensionService#_doActivateExtension vscode.emmet, startup: false, activationEvent: 'onLanguage'
2025-02-10 13:36:30.645 [info] ExtensionService#_doActivateExtension vscode.html-language-features, startup: false, activationEvent: 'onLanguage:html'
2025-02-10 13:36:32.428 [info] ExtensionService#_doActivateExtension vscode.git-base, startup: true, activationEvent: '*', root cause: vscode.git
2025-02-10 13:36:32.949 [error] SyntaxError: Unexpected end of JSON input
	at JSON.parse (<anonymous>)
	at Ly (file:///home/aehsan4004/.vscode-server/bin/33fc5a94a3f99ebe7087e8fe79fbe1d37a251016/out/vs/workbench/api/node/extensionHostProcess.js:190:6160)
	at async bV (file:///home/aehsan4004/.vscode-server/bin/33fc5a94a3f99ebe7087e8fe79fbe1d37a251016/out/vs/workbench/api/node/extensionHostProcess.js:190:6419)
	at async pV.g (file:///home/aehsan4004/.vscode-server/bin/33fc5a94a3f99ebe7087e8fe79fbe1d37a251016/out/vs/workbench/api/node/extensionHostProcess.js:190:4657)
	at async pV.h (file:///home/aehsan4004/.vscode-server/bin/33fc5a94a3f99ebe7087e8fe79fbe1d37a251016/out/vs/workbench/api/node/extensionHostProcess.js:112:10546)
2025-02-10 13:36:32.950 [info] Lock '/home/aehsan4004/.vscode-server/data/User/workspaceStorage/08657293350c16d3cb2041717647d3de/vscode.lock': Could not read pid of lock holder.
2025-02-10 13:36:32.950 [info] Lock '/home/aehsan4004/.vscode-server/data/User/workspaceStorage/08657293350c16d3cb2041717647d3de/vscode.lock': Deleting a stale lock.
2025-02-10 13:36:33.534 [info] Lock '/home/aehsan4004/.vscode-server/data/User/workspaceStorage/08657293350c16d3cb2041717647d3de/vscode.lock': Lock acquired.
2025-02-10 13:36:34.002 [info] ExtensionService#_doActivateExtension vscode.git, startup: true, activationEvent: '*'
2025-02-10 13:36:34.003 [info] ExtensionService#_doActivateExtension vscode.github, startup: true, activationEvent: '*'
2025-02-10 13:36:39.272 [info] Eager extensions activated
2025-02-10 13:36:39.272 [info] ExtensionService#_doActivateExtension vscode.debug-auto-launch, startup: false, activationEvent: 'onStartupFinished'
2025-02-10 13:36:39.273 [info] ExtensionService#_doActivateExtension vscode.merge-conflict, startup: false, activationEvent: 'onStartupFinished'
2025-02-10 13:47:03.159 [info] ExtensionService#_doActivateExtension vscode.css-language-features, startup: false, activationEvent: 'onLanguage:css'
2025-02-10 17:25:04.863 [info] Extension host terminating: received terminate message from renderer
2025-02-10 17:25:06.092 [info] Lock '/home/aehsan4004/.vscode-server/data/User/workspaceStorage/08657293350c16d3cb2041717647d3de/vscode.lock': Marking the lockfile as scheduled to be released in 6000 ms.
2025-02-10 17:25:17.584 [error] Canceled: Canceled
	at new XT (file:///home/aehsan4004/.vscode-server/bin/33fc5a94a3f99ebe7087e8fe79fbe1d37a251016/out/vs/workbench/api/node/extensionHostProcess.js:29:153636)
	at Uy.U (file:///home/aehsan4004/.vscode-server/bin/33fc5a94a3f99ebe7087e8fe79fbe1d37a251016/out/vs/workbench/api/node/extensionHostProcess.js:29:158246)
	at s.<computed>.n.charCodeAt.s.<computed> (file:///home/aehsan4004/.vscode-server/bin/33fc5a94a3f99ebe7087e8fe79fbe1d37a251016/out/vs/workbench/api/node/extensionHostProcess.js:29:155740)
	at mw.g (file:///home/aehsan4004/.vscode-server/bin/33fc5a94a3f99ebe7087e8fe79fbe1d37a251016/out/vs/workbench/api/node/extensionHostProcess.js:112:32221)
	at mw.executeCommand (file:///home/aehsan4004/.vscode-server/bin/33fc5a94a3f99ebe7087e8fe79fbe1d37a251016/out/vs/workbench/api/node/extensionHostProcess.js:112:31725)
	at r.registerCommand.description (file:///home/aehsan4004/.vscode-server/bin/33fc5a94a3f99ebe7087e8fe79fbe1d37a251016/out/vs/workbench/api/node/extensionHostProcess.js:112:31055)
	at mw.h (file:///home/aehsan4004/.vscode-server/bin/33fc5a94a3f99ebe7087e8fe79fbe1d37a251016/out/vs/workbench/api/node/extensionHostProcess.js:112:32741)
	at mw.g (file:///home/aehsan4004/.vscode-server/bin/33fc5a94a3f99ebe7087e8fe79fbe1d37a251016/out/vs/workbench/api/node/extensionHostProcess.js:112:31818)
	at mw.executeCommand (file:///home/aehsan4004/.vscode-server/bin/33fc5a94a3f99ebe7087e8fe79fbe1d37a251016/out/vs/workbench/api/node/extensionHostProcess.js:112:31725)
	at Object.executeCommand (file:///home/aehsan4004/.vscode-server/bin/33fc5a94a3f99ebe7087e8fe79fbe1d37a251016/out/vs/workbench/api/node/extensionHostProcess.js:172:37254)
	at Ah.L [as value] (/home/aehsan4004/.vscode-server/bin/33fc5a94a3f99ebe7087e8fe79fbe1d37a251016/extensions/git/dist/main.js:2:997602)
	at D.B (file:///home/aehsan4004/.vscode-server/bin/33fc5a94a3f99ebe7087e8fe79fbe1d37a251016/out/vs/workbench/api/node/extensionHostProcess.js:27:2373)
	at D.C (file:///home/aehsan4004/.vscode-server/bin/33fc5a94a3f99ebe7087e8fe79fbe1d37a251016/out/vs/workbench/api/node/extensionHostProcess.js:27:2443)
	at D.fire (file:///home/aehsan4004/.vscode-server/bin/33fc5a94a3f99ebe7087e8fe79fbe1d37a251016/out/vs/workbench/api/node/extensionHostProcess.js:27:2660)
	at Object.p [as dispose] (/home/aehsan4004/.vscode-server/bin/33fc5a94a3f99ebe7087e8fe79fbe1d37a251016/extensions/git/dist/main.js:2:1020242)
	at /home/aehsan4004/.vscode-server/bin/33fc5a94a3f99ebe7087e8fe79fbe1d37a251016/extensions/git/dist/main.js:2:1026621
	at Array.forEach (<anonymous>)
	at b.dispose (/home/aehsan4004/.vscode-server/bin/33fc5a94a3f99ebe7087e8fe79fbe1d37a251016/extensions/git/dist/main.js:2:1026607)
	at cv.<anonymous> (file:///home/aehsan4004/.vscode-server/bin/33fc5a94a3f99ebe7087e8fe79fbe1d37a251016/out/vs/workbench/api/node/extensionHostProcess.js:106:20084)
	at cv.dispose (file:///home/aehsan4004/.vscode-server/bin/33fc5a94a3f99ebe7087e8fe79fbe1d37a251016/out/vs/workbench/api/node/extensionHostProcess.js:106:20180)
	at cv.<anonymous> (/home/aehsan4004/.vscode-server/bin/33fc5a94a3f99ebe7087e8fe79fbe1d37a251016/extensions/git/dist/main.js:2:1000086)
	at cv.dispose (file:///home/aehsan4004/.vscode-server/bin/33fc5a94a3f99ebe7087e8fe79fbe1d37a251016/out/vs/workbench/api/node/extensionHostProcess.js:106:20180)
	at ui (file:///home/aehsan4004/.vscode-server/bin/33fc5a94a3f99ebe7087e8fe79fbe1d37a251016/out/vs/workbench/api/node/extensionHostProcess.js:25:699)
	at file:///home/aehsan4004/.vscode-server/bin/33fc5a94a3f99ebe7087e8fe79fbe1d37a251016/out/vs/workbench/api/node/extensionHostProcess.js:116:14992
	at file:///home/aehsan4004/.vscode-server/bin/33fc5a94a3f99ebe7087e8fe79fbe1d37a251016/out/vs/workbench/api/node/extensionHostProcess.js:25:1009
	at Object.dispose (file:///home/aehsan4004/.vscode-server/bin/33fc5a94a3f99ebe7087e8fe79fbe1d37a251016/out/vs/workbench/api/node/extensionHostProcess.js:8:705)
	at PW.eb (file:///home/aehsan4004/.vscode-server/bin/33fc5a94a3f99ebe7087e8fe79fbe1d37a251016/out/vs/workbench/api/node/extensionHostProcess.js:116:11919)
	at file:///home/aehsan4004/.vscode-server/bin/33fc5a94a3f99ebe7087e8fe79fbe1d37a251016/out/vs/workbench/api/node/extensionHostProcess.js:116:9874
	at Array.map (<anonymous>)
	at PW.$ (file:///home/aehsan4004/.vscode-server/bin/33fc5a94a3f99ebe7087e8fe79fbe1d37a251016/out/vs/workbench/api/node/extensionHostProcess.js:116:9862)
	at PW.terminate (file:///home/aehsan4004/.vscode-server/bin/33fc5a94a3f99ebe7087e8fe79fbe1d37a251016/out/vs/workbench/api/node/extensionHostProcess.js:116:10105)
	at wC.terminate (file:///home/aehsan4004/.vscode-server/bin/33fc5a94a3f99ebe7087e8fe79fbe1d37a251016/out/vs/workbench/api/node/extensionHostProcess.js:117:1434)
	at ts (file:///home/aehsan4004/.vscode-server/bin/33fc5a94a3f99ebe7087e8fe79fbe1d37a251016/out/vs/workbench/api/node/extensionHostProcess.js:190:15080)
	at Ah.value (file:///home/aehsan4004/.vscode-server/bin/33fc5a94a3f99ebe7087e8fe79fbe1d37a251016/out/vs/workbench/api/node/extensionHostProcess.js:190:13241)
	at D.B (file:///home/aehsan4004/.vscode-server/bin/33fc5a94a3f99ebe7087e8fe79fbe1d37a251016/out/vs/workbench/api/node/extensionHostProcess.js:27:2373)
	at D.fire (file:///home/aehsan4004/.vscode-server/bin/33fc5a94a3f99ebe7087e8fe79fbe1d37a251016/out/vs/workbench/api/node/extensionHostProcess.js:27:2591)
	at Xn.fire (file:///home/aehsan4004/.vscode-server/bin/33fc5a94a3f99ebe7087e8fe79fbe1d37a251016/out/vs/workbench/api/node/extensionHostProcess.js:29:9458)
	at Gm.A (file:///home/aehsan4004/.vscode-server/bin/33fc5a94a3f99ebe7087e8fe79fbe1d37a251016/out/vs/workbench/api/node/extensionHostProcess.js:29:12574)
	at Ah.value (file:///home/aehsan4004/.vscode-server/bin/33fc5a94a3f99ebe7087e8fe79fbe1d37a251016/out/vs/workbench/api/node/extensionHostProcess.js:29:11975)
	at D.B (file:///home/aehsan4004/.vscode-server/bin/33fc5a94a3f99ebe7087e8fe79fbe1d37a251016/out/vs/workbench/api/node/extensionHostProcess.js:27:2373)
	at D.fire (file:///home/aehsan4004/.vscode-server/bin/33fc5a94a3f99ebe7087e8fe79fbe1d37a251016/out/vs/workbench/api/node/extensionHostProcess.js:27:2591)
	at m6.acceptChunk (file:///home/aehsan4004/.vscode-server/bin/33fc5a94a3f99ebe7087e8fe79fbe1d37a251016/out/vs/workbench/api/node/extensionHostProcess.js:29:7941)
	at Ah.value (file:///home/aehsan4004/.vscode-server/bin/33fc5a94a3f99ebe7087e8fe79fbe1d37a251016/out/vs/workbench/api/node/extensionHostProcess.js:29:7227)
	at D.B (file:///home/aehsan4004/.vscode-server/bin/33fc5a94a3f99ebe7087e8fe79fbe1d37a251016/out/vs/workbench/api/node/extensionHostProcess.js:27:2373)
	at D.fire (file:///home/aehsan4004/.vscode-server/bin/33fc5a94a3f99ebe7087e8fe79fbe1d37a251016/out/vs/workbench/api/node/extensionHostProcess.js:27:2591)
	at BA.z (file:///home/aehsan4004/.vscode-server/bin/33fc5a94a3f99ebe7087e8fe79fbe1d37a251016/out/vs/workbench/api/node/extensionHostProcess.js:29:21254)
	at BA.acceptFrame (file:///home/aehsan4004/.vscode-server/bin/33fc5a94a3f99ebe7087e8fe79fbe1d37a251016/out/vs/workbench/api/node/extensionHostProcess.js:29:21060)
	at jA.n (file:///home/aehsan4004/.vscode-server/bin/33fc5a94a3f99ebe7087e8fe79fbe1d37a251016/out/vs/workbench/api/node/extensionHostProcess.js:29:19588)
	at file:///home/aehsan4004/.vscode-server/bin/33fc5a94a3f99ebe7087e8fe79fbe1d37a251016/out/vs/workbench/api/node/extensionHostProcess.js:29:16820
	at Socket.t (file:///home/aehsan4004/.vscode-server/bin/33fc5a94a3f99ebe7087e8fe79fbe1d37a251016/out/vs/workbench/api/node/extensionHostProcess.js:29:14761)
	at Socket.emit (node:events:518:28)
	at addChunk (node:internal/streams/readable:561:12)
	at readableAddChunkPushByteMode (node:internal/streams/readable:512:3)
	at Readable.push (node:internal/streams/readable:392:5)
	at TCP.onStreamRead (node:internal/stream_base_commons:191:23) setContext undefined
2025-02-10 17:25:17.586 [error] Canceled: Canceled
	at new XT (file:///home/aehsan4004/.vscode-server/bin/33fc5a94a3f99ebe7087e8fe79fbe1d37a251016/out/vs/workbench/api/node/extensionHostProcess.js:29:153636)
	at Uy.U (file:///home/aehsan4004/.vscode-server/bin/33fc5a94a3f99ebe7087e8fe79fbe1d37a251016/out/vs/workbench/api/node/extensionHostProcess.js:29:158246)
	at s.<computed>.n.charCodeAt.s.<computed> (file:///home/aehsan4004/.vscode-server/bin/33fc5a94a3f99ebe7087e8fe79fbe1d37a251016/out/vs/workbench/api/node/extensionHostProcess.js:29:155740)
	at mw.g (file:///home/aehsan4004/.vscode-server/bin/33fc5a94a3f99ebe7087e8fe79fbe1d37a251016/out/vs/workbench/api/node/extensionHostProcess.js:112:32221)
	at mw.executeCommand (file:///home/aehsan4004/.vscode-server/bin/33fc5a94a3f99ebe7087e8fe79fbe1d37a251016/out/vs/workbench/api/node/extensionHostProcess.js:112:31725)
	at r.registerCommand.description (file:///home/aehsan4004/.vscode-server/bin/33fc5a94a3f99ebe7087e8fe79fbe1d37a251016/out/vs/workbench/api/node/extensionHostProcess.js:112:31055)
	at mw.h (file:///home/aehsan4004/.vscode-server/bin/33fc5a94a3f99ebe7087e8fe79fbe1d37a251016/out/vs/workbench/api/node/extensionHostProcess.js:112:32741)
	at mw.g (file:///home/aehsan4004/.vscode-server/bin/33fc5a94a3f99ebe7087e8fe79fbe1d37a251016/out/vs/workbench/api/node/extensionHostProcess.js:112:31818)
	at mw.executeCommand (file:///home/aehsan4004/.vscode-server/bin/33fc5a94a3f99ebe7087e8fe79fbe1d37a251016/out/vs/workbench/api/node/extensionHostProcess.js:112:31725)
	at Object.executeCommand (file:///home/aehsan4004/.vscode-server/bin/33fc5a94a3f99ebe7087e8fe79fbe1d37a251016/out/vs/workbench/api/node/extensionHostProcess.js:172:37254)
	at Ah.L [as value] (/home/aehsan4004/.vscode-server/bin/33fc5a94a3f99ebe7087e8fe79fbe1d37a251016/extensions/git/dist/main.js:2:997602)
	at D.B (file:///home/aehsan4004/.vscode-server/bin/33fc5a94a3f99ebe7087e8fe79fbe1d37a251016/out/vs/workbench/api/node/extensionHostProcess.js:27:2373)
	at D.C (file:///home/aehsan4004/.vscode-server/bin/33fc5a94a3f99ebe7087e8fe79fbe1d37a251016/out/vs/workbench/api/node/extensionHostProcess.js:27:2443)
	at D.fire (file:///home/aehsan4004/.vscode-server/bin/33fc5a94a3f99ebe7087e8fe79fbe1d37a251016/out/vs/workbench/api/node/extensionHostProcess.js:27:2660)
	at Object.p [as dispose] (/home/aehsan4004/.vscode-server/bin/33fc5a94a3f99ebe7087e8fe79fbe1d37a251016/extensions/git/dist/main.js:2:1020242)
	at /home/aehsan4004/.vscode-server/bin/33fc5a94a3f99ebe7087e8fe79fbe1d37a251016/extensions/git/dist/main.js:2:1026621
	at Array.forEach (<anonymous>)
	at b.dispose (/home/aehsan4004/.vscode-server/bin/33fc5a94a3f99ebe7087e8fe79fbe1d37a251016/extensions/git/dist/main.js:2:1026607)
	at cv.<anonymous> (file:///home/aehsan4004/.vscode-server/bin/33fc5a94a3f99ebe7087e8fe79fbe1d37a251016/out/vs/workbench/api/node/extensionHostProcess.js:106:20084)
	at cv.dispose (file:///home/aehsan4004/.vscode-server/bin/33fc5a94a3f99ebe7087e8fe79fbe1d37a251016/out/vs/workbench/api/node/extensionHostProcess.js:106:20180)
	at cv.<anonymous> (/home/aehsan4004/.vscode-server/bin/33fc5a94a3f99ebe7087e8fe79fbe1d37a251016/extensions/git/dist/main.js:2:1000086)
	at cv.dispose (file:///home/aehsan4004/.vscode-server/bin/33fc5a94a3f99ebe7087e8fe79fbe1d37a251016/out/vs/workbench/api/node/extensionHostProcess.js:106:20180)
	at ui (file:///home/aehsan4004/.vscode-server/bin/33fc5a94a3f99ebe7087e8fe79fbe1d37a251016/out/vs/workbench/api/node/extensionHostProcess.js:25:699)
	at file:///home/aehsan4004/.vscode-server/bin/33fc5a94a3f99ebe7087e8fe79fbe1d37a251016/out/vs/workbench/api/node/extensionHostProcess.js:116:14992
	at file:///home/aehsan4004/.vscode-server/bin/33fc5a94a3f99ebe7087e8fe79fbe1d37a251016/out/vs/workbench/api/node/extensionHostProcess.js:25:1009
	at Object.dispose (file:///home/aehsan4004/.vscode-server/bin/33fc5a94a3f99ebe7087e8fe79fbe1d37a251016/out/vs/workbench/api/node/extensionHostProcess.js:8:705)
	at PW.eb (file:///home/aehsan4004/.vscode-server/bin/33fc5a94a3f99ebe7087e8fe79fbe1d37a251016/out/vs/workbench/api/node/extensionHostProcess.js:116:11919)
	at file:///home/aehsan4004/.vscode-server/bin/33fc5a94a3f99ebe7087e8fe79fbe1d37a251016/out/vs/workbench/api/node/extensionHostProcess.js:116:9874
	at Array.map (<anonymous>)
	at PW.$ (file:///home/aehsan4004/.vscode-server/bin/33fc5a94a3f99ebe7087e8fe79fbe1d37a251016/out/vs/workbench/api/node/extensionHostProcess.js:116:9862)
	at PW.terminate (file:///home/aehsan4004/.vscode-server/bin/33fc5a94a3f99ebe7087e8fe79fbe1d37a251016/out/vs/workbench/api/node/extensionHostProcess.js:116:10105)
	at wC.terminate (file:///home/aehsan4004/.vscode-server/bin/33fc5a94a3f99ebe7087e8fe79fbe1d37a251016/out/vs/workbench/api/node/extensionHostProcess.js:117:1434)
	at ts (file:///home/aehsan4004/.vscode-server/bin/33fc5a94a3f99ebe7087e8fe79fbe1d37a251016/out/vs/workbench/api/node/extensionHostProcess.js:190:15080)
	at Ah.value (file:///home/aehsan4004/.vscode-server/bin/33fc5a94a3f99ebe7087e8fe79fbe1d37a251016/out/vs/workbench/api/node/extensionHostProcess.js:190:13241)
	at D.B (file:///home/aehsan4004/.vscode-server/bin/33fc5a94a3f99ebe7087e8fe79fbe1d37a251016/out/vs/workbench/api/node/extensionHostProcess.js:27:2373)
	at D.fire (file:///home/aehsan4004/.vscode-server/bin/33fc5a94a3f99ebe7087e8fe79fbe1d37a251016/out/vs/workbench/api/node/extensionHostProcess.js:27:2591)
	at Xn.fire (file:///home/aehsan4004/.vscode-server/bin/33fc5a94a3f99ebe7087e8fe79fbe1d37a251016/out/vs/workbench/api/node/extensionHostProcess.js:29:9458)
	at Gm.A (file:///home/aehsan4004/.vscode-server/bin/33fc5a94a3f99ebe7087e8fe79fbe1d37a251016/out/vs/workbench/api/node/extensionHostProcess.js:29:12574)
	at Ah.value (file:///home/aehsan4004/.vscode-server/bin/33fc5a94a3f99ebe7087e8fe79fbe1d37a251016/out/vs/workbench/api/node/extensionHostProcess.js:29:11975)
	at D.B (file:///home/aehsan4004/.vscode-server/bin/33fc5a94a3f99ebe7087e8fe79fbe1d37a251016/out/vs/workbench/api/node/extensionHostProcess.js:27:2373)
	at D.fire (file:///home/aehsan4004/.vscode-server/bin/33fc5a94a3f99ebe7087e8fe79fbe1d37a251016/out/vs/workbench/api/node/extensionHostProcess.js:27:2591)
	at m6.acceptChunk (file:///home/aehsan4004/.vscode-server/bin/33fc5a94a3f99ebe7087e8fe79fbe1d37a251016/out/vs/workbench/api/node/extensionHostProcess.js:29:7941)
	at Ah.value (file:///home/aehsan4004/.vscode-server/bin/33fc5a94a3f99ebe7087e8fe79fbe1d37a251016/out/vs/workbench/api/node/extensionHostProcess.js:29:7227)
	at D.B (file:///home/aehsan4004/.vscode-server/bin/33fc5a94a3f99ebe7087e8fe79fbe1d37a251016/out/vs/workbench/api/node/extensionHostProcess.js:27:2373)
	at D.fire (file:///home/aehsan4004/.vscode-server/bin/33fc5a94a3f99ebe7087e8fe79fbe1d37a251016/out/vs/workbench/api/node/extensionHostProcess.js:27:2591)
	at BA.z (file:///home/aehsan4004/.vscode-server/bin/33fc5a94a3f99ebe7087e8fe79fbe1d37a251016/out/vs/workbench/api/node/extensionHostProcess.js:29:21254)
	at BA.acceptFrame (file:///home/aehsan4004/.vscode-server/bin/33fc5a94a3f99ebe7087e8fe79fbe1d37a251016/out/vs/workbench/api/node/extensionHostProcess.js:29:21060)
	at jA.n (file:///home/aehsan4004/.vscode-server/bin/33fc5a94a3f99ebe7087e8fe79fbe1d37a251016/out/vs/workbench/api/node/extensionHostProcess.js:29:19588)
	at file:///home/aehsan4004/.vscode-server/bin/33fc5a94a3f99ebe7087e8fe79fbe1d37a251016/out/vs/workbench/api/node/extensionHostProcess.js:29:16820
	at Socket.t (file:///home/aehsan4004/.vscode-server/bin/33fc5a94a3f99ebe7087e8fe79fbe1d37a251016/out/vs/workbench/api/node/extensionHostProcess.js:29:14761)
	at Socket.emit (node:events:518:28)
	at addChunk (node:internal/streams/readable:561:12)
	at readableAddChunkPushByteMode (node:internal/streams/readable:512:3)
	at Readable.push (node:internal/streams/readable:392:5)
	at TCP.onStreamRead (node:internal/stream_base_commons:191:23) setContext undefined
2025-02-10 17:25:17.588 [error] Canceled: Canceled
	at new XT (file:///home/aehsan4004/.vscode-server/bin/33fc5a94a3f99ebe7087e8fe79fbe1d37a251016/out/vs/workbench/api/node/extensionHostProcess.js:29:153636)
	at Uy.U (file:///home/aehsan4004/.vscode-server/bin/33fc5a94a3f99ebe7087e8fe79fbe1d37a251016/out/vs/workbench/api/node/extensionHostProcess.js:29:158246)
	at s.<computed>.n.charCodeAt.s.<computed> (file:///home/aehsan4004/.vscode-server/bin/33fc5a94a3f99ebe7087e8fe79fbe1d37a251016/out/vs/workbench/api/node/extensionHostProcess.js:29:155740)
	at mw.g (file:///home/aehsan4004/.vscode-server/bin/33fc5a94a3f99ebe7087e8fe79fbe1d37a251016/out/vs/workbench/api/node/extensionHostProcess.js:112:32221)
	at mw.executeCommand (file:///home/aehsan4004/.vscode-server/bin/33fc5a94a3f99ebe7087e8fe79fbe1d37a251016/out/vs/workbench/api/node/extensionHostProcess.js:112:31725)
	at r.registerCommand.description (file:///home/aehsan4004/.vscode-server/bin/33fc5a94a3f99ebe7087e8fe79fbe1d37a251016/out/vs/workbench/api/node/extensionHostProcess.js:112:31055)
	at mw.h (file:///home/aehsan4004/.vscode-server/bin/33fc5a94a3f99ebe7087e8fe79fbe1d37a251016/out/vs/workbench/api/node/extensionHostProcess.js:112:32741)
	at mw.g (file:///home/aehsan4004/.vscode-server/bin/33fc5a94a3f99ebe7087e8fe79fbe1d37a251016/out/vs/workbench/api/node/extensionHostProcess.js:112:31818)
	at mw.executeCommand (file:///home/aehsan4004/.vscode-server/bin/33fc5a94a3f99ebe7087e8fe79fbe1d37a251016/out/vs/workbench/api/node/extensionHostProcess.js:112:31725)
	at Object.executeCommand (file:///home/aehsan4004/.vscode-server/bin/33fc5a94a3f99ebe7087e8fe79fbe1d37a251016/out/vs/workbench/api/node/extensionHostProcess.js:172:37254)
	at Ah.L [as value] (/home/aehsan4004/.vscode-server/bin/33fc5a94a3f99ebe7087e8fe79fbe1d37a251016/extensions/git/dist/main.js:2:997602)
	at D.B (file:///home/aehsan4004/.vscode-server/bin/33fc5a94a3f99ebe7087e8fe79fbe1d37a251016/out/vs/workbench/api/node/extensionHostProcess.js:27:2373)
	at D.C (file:///home/aehsan4004/.vscode-server/bin/33fc5a94a3f99ebe7087e8fe79fbe1d37a251016/out/vs/workbench/api/node/extensionHostProcess.js:27:2443)
	at D.fire (file:///home/aehsan4004/.vscode-server/bin/33fc5a94a3f99ebe7087e8fe79fbe1d37a251016/out/vs/workbench/api/node/extensionHostProcess.js:27:2660)
	at Object.p [as dispose] (/home/aehsan4004/.vscode-server/bin/33fc5a94a3f99ebe7087e8fe79fbe1d37a251016/extensions/git/dist/main.js:2:1020242)
	at /home/aehsan4004/.vscode-server/bin/33fc5a94a3f99ebe7087e8fe79fbe1d37a251016/extensions/git/dist/main.js:2:1026621
	at Array.forEach (<anonymous>)
	at b.dispose (/home/aehsan4004/.vscode-server/bin/33fc5a94a3f99ebe7087e8fe79fbe1d37a251016/extensions/git/dist/main.js:2:1026607)
	at cv.<anonymous> (file:///home/aehsan4004/.vscode-server/bin/33fc5a94a3f99ebe7087e8fe79fbe1d37a251016/out/vs/workbench/api/node/extensionHostProcess.js:106:20084)
	at cv.dispose (file:///home/aehsan4004/.vscode-server/bin/33fc5a94a3f99ebe7087e8fe79fbe1d37a251016/out/vs/workbench/api/node/extensionHostProcess.js:106:20180)
	at cv.<anonymous> (/home/aehsan4004/.vscode-server/bin/33fc5a94a3f99ebe7087e8fe79fbe1d37a251016/extensions/git/dist/main.js:2:1000086)
	at cv.dispose (file:///home/aehsan4004/.vscode-server/bin/33fc5a94a3f99ebe7087e8fe79fbe1d37a251016/out/vs/workbench/api/node/extensionHostProcess.js:106:20180)
	at ui (file:///home/aehsan4004/.vscode-server/bin/33fc5a94a3f99ebe7087e8fe79fbe1d37a251016/out/vs/workbench/api/node/extensionHostProcess.js:25:699)
	at file:///home/aehsan4004/.vscode-server/bin/33fc5a94a3f99ebe7087e8fe79fbe1d37a251016/out/vs/workbench/api/node/extensionHostProcess.js:116:14992
	at file:///home/aehsan4004/.vscode-server/bin/33fc5a94a3f99ebe7087e8fe79fbe1d37a251016/out/vs/workbench/api/node/extensionHostProcess.js:25:1009
	at Object.dispose (file:///home/aehsan4004/.vscode-server/bin/33fc5a94a3f99ebe7087e8fe79fbe1d37a251016/out/vs/workbench/api/node/extensionHostProcess.js:8:705)
	at PW.eb (file:///home/aehsan4004/.vscode-server/bin/33fc5a94a3f99ebe7087e8fe79fbe1d37a251016/out/vs/workbench/api/node/extensionHostProcess.js:116:11919)
	at file:///home/aehsan4004/.vscode-server/bin/33fc5a94a3f99ebe7087e8fe79fbe1d37a251016/out/vs/workbench/api/node/extensionHostProcess.js:116:9874
	at Array.map (<anonymous>)
	at PW.$ (file:///home/aehsan4004/.vscode-server/bin/33fc5a94a3f99ebe7087e8fe79fbe1d37a251016/out/vs/workbench/api/node/extensionHostProcess.js:116:9862)
	at PW.terminate (file:///home/aehsan4004/.vscode-server/bin/33fc5a94a3f99ebe7087e8fe79fbe1d37a251016/out/vs/workbench/api/node/extensionHostProcess.js:116:10105)
	at wC.terminate (file:///home/aehsan4004/.vscode-server/bin/33fc5a94a3f99ebe7087e8fe79fbe1d37a251016/out/vs/workbench/api/node/extensionHostProcess.js:117:1434)
	at ts (file:///home/aehsan4004/.vscode-server/bin/33fc5a94a3f99ebe7087e8fe79fbe1d37a251016/out/vs/workbench/api/node/extensionHostProcess.js:190:15080)
	at Ah.value (file:///home/aehsan4004/.vscode-server/bin/33fc5a94a3f99ebe7087e8fe79fbe1d37a251016/out/vs/workbench/api/node/extensionHostProcess.js:190:13241)
	at D.B (file:///home/aehsan4004/.vscode-server/bin/33fc5a94a3f99ebe7087e8fe79fbe1d37a251016/out/vs/workbench/api/node/extensionHostProcess.js:27:2373)
	at D.fire (file:///home/aehsan4004/.vscode-server/bin/33fc5a94a3f99ebe7087e8fe79fbe1d37a251016/out/vs/workbench/api/node/extensionHostProcess.js:27:2591)
	at Xn.fire (file:///home/aehsan4004/.vscode-server/bin/33fc5a94a3f99ebe7087e8fe79fbe1d37a251016/out/vs/workbench/api/node/extensionHostProcess.js:29:9458)
	at Gm.A (file:///home/aehsan4004/.vscode-server/bin/33fc5a94a3f99ebe7087e8fe79fbe1d37a251016/out/vs/workbench/api/node/extensionHostProcess.js:29:12574)
	at Ah.value (file:///home/aehsan4004/.vscode-server/bin/33fc5a94a3f99ebe7087e8fe79fbe1d37a251016/out/vs/workbench/api/node/extensionHostProcess.js:29:11975)
	at D.B (file:///home/aehsan4004/.vscode-server/bin/33fc5a94a3f99ebe7087e8fe79fbe1d37a251016/out/vs/workbench/api/node/extensionHostProcess.js:27:2373)
	at D.fire (file:///home/aehsan4004/.vscode-server/bin/33fc5a94a3f99ebe7087e8fe79fbe1d37a251016/out/vs/workbench/api/node/extensionHostProcess.js:27:2591)
	at m6.acceptChunk (file:///home/aehsan4004/.vscode-server/bin/33fc5a94a3f99ebe7087e8fe79fbe1d37a251016/out/vs/workbench/api/node/extensionHostProcess.js:29:7941)
	at Ah.value (file:///home/aehsan4004/.vscode-server/bin/33fc5a94a3f99ebe7087e8fe79fbe1d37a251016/out/vs/workbench/api/node/extensionHostProcess.js:29:7227)
	at D.B (file:///home/aehsan4004/.vscode-server/bin/33fc5a94a3f99ebe7087e8fe79fbe1d37a251016/out/vs/workbench/api/node/extensionHostProcess.js:27:2373)
	at D.fire (file:///home/aehsan4004/.vscode-server/bin/33fc5a94a3f99ebe7087e8fe79fbe1d37a251016/out/vs/workbench/api/node/extensionHostProcess.js:27:2591)
	at BA.z (file:///home/aehsan4004/.vscode-server/bin/33fc5a94a3f99ebe7087e8fe79fbe1d37a251016/out/vs/workbench/api/node/extensionHostProcess.js:29:21254)
	at BA.acceptFrame (file:///home/aehsan4004/.vscode-server/bin/33fc5a94a3f99ebe7087e8fe79fbe1d37a251016/out/vs/workbench/api/node/extensionHostProcess.js:29:21060)
	at jA.n (file:///home/aehsan4004/.vscode-server/bin/33fc5a94a3f99ebe7087e8fe79fbe1d37a251016/out/vs/workbench/api/node/extensionHostProcess.js:29:19588)
	at file:///home/aehsan4004/.vscode-server/bin/33fc5a94a3f99ebe7087e8fe79fbe1d37a251016/out/vs/workbench/api/node/extensionHostProcess.js:29:16820
	at Socket.t (file:///home/aehsan4004/.vscode-server/bin/33fc5a94a3f99ebe7087e8fe79fbe1d37a251016/out/vs/workbench/api/node/extensionHostProcess.js:29:14761)
	at Socket.emit (node:events:518:28)
	at addChunk (node:internal/streams/readable:561:12)
	at readableAddChunkPushByteMode (node:internal/streams/readable:512:3)
	at Readable.push (node:internal/streams/readable:392:5)
	at TCP.onStreamRead (node:internal/stream_base_commons:191:23) setContext undefined
2025-02-10 17:25:17.590 [error] Canceled: Canceled
	at new XT (file:///home/aehsan4004/.vscode-server/bin/33fc5a94a3f99ebe7087e8fe79fbe1d37a251016/out/vs/workbench/api/node/extensionHostProcess.js:29:153636)
	at Uy.U (file:///home/aehsan4004/.vscode-server/bin/33fc5a94a3f99ebe7087e8fe79fbe1d37a251016/out/vs/workbench/api/node/extensionHostProcess.js:29:158246)
	at s.<computed>.n.charCodeAt.s.<computed> (file:///home/aehsan4004/.vscode-server/bin/33fc5a94a3f99ebe7087e8fe79fbe1d37a251016/out/vs/workbench/api/node/extensionHostProcess.js:29:155740)
	at mw.g (file:///home/aehsan4004/.vscode-server/bin/33fc5a94a3f99ebe7087e8fe79fbe1d37a251016/out/vs/workbench/api/node/extensionHostProcess.js:112:32221)
	at mw.executeCommand (file:///home/aehsan4004/.vscode-server/bin/33fc5a94a3f99ebe7087e8fe79fbe1d37a251016/out/vs/workbench/api/node/extensionHostProcess.js:112:31725)
	at r.registerCommand.description (file:///home/aehsan4004/.vscode-server/bin/33fc5a94a3f99ebe7087e8fe79fbe1d37a251016/out/vs/workbench/api/node/extensionHostProcess.js:112:31055)
	at mw.h (file:///home/aehsan4004/.vscode-server/bin/33fc5a94a3f99ebe7087e8fe79fbe1d37a251016/out/vs/workbench/api/node/extensionHostProcess.js:112:32741)
	at mw.g (file:///home/aehsan4004/.vscode-server/bin/33fc5a94a3f99ebe7087e8fe79fbe1d37a251016/out/vs/workbench/api/node/extensionHostProcess.js:112:31818)
	at mw.executeCommand (file:///home/aehsan4004/.vscode-server/bin/33fc5a94a3f99ebe7087e8fe79fbe1d37a251016/out/vs/workbench/api/node/extensionHostProcess.js:112:31725)
	at Object.executeCommand (file:///home/aehsan4004/.vscode-server/bin/33fc5a94a3f99ebe7087e8fe79fbe1d37a251016/out/vs/workbench/api/node/extensionHostProcess.js:172:37254)
	at Ah.L [as value] (/home/aehsan4004/.vscode-server/bin/33fc5a94a3f99ebe7087e8fe79fbe1d37a251016/extensions/git/dist/main.js:2:997602)
	at D.B (file:///home/aehsan4004/.vscode-server/bin/33fc5a94a3f99ebe7087e8fe79fbe1d37a251016/out/vs/workbench/api/node/extensionHostProcess.js:27:2373)
	at D.C (file:///home/aehsan4004/.vscode-server/bin/33fc5a94a3f99ebe7087e8fe79fbe1d37a251016/out/vs/workbench/api/node/extensionHostProcess.js:27:2443)
	at D.fire (file:///home/aehsan4004/.vscode-server/bin/33fc5a94a3f99ebe7087e8fe79fbe1d37a251016/out/vs/workbench/api/node/extensionHostProcess.js:27:2660)
	at Object.p [as dispose] (/home/aehsan4004/.vscode-server/bin/33fc5a94a3f99ebe7087e8fe79fbe1d37a251016/extensions/git/dist/main.js:2:1020242)
	at /home/aehsan4004/.vscode-server/bin/33fc5a94a3f99ebe7087e8fe79fbe1d37a251016/extensions/git/dist/main.js:2:1026621
	at Array.forEach (<anonymous>)
	at b.dispose (/home/aehsan4004/.vscode-server/bin/33fc5a94a3f99ebe7087e8fe79fbe1d37a251016/extensions/git/dist/main.js:2:1026607)
	at cv.<anonymous> (file:///home/aehsan4004/.vscode-server/bin/33fc5a94a3f99ebe7087e8fe79fbe1d37a251016/out/vs/workbench/api/node/extensionHostProcess.js:106:20084)
	at cv.dispose (file:///home/aehsan4004/.vscode-server/bin/33fc5a94a3f99ebe7087e8fe79fbe1d37a251016/out/vs/workbench/api/node/extensionHostProcess.js:106:20180)
	at cv.<anonymous> (/home/aehsan4004/.vscode-server/bin/33fc5a94a3f99ebe7087e8fe79fbe1d37a251016/extensions/git/dist/main.js:2:1000086)
	at cv.dispose (file:///home/aehsan4004/.vscode-server/bin/33fc5a94a3f99ebe7087e8fe79fbe1d37a251016/out/vs/workbench/api/node/extensionHostProcess.js:106:20180)
	at ui (file:///home/aehsan4004/.vscode-server/bin/33fc5a94a3f99ebe7087e8fe79fbe1d37a251016/out/vs/workbench/api/node/extensionHostProcess.js:25:699)
	at file:///home/aehsan4004/.vscode-server/bin/33fc5a94a3f99ebe7087e8fe79fbe1d37a251016/out/vs/workbench/api/node/extensionHostProcess.js:116:14992
	at file:///home/aehsan4004/.vscode-server/bin/33fc5a94a3f99ebe7087e8fe79fbe1d37a251016/out/vs/workbench/api/node/extensionHostProcess.js:25:1009
	at Object.dispose (file:///home/aehsan4004/.vscode-server/bin/33fc5a94a3f99ebe7087e8fe79fbe1d37a251016/out/vs/workbench/api/node/extensionHostProcess.js:8:705)
	at PW.eb (file:///home/aehsan4004/.vscode-server/bin/33fc5a94a3f99ebe7087e8fe79fbe1d37a251016/out/vs/workbench/api/node/extensionHostProcess.js:116:11919)
	at file:///home/aehsan4004/.vscode-server/bin/33fc5a94a3f99ebe7087e8fe79fbe1d37a251016/out/vs/workbench/api/node/extensionHostProcess.js:116:9874
	at Array.map (<anonymous>)
	at PW.$ (file:///home/aehsan4004/.vscode-server/bin/33fc5a94a3f99ebe7087e8fe79fbe1d37a251016/out/vs/workbench/api/node/extensionHostProcess.js:116:9862)
	at PW.terminate (file:///home/aehsan4004/.vscode-server/bin/33fc5a94a3f99ebe7087e8fe79fbe1d37a251016/out/vs/workbench/api/node/extensionHostProcess.js:116:10105)
	at wC.terminate (file:///home/aehsan4004/.vscode-server/bin/33fc5a94a3f99ebe7087e8fe79fbe1d37a251016/out/vs/workbench/api/node/extensionHostProcess.js:117:1434)
	at ts (file:///home/aehsan4004/.vscode-server/bin/33fc5a94a3f99ebe7087e8fe79fbe1d37a251016/out/vs/workbench/api/node/extensionHostProcess.js:190:15080)
	at Ah.value (file:///home/aehsan4004/.vscode-server/bin/33fc5a94a3f99ebe7087e8fe79fbe1d37a251016/out/vs/workbench/api/node/extensionHostProcess.js:190:13241)
	at D.B (file:///home/aehsan4004/.vscode-server/bin/33fc5a94a3f99ebe7087e8fe79fbe1d37a251016/out/vs/workbench/api/node/extensionHostProcess.js:27:2373)
	at D.fire (file:///home/aehsan4004/.vscode-server/bin/33fc5a94a3f99ebe7087e8fe79fbe1d37a251016/out/vs/workbench/api/node/extensionHostProcess.js:27:2591)
	at Xn.fire (file:///home/aehsan4004/.vscode-server/bin/33fc5a94a3f99ebe7087e8fe79fbe1d37a251016/out/vs/workbench/api/node/extensionHostProcess.js:29:9458)
	at Gm.A (file:///home/aehsan4004/.vscode-server/bin/33fc5a94a3f99ebe7087e8fe79fbe1d37a251016/out/vs/workbench/api/node/extensionHostProcess.js:29:12574)
	at Ah.value (file:///home/aehsan4004/.vscode-server/bin/33fc5a94a3f99ebe7087e8fe79fbe1d37a251016/out/vs/workbench/api/node/extensionHostProcess.js:29:11975)
	at D.B (file:///home/aehsan4004/.vscode-server/bin/33fc5a94a3f99ebe7087e8fe79fbe1d37a251016/out/vs/workbench/api/node/extensionHostProcess.js:27:2373)
	at D.fire (file:///home/aehsan4004/.vscode-server/bin/33fc5a94a3f99ebe7087e8fe79fbe1d37a251016/out/vs/workbench/api/node/extensionHostProcess.js:27:2591)
	at m6.acceptChunk (file:///home/aehsan4004/.vscode-server/bin/33fc5a94a3f99ebe7087e8fe79fbe1d37a251016/out/vs/workbench/api/node/extensionHostProcess.js:29:7941)
	at Ah.value (file:///home/aehsan4004/.vscode-server/bin/33fc5a94a3f99ebe7087e8fe79fbe1d37a251016/out/vs/workbench/api/node/extensionHostProcess.js:29:7227)
	at D.B (file:///home/aehsan4004/.vscode-server/bin/33fc5a94a3f99ebe7087e8fe79fbe1d37a251016/out/vs/workbench/api/node/extensionHostProcess.js:27:2373)
	at D.fire (file:///home/aehsan4004/.vscode-server/bin/33fc5a94a3f99ebe7087e8fe79fbe1d37a251016/out/vs/workbench/api/node/extensionHostProcess.js:27:2591)
	at BA.z (file:///home/aehsan4004/.vscode-server/bin/33fc5a94a3f99ebe7087e8fe79fbe1d37a251016/out/vs/workbench/api/node/extensionHostProcess.js:29:21254)
	at BA.acceptFrame (file:///home/aehsan4004/.vscode-server/bin/33fc5a94a3f99ebe7087e8fe79fbe1d37a251016/out/vs/workbench/api/node/extensionHostProcess.js:29:21060)
	at jA.n (file:///home/aehsan4004/.vscode-server/bin/33fc5a94a3f99ebe7087e8fe79fbe1d37a251016/out/vs/workbench/api/node/extensionHostProcess.js:29:19588)
	at file:///home/aehsan4004/.vscode-server/bin/33fc5a94a3f99ebe7087e8fe79fbe1d37a251016/out/vs/workbench/api/node/extensionHostProcess.js:29:16820
	at Socket.t (file:///home/aehsan4004/.vscode-server/bin/33fc5a94a3f99ebe7087e8fe79fbe1d37a251016/out/vs/workbench/api/node/extensionHostProcess.js:29:14761)
	at Socket.emit (node:events:518:28)
	at addChunk (node:internal/streams/readable:561:12)
	at readableAddChunkPushByteMode (node:internal/streams/readable:512:3)
	at Readable.push (node:internal/streams/readable:392:5)
	at TCP.onStreamRead (node:internal/stream_base_commons:191:23) setContext undefined
2025-02-10 17:25:18.388 [error] Canceled: Canceled
	at new XT (file:///home/aehsan4004/.vscode-server/bin/33fc5a94a3f99ebe7087e8fe79fbe1d37a251016/out/vs/workbench/api/node/extensionHostProcess.js:29:153636)
	at Uy.U (file:///home/aehsan4004/.vscode-server/bin/33fc5a94a3f99ebe7087e8fe79fbe1d37a251016/out/vs/workbench/api/node/extensionHostProcess.js:29:158246)
	at s.<computed>.n.charCodeAt.s.<computed> (file:///home/aehsan4004/.vscode-server/bin/33fc5a94a3f99ebe7087e8fe79fbe1d37a251016/out/vs/workbench/api/node/extensionHostProcess.js:29:155740)
	at mw.g (file:///home/aehsan4004/.vscode-server/bin/33fc5a94a3f99ebe7087e8fe79fbe1d37a251016/out/vs/workbench/api/node/extensionHostProcess.js:112:32221)
	at mw.executeCommand (file:///home/aehsan4004/.vscode-server/bin/33fc5a94a3f99ebe7087e8fe79fbe1d37a251016/out/vs/workbench/api/node/extensionHostProcess.js:112:31725)
	at r.registerCommand.description (file:///home/aehsan4004/.vscode-server/bin/33fc5a94a3f99ebe7087e8fe79fbe1d37a251016/out/vs/workbench/api/node/extensionHostProcess.js:112:31055)
	at mw.h (file:///home/aehsan4004/.vscode-server/bin/33fc5a94a3f99ebe7087e8fe79fbe1d37a251016/out/vs/workbench/api/node/extensionHostProcess.js:112:32741)
	at mw.g (file:///home/aehsan4004/.vscode-server/bin/33fc5a94a3f99ebe7087e8fe79fbe1d37a251016/out/vs/workbench/api/node/extensionHostProcess.js:112:31818)
	at mw.executeCommand (file:///home/aehsan4004/.vscode-server/bin/33fc5a94a3f99ebe7087e8fe79fbe1d37a251016/out/vs/workbench/api/node/extensionHostProcess.js:112:31725)
	at Object.executeCommand (file:///home/aehsan4004/.vscode-server/bin/33fc5a94a3f99ebe7087e8fe79fbe1d37a251016/out/vs/workbench/api/node/extensionHostProcess.js:172:37254)
	at set hasGitHubRepositories [as hasGitHubRepositories] (/home/aehsan4004/.vscode-server/bin/33fc5a94a3f99ebe7087e8fe79fbe1d37a251016/extensions/github/dist/extension.js:2:344164)
	at /home/aehsan4004/.vscode-server/bin/33fc5a94a3f99ebe7087e8fe79fbe1d37a251016/extensions/github/dist/extension.js:2:345123
	at Ah.value (/home/aehsan4004/.vscode-server/bin/33fc5a94a3f99ebe7087e8fe79fbe1d37a251016/extensions/git/dist/main.js:2:1117802)
	at D.B (file:///home/aehsan4004/.vscode-server/bin/33fc5a94a3f99ebe7087e8fe79fbe1d37a251016/out/vs/workbench/api/node/extensionHostProcess.js:27:2373)
	at D.C (file:///home/aehsan4004/.vscode-server/bin/33fc5a94a3f99ebe7087e8fe79fbe1d37a251016/out/vs/workbench/api/node/extensionHostProcess.js:27:2443)
	at D.fire (file:///home/aehsan4004/.vscode-server/bin/33fc5a94a3f99ebe7087e8fe79fbe1d37a251016/out/vs/workbench/api/node/extensionHostProcess.js:27:2660)
	at Object.p [as dispose] (/home/aehsan4004/.vscode-server/bin/33fc5a94a3f99ebe7087e8fe79fbe1d37a251016/extensions/git/dist/main.js:2:1020242)
	at /home/aehsan4004/.vscode-server/bin/33fc5a94a3f99ebe7087e8fe79fbe1d37a251016/extensions/git/dist/main.js:2:1026621
	at Array.forEach (<anonymous>)
	at b.dispose (/home/aehsan4004/.vscode-server/bin/33fc5a94a3f99ebe7087e8fe79fbe1d37a251016/extensions/git/dist/main.js:2:1026607)
	at cv.<anonymous> (file:///home/aehsan4004/.vscode-server/bin/33fc5a94a3f99ebe7087e8fe79fbe1d37a251016/out/vs/workbench/api/node/extensionHostProcess.js:106:20084)
	at cv.dispose (file:///home/aehsan4004/.vscode-server/bin/33fc5a94a3f99ebe7087e8fe79fbe1d37a251016/out/vs/workbench/api/node/extensionHostProcess.js:106:20180)
	at cv.<anonymous> (/home/aehsan4004/.vscode-server/bin/33fc5a94a3f99ebe7087e8fe79fbe1d37a251016/extensions/git/dist/main.js:2:1000086)
	at cv.dispose (file:///home/aehsan4004/.vscode-server/bin/33fc5a94a3f99ebe7087e8fe79fbe1d37a251016/out/vs/workbench/api/node/extensionHostProcess.js:106:20180)
	at ui (file:///home/aehsan4004/.vscode-server/bin/33fc5a94a3f99ebe7087e8fe79fbe1d37a251016/out/vs/workbench/api/node/extensionHostProcess.js:25:699)
	at file:///home/aehsan4004/.vscode-server/bin/33fc5a94a3f99ebe7087e8fe79fbe1d37a251016/out/vs/workbench/api/node/extensionHostProcess.js:116:14992
	at file:///home/aehsan4004/.vscode-server/bin/33fc5a94a3f99ebe7087e8fe79fbe1d37a251016/out/vs/workbench/api/node/extensionHostProcess.js:25:1009
	at Object.dispose (file:///home/aehsan4004/.vscode-server/bin/33fc5a94a3f99ebe7087e8fe79fbe1d37a251016/out/vs/workbench/api/node/extensionHostProcess.js:8:705)
	at PW.eb (file:///home/aehsan4004/.vscode-server/bin/33fc5a94a3f99ebe7087e8fe79fbe1d37a251016/out/vs/workbench/api/node/extensionHostProcess.js:116:11919)
	at file:///home/aehsan4004/.vscode-server/bin/33fc5a94a3f99ebe7087e8fe79fbe1d37a251016/out/vs/workbench/api/node/extensionHostProcess.js:116:9874
	at Array.map (<anonymous>)
	at PW.$ (file:///home/aehsan4004/.vscode-server/bin/33fc5a94a3f99ebe7087e8fe79fbe1d37a251016/out/vs/workbench/api/node/extensionHostProcess.js:116:9862)
	at PW.terminate (file:///home/aehsan4004/.vscode-server/bin/33fc5a94a3f99ebe7087e8fe79fbe1d37a251016/out/vs/workbench/api/node/extensionHostProcess.js:116:10105)
	at wC.terminate (file:///home/aehsan4004/.vscode-server/bin/33fc5a94a3f99ebe7087e8fe79fbe1d37a251016/out/vs/workbench/api/node/extensionHostProcess.js:117:1434)
	at ts (file:///home/aehsan4004/.vscode-server/bin/33fc5a94a3f99ebe7087e8fe79fbe1d37a251016/out/vs/workbench/api/node/extensionHostProcess.js:190:15080)
	at Ah.value (file:///home/aehsan4004/.vscode-server/bin/33fc5a94a3f99ebe7087e8fe79fbe1d37a251016/out/vs/workbench/api/node/extensionHostProcess.js:190:13241)
	at D.B (file:///home/aehsan4004/.vscode-server/bin/33fc5a94a3f99ebe7087e8fe79fbe1d37a251016/out/vs/workbench/api/node/extensionHostProcess.js:27:2373)
	at D.fire (file:///home/aehsan4004/.vscode-server/bin/33fc5a94a3f99ebe7087e8fe79fbe1d37a251016/out/vs/workbench/api/node/extensionHostProcess.js:27:2591)
	at Xn.fire (file:///home/aehsan4004/.vscode-server/bin/33fc5a94a3f99ebe7087e8fe79fbe1d37a251016/out/vs/workbench/api/node/extensionHostProcess.js:29:9458)
	at Gm.A (file:///home/aehsan4004/.vscode-server/bin/33fc5a94a3f99ebe7087e8fe79fbe1d37a251016/out/vs/workbench/api/node/extensionHostProcess.js:29:12574)
	at Ah.value (file:///home/aehsan4004/.vscode-server/bin/33fc5a94a3f99ebe7087e8fe79fbe1d37a251016/out/vs/workbench/api/node/extensionHostProcess.js:29:11975)
	at D.B (file:///home/aehsan4004/.vscode-server/bin/33fc5a94a3f99ebe7087e8fe79fbe1d37a251016/out/vs/workbench/api/node/extensionHostProcess.js:27:2373)
	at D.fire (file:///home/aehsan4004/.vscode-server/bin/33fc5a94a3f99ebe7087e8fe79fbe1d37a251016/out/vs/workbench/api/node/extensionHostProcess.js:27:2591)
	at m6.acceptChunk (file:///home/aehsan4004/.vscode-server/bin/33fc5a94a3f99ebe7087e8fe79fbe1d37a251016/out/vs/workbench/api/node/extensionHostProcess.js:29:7941)
	at Ah.value (file:///home/aehsan4004/.vscode-server/bin/33fc5a94a3f99ebe7087e8fe79fbe1d37a251016/out/vs/workbench/api/node/extensionHostProcess.js:29:7227)
	at D.B (file:///home/aehsan4004/.vscode-server/bin/33fc5a94a3f99ebe7087e8fe79fbe1d37a251016/out/vs/workbench/api/node/extensionHostProcess.js:27:2373)
	at D.fire (file:///home/aehsan4004/.vscode-server/bin/33fc5a94a3f99ebe7087e8fe79fbe1d37a251016/out/vs/workbench/api/node/extensionHostProcess.js:27:2591)
	at BA.z (file:///home/aehsan4004/.vscode-server/bin/33fc5a94a3f99ebe7087e8fe79fbe1d37a251016/out/vs/workbench/api/node/extensionHostProcess.js:29:21254)
	at BA.acceptFrame (file:///home/aehsan4004/.vscode-server/bin/33fc5a94a3f99ebe7087e8fe79fbe1d37a251016/out/vs/workbench/api/node/extensionHostProcess.js:29:21060)
	at jA.n (file:///home/aehsan4004/.vscode-server/bin/33fc5a94a3f99ebe7087e8fe79fbe1d37a251016/out/vs/workbench/api/node/extensionHostProcess.js:29:19588)
	at file:///home/aehsan4004/.vscode-server/bin/33fc5a94a3f99ebe7087e8fe79fbe1d37a251016/out/vs/workbench/api/node/extensionHostProcess.js:29:16820
	at Socket.t (file:///home/aehsan4004/.vscode-server/bin/33fc5a94a3f99ebe7087e8fe79fbe1d37a251016/out/vs/workbench/api/node/extensionHostProcess.js:29:14761)
	at Socket.emit (node:events:518:28)
	at addChunk (node:internal/streams/readable:561:12)
	at readableAddChunkPushByteMode (node:internal/streams/readable:512:3)
	at Readable.push (node:internal/streams/readable:392:5)
	at TCP.onStreamRead (node:internal/stream_base_commons:191:23) setContext undefined
2025-02-10 17:25:32.443 [error] Error: Stopping the server timed out
	at /home/aehsan4004/.vscode-server/bin/33fc5a94a3f99ebe7087e8fe79fbe1d37a251016/extensions/css-language-features/client/dist/node/cssClientMain.js:1:107114
	at runNextTicks (node:internal/process/task_queues:60:5)
	at listOnTimeout (node:internal/timers:545:9)
	at process.processTimers (node:internal/timers:519:7)
	at async e.deactivate (/home/aehsan4004/.vscode-server/bin/33fc5a94a3f99ebe7087e8fe79fbe1d37a251016/extensions/css-language-features/client/dist/node/cssClientMain.js:1:440089)
	at async Promise.all (index 0)
	at async PW.$ (file:///home/aehsan4004/.vscode-server/bin/33fc5a94a3f99ebe7087e8fe79fbe1d37a251016/out/vs/workbench/api/node/extensionHostProcess.js:116:9888)
2025-02-10 17:25:32.623 [error] Error: Stopping the server timed out
	at /home/aehsan4004/.vscode-server/bin/33fc5a94a3f99ebe7087e8fe79fbe1d37a251016/extensions/html-language-features/client/dist/node/htmlClientMain.js:2:280282
	at runNextTicks (node:internal/process/task_queues:60:5)
	at process.processTimers (node:internal/timers:516:9)
	at async Object.dispose (/home/aehsan4004/.vscode-server/bin/33fc5a94a3f99ebe7087e8fe79fbe1d37a251016/extensions/html-language-features/client/dist/node/htmlClientMain.js:2:550973)
	at async Object.dispose (/home/aehsan4004/.vscode-server/bin/33fc5a94a3f99ebe7087e8fe79fbe1d37a251016/extensions/html-language-features/client/dist/node/htmlClientMain.js:2:546448)
	at async t.deactivate (/home/aehsan4004/.vscode-server/bin/33fc5a94a3f99ebe7087e8fe79fbe1d37a251016/extensions/html-language-features/client/dist/node/htmlClientMain.js:2:554235)
	at async Promise.all (index 6)
	at async PW.$ (file:///home/aehsan4004/.vscode-server/bin/33fc5a94a3f99ebe7087e8fe79fbe1d37a251016/out/vs/workbench/api/node/extensionHostProcess.js:116:9888)
2025-02-10 17:25:32.693 [info] Extension host with pid 151 exiting with code 0
