2025-02-04 20:02:17.517 [info] [main] Log level: Info
2025-02-04 20:02:17.517 [info] [main] Validating found git in: "git"
2025-02-04 20:02:17.598 [info] [main] Using git "2.34.1" from "git"
2025-02-04 20:02:17.598 [info] [Model][doInitialScan] Initial repository scan started
2025-02-04 20:02:18.365 [info] > git rev-parse --show-toplevel [175ms]
2025-02-04 20:02:18.365 [info] fatal: not a git repository (or any of the parent directories): .git
2025-02-04 20:02:18.558 [info] > git rev-parse --show-toplevel [137ms]
2025-02-04 20:02:18.658 [info] > git rev-parse --git-dir --git-common-dir [23ms]
2025-02-04 20:02:18.715 [info] [Model][openRepository] Opened repository: /home/aehsan4004/odin-css-exercises
2025-02-04 20:02:18.904 [info] > git rev-parse --show-toplevel [35ms]
2025-02-04 20:02:18.907 [info] > git config --get commit.template [110ms]
2025-02-04 20:02:19.022 [info] > git rev-parse --show-toplevel [63ms]
2025-02-04 20:02:19.022 [info] fatal: not a git repository (or any of the parent directories): .git
2025-02-04 20:02:19.089 [info] > git rev-parse --show-toplevel [12ms]
2025-02-04 20:02:19.089 [info] fatal: not a git repository (or any of the parent directories): .git
2025-02-04 20:02:19.214 [info] > git rev-parse --show-toplevel [8ms]
2025-02-04 20:02:19.214 [info] fatal: not a git repository (or any of the parent directories): .git
2025-02-04 20:02:19.341 [info] > git for-each-ref --format=%(refname)%00%(upstream:short)%00%(objectname)%00%(upstream:track)%00%(upstream:remotename)%00%(upstream:remoteref) refs/heads/main refs/remotes/main [324ms]
2025-02-04 20:02:19.346 [info] > git rev-parse --show-toplevel [15ms]
2025-02-04 20:02:19.346 [info] fatal: not a git repository (or any of the parent directories): .git
2025-02-04 20:02:19.419 [warning] [Git][revParse] Unable to read file: ENOENT: no such file or directory, open '/home/aehsan4004/odin-css-exercises/.git/refs/remotes/origin/main'
2025-02-04 20:02:19.548 [info] > git rev-parse refs/remotes/origin/main [130ms]
2025-02-04 20:02:19.668 [info] > git check-ignore -v -z --stdin [192ms]
2025-02-04 20:02:19.687 [info] > git rev-parse --show-toplevel [145ms]
2025-02-04 20:02:19.687 [info] fatal: not a git repository (or any of the parent directories): .git
2025-02-04 20:02:19.775 [info] > git for-each-ref --sort -committerdate --format %(refname) %(objectname) %(*objectname) [104ms]
2025-02-04 20:02:19.800 [info] > git rev-parse --show-toplevel [40ms]
2025-02-04 20:02:19.861 [info] > git rev-parse --git-dir --git-common-dir [10ms]
2025-02-04 20:02:19.876 [info] [Model][openRepository] Opened repository: /home/aehsan4004/git_test
2025-02-04 20:02:20.019 [info] > git config --get commit.template [63ms]
2025-02-04 20:02:20.093 [info] > git rev-parse --show-toplevel [91ms]
2025-02-04 20:02:20.174 [info] > git status -z -uall [572ms]
2025-02-04 20:02:20.313 [info] > git rev-parse --git-dir --git-common-dir [145ms]
2025-02-04 20:02:20.331 [info] [Model][openRepository] Opened repository: /home/aehsan4004/odin-recipes
2025-02-04 20:02:20.610 [info] > git config --get commit.template [299ms]
2025-02-04 20:02:20.611 [info] > git for-each-ref --format=%(refname)%00%(upstream:short)%00%(objectname)%00%(upstream:track)%00%(upstream:remotename)%00%(upstream:remoteref) refs/heads/main refs/remotes/main [368ms]
2025-02-04 20:02:20.667 [info] > git for-each-ref --format=%(refname)%00%(upstream:short)%00%(objectname)%00%(upstream:track)%00%(upstream:remotename)%00%(upstream:remoteref) refs/heads/main refs/remotes/main [585ms]
2025-02-04 20:02:20.807 [info] > git check-ignore -v -z --stdin [72ms]
2025-02-04 20:02:20.810 [info] > git config --local branch.main.vscode-merge-base [144ms]
2025-02-04 20:02:20.866 [info] > git rev-parse --show-toplevel [273ms]
2025-02-04 20:02:20.866 [info] fatal: not a git repository (or any of the parent directories): .git
2025-02-04 20:02:20.879 [info] [Model][doInitialScan] Initial repository scan completed - repositories (3), closed repositories (0), parent repositories (0), unsafe repositories (0)
2025-02-04 20:02:21.083 [info] > git config --get commit.template [611ms]
2025-02-04 20:02:21.148 [info] > git check-ignore -v -z --stdin [357ms]
2025-02-04 20:02:21.150 [info] > git show --textconv :foundations/flex/03-flex-header-2/style.css [213ms]
2025-02-04 20:02:21.150 [info] > git show --textconv :foundations/flex/03-flex-header-2/index.html [161ms]
2025-02-04 20:02:21.150 [info] > git ls-files --stage -- /home/aehsan4004/odin-css-exercises/foundations/flex/03-flex-header-2/style.css [112ms]
2025-02-04 20:02:21.204 [info] > git for-each-ref --format=%(refname)%00%(upstream:short)%00%(objectname)%00%(upstream:track)%00%(upstream:remotename)%00%(upstream:remoteref) refs/heads/origin/main refs/remotes/origin/main [339ms]
2025-02-04 20:02:21.854 [info] > git merge-base refs/heads/main refs/remotes/origin/main [596ms]
2025-02-04 20:02:21.912 [info] > git cat-file -s bf4c8af10d4c409a77d10de1f2c8a8a04dc4fd6e [714ms]
2025-02-04 20:02:21.915 [info] > git for-each-ref --format=%(refname)%00%(upstream:short)%00%(objectname)%00%(upstream:track)%00%(upstream:remotename)%00%(upstream:remoteref) refs/heads/main refs/remotes/main [777ms]
2025-02-04 20:02:21.917 [info] > git ls-files --stage -- /home/aehsan4004/odin-css-exercises/foundations/flex/03-flex-header-2/index.html [835ms]
2025-02-04 20:02:22.138 [warning] [Git][revParse] Unable to read file: ENOENT: no such file or directory, open '/home/aehsan4004/odin-css-exercises/.git/refs/remotes/origin/main'
2025-02-04 20:02:22.146 [info] > git status -z -uall [115ms]
2025-02-04 20:02:22.147 [info] > git diff --name-status -z --diff-filter=ADMR fe95b463284982516875bda0dc888fd869a69c94...refs/remotes/origin/main [236ms]
2025-02-04 20:02:22.149 [info] > git for-each-ref --format=%(refname)%00%(upstream:short)%00%(objectname)%00%(upstream:track)%00%(upstream:remotename)%00%(upstream:remoteref) refs/heads/main refs/remotes/main [303ms]
2025-02-04 20:02:22.206 [warning] [Git][revParse] Unable to read file: ENOENT: no such file or directory, open '/home/aehsan4004/odin-recipes/.git/refs/remotes/origin/main'
2025-02-04 20:02:22.210 [info] > git rev-parse refs/remotes/origin/main [72ms]
2025-02-04 20:02:22.314 [info] > git for-each-ref --sort -committerdate --format %(refname) %(objectname) %(*objectname) [227ms]
2025-02-04 20:02:22.385 [info] > git cat-file -s 21d56170b0b8f2b7f30eaeab7e3602257b1a30c2 [415ms]
2025-02-04 20:02:22.466 [info] > git status -z -uall [207ms]
2025-02-04 20:02:22.468 [info] > git for-each-ref --sort -committerdate --format %(refname) %(objectname) %(*objectname) [155ms]
2025-02-04 20:02:22.478 [info] > git rev-parse refs/remotes/origin/main [273ms]
2025-02-04 20:02:22.619 [info] > git status -z -uall [84ms]
2025-02-04 20:02:22.620 [info] > git for-each-ref --sort -committerdate --format %(refname) %(objectname) %(*objectname) [28ms]
2025-02-04 20:02:22.699 [info] > git config --get commit.template [246ms]
2025-02-04 20:02:22.699 [info] > git for-each-ref --format=%(refname)%00%(upstream:short)%00%(objectname)%00%(upstream:track)%00%(upstream:remotename)%00%(upstream:remoteref) refs/heads/main refs/remotes/main [324ms]
2025-02-04 20:02:22.815 [info] > git for-each-ref --format=%(refname)%00%(upstream:short)%00%(objectname)%00%(upstream:track)%00%(upstream:remotename)%00%(upstream:remoteref) refs/heads/main refs/remotes/main [122ms]
2025-02-04 20:02:22.982 [info] > git config --get commit.template [176ms]
2025-02-04 20:02:22.982 [info] > git config --local branch.main.vscode-merge-base [235ms]
2025-02-04 20:02:23.087 [info] > git for-each-ref --format=%(refname)%00%(upstream:short)%00%(objectname)%00%(upstream:track)%00%(upstream:remotename)%00%(upstream:remoteref) refs/heads/origin/main refs/remotes/origin/main [55ms]
2025-02-04 20:02:23.151 [info] > git for-each-ref --format=%(refname)%00%(upstream:short)%00%(objectname)%00%(upstream:track)%00%(upstream:remotename)%00%(upstream:remoteref) refs/heads/main refs/remotes/main [172ms]
2025-02-04 20:02:23.153 [info] > git config --local branch.main.vscode-merge-base [286ms]
2025-02-04 20:02:23.272 [info] > git merge-base refs/heads/main refs/remotes/origin/main [122ms]
2025-02-04 20:02:23.332 [info] > git for-each-ref --format=%(refname)%00%(upstream:short)%00%(objectname)%00%(upstream:track)%00%(upstream:remotename)%00%(upstream:remoteref) refs/heads/main refs/remotes/main [68ms]
2025-02-04 20:02:23.333 [info] > git for-each-ref --format=%(refname)%00%(upstream:short)%00%(objectname)%00%(upstream:track)%00%(upstream:remotename)%00%(upstream:remoteref) refs/heads/origin/main refs/remotes/origin/main [129ms]
2025-02-04 20:02:23.428 [warning] [Git][revParse] Unable to read file: ENOENT: no such file or directory, open '/home/aehsan4004/odin-recipes/.git/refs/remotes/origin/main'
2025-02-04 20:02:23.433 [info] > git diff --name-status -z --diff-filter=ADMR 58c9de176d840f196e1ac985610f970ffb238b60...refs/remotes/origin/main [107ms]
2025-02-04 20:02:23.672 [info] > git merge-base refs/heads/main refs/remotes/origin/main [294ms]
2025-02-04 20:02:23.734 [info] > git status -z -uall [241ms]
2025-02-04 20:02:23.735 [info] > git for-each-ref --sort -committerdate --format %(refname) %(objectname) %(*objectname) [194ms]
2025-02-04 20:02:23.742 [info] > git rev-parse refs/remotes/origin/main [315ms]
2025-02-04 20:02:24.119 [info] > git status -z -uall [325ms]
2025-02-04 20:02:24.121 [info] > git diff --name-status -z --diff-filter=ADMR 7e69e1b5789c64ce45bb39c07d6f81af4d5cc28e...refs/remotes/origin/main [395ms]
2025-02-04 20:02:24.126 [info] > git for-each-ref --sort -committerdate --format %(refname) %(objectname) %(*objectname) [284ms]
2025-02-04 22:10:37.623 [info] > git ls-files --stage -- /home/aehsan4004/odin-css-exercises/foundations/flex/03-flex-header-2/README.md [289ms]
2025-02-04 22:10:37.820 [info] > git cat-file -s 3d952160cf5abfaff824d33d036a0f80d166e5a0 [114ms]
2025-02-04 22:10:37.932 [info] > git show --textconv :foundations/flex/03-flex-header-2/README.md [643ms]
2025-02-04 22:10:38.774 [info] > git show --textconv :foundations/flex/03-flex-header-2/style.css [48ms]
2025-02-04 22:10:38.783 [info] > git ls-files --stage -- /home/aehsan4004/odin-css-exercises/foundations/flex/03-flex-header-2/style.css [12ms]
2025-02-04 22:10:38.842 [info] > git cat-file -s bf4c8af10d4c409a77d10de1f2c8a8a04dc4fd6e [14ms]
2025-02-04 22:10:39.142 [info] > git blame --root --incremental fe95b463284982516875bda0dc888fd869a69c94 -- /home/aehsan4004/odin-css-exercises/foundations/flex/03-flex-header-2/style.css [241ms]
2025-02-04 22:10:42.205 [info] > git show --textconv :foundations/flex/03-flex-header-2/README.md [101ms]
2025-02-04 22:10:42.212 [info] > git ls-files --stage -- /home/aehsan4004/odin-css-exercises/foundations/flex/03-flex-header-2/README.md [22ms]
2025-02-04 22:10:42.300 [info] > git cat-file -s 3d952160cf5abfaff824d33d036a0f80d166e5a0 [22ms]
2025-02-04 22:13:04.072 [info] > git show --textconv :foundations/flex/03-flex-header-2/index.html [112ms]
2025-02-04 22:13:04.081 [info] > git ls-files --stage -- /home/aehsan4004/odin-css-exercises/foundations/flex/03-flex-header-2/index.html [30ms]
2025-02-04 22:13:04.193 [info] > git cat-file -s 21d56170b0b8f2b7f30eaeab7e3602257b1a30c2 [39ms]
2025-02-04 22:13:05.289 [info] > git show --textconv :foundations/flex/03-flex-header-2/README.md [59ms]
2025-02-04 22:13:05.303 [info] > git ls-files --stage -- /home/aehsan4004/odin-css-exercises/foundations/flex/03-flex-header-2/README.md [20ms]
2025-02-04 22:13:05.364 [info] > git cat-file -s 3d952160cf5abfaff824d33d036a0f80d166e5a0 [13ms]
2025-02-04 22:13:40.100 [info] > git show --textconv :foundations/flex/03-flex-header-2/index.html [77ms]
2025-02-04 22:13:40.110 [info] > git ls-files --stage -- /home/aehsan4004/odin-css-exercises/foundations/flex/03-flex-header-2/index.html [40ms]
2025-02-04 22:13:40.188 [info] > git cat-file -s 21d56170b0b8f2b7f30eaeab7e3602257b1a30c2 [34ms]
2025-02-04 22:25:48.674 [info] > git config --get commit.template [884ms]
2025-02-04 22:25:49.257 [info] > git for-each-ref --format=%(refname)%00%(upstream:short)%00%(objectname)%00%(upstream:track)%00%(upstream:remotename)%00%(upstream:remoteref) refs/heads/main refs/remotes/main [1402ms]
2025-02-04 22:25:49.330 [warning] [Git][revParse] Unable to read file: ENOENT: no such file or directory, open '/home/aehsan4004/odin-css-exercises/.git/refs/remotes/origin/main'
2025-02-04 22:25:49.360 [info] > git rev-parse refs/remotes/origin/main [29ms]
2025-02-04 22:25:49.802 [info] > git for-each-ref --sort -committerdate --format %(refname) %(objectname) %(*objectname) [205ms]
2025-02-04 22:25:52.140 [info] > git status -z -uall [2726ms]
2025-02-04 22:30:54.048 [info] > git blame --root --incremental fe95b463284982516875bda0dc888fd869a69c94 -- /home/aehsan4004/odin-css-exercises/foundations/flex/03-flex-header-2/index.html [452ms]
2025-02-04 22:31:43.361 [info] > git show --textconv :foundations/flex/03-flex-header-2/README.md [127ms]
2025-02-04 22:31:43.373 [info] > git ls-files --stage -- /home/aehsan4004/odin-css-exercises/foundations/flex/03-flex-header-2/README.md [24ms]
2025-02-04 22:31:43.449 [info] > git cat-file -s 3d952160cf5abfaff824d33d036a0f80d166e5a0 [24ms]
2025-02-04 22:31:46.263 [info] > git show --textconv :foundations/flex/03-flex-header-2/index.html [61ms]
2025-02-04 22:31:46.274 [info] > git ls-files --stage -- /home/aehsan4004/odin-css-exercises/foundations/flex/03-flex-header-2/index.html [20ms]
2025-02-04 22:31:46.338 [info] > git cat-file -s 21d56170b0b8f2b7f30eaeab7e3602257b1a30c2 [16ms]
2025-02-04 22:38:29.893 [info] > git config --get commit.template [45ms]
2025-02-04 22:38:29.903 [info] > git for-each-ref --format=%(refname)%00%(upstream:short)%00%(objectname)%00%(upstream:track)%00%(upstream:remotename)%00%(upstream:remoteref) refs/heads/main refs/remotes/main [16ms]
2025-02-04 22:38:29.944 [warning] [Git][revParse] Unable to read file: ENOENT: no such file or directory, open '/home/aehsan4004/odin-css-exercises/.git/refs/remotes/origin/main'
2025-02-04 22:38:29.953 [info] > git rev-parse refs/remotes/origin/main [9ms]
2025-02-04 22:38:30.047 [info] > git status -z -uall [55ms]
2025-02-04 22:38:30.059 [info] > git for-each-ref --sort -committerdate --format %(refname) %(objectname) %(*objectname) [15ms]
2025-02-04 22:38:37.291 [info] > git config --get commit.template [64ms]
2025-02-04 22:38:37.304 [info] > git for-each-ref --format=%(refname)%00%(upstream:short)%00%(objectname)%00%(upstream:track)%00%(upstream:remotename)%00%(upstream:remoteref) refs/heads/main refs/remotes/main [18ms]
2025-02-04 22:38:37.359 [warning] [Git][revParse] Unable to read file: ENOENT: no such file or directory, open '/home/aehsan4004/odin-css-exercises/.git/refs/remotes/origin/main'
2025-02-04 22:38:37.375 [info] > git rev-parse refs/remotes/origin/main [16ms]
2025-02-04 22:38:37.571 [info] > git status -z -uall [107ms]
2025-02-04 22:38:37.605 [info] > git for-each-ref --sort -committerdate --format %(refname) %(objectname) %(*objectname) [46ms]
2025-02-04 22:39:32.824 [info] > git config --get commit.template [64ms]
2025-02-04 22:39:32.834 [info] > git for-each-ref --format=%(refname)%00%(upstream:short)%00%(objectname)%00%(upstream:track)%00%(upstream:remotename)%00%(upstream:remoteref) refs/heads/main refs/remotes/main [16ms]
2025-02-04 22:39:32.893 [warning] [Git][revParse] Unable to read file: ENOENT: no such file or directory, open '/home/aehsan4004/odin-css-exercises/.git/refs/remotes/origin/main'
2025-02-04 22:39:32.904 [info] > git rev-parse refs/remotes/origin/main [12ms]
2025-02-04 22:39:33.179 [info] > git status -z -uall [195ms]
2025-02-04 22:39:33.200 [info] > git for-each-ref --sort -committerdate --format %(refname) %(objectname) %(*objectname) [29ms]
2025-02-04 22:40:21.867 [info] > git config --get commit.template [72ms]
2025-02-04 22:40:21.880 [info] > git for-each-ref --format=%(refname)%00%(upstream:short)%00%(objectname)%00%(upstream:track)%00%(upstream:remotename)%00%(upstream:remoteref) refs/heads/main refs/remotes/main [22ms]
2025-02-04 22:40:21.938 [warning] [Git][revParse] Unable to read file: ENOENT: no such file or directory, open '/home/aehsan4004/odin-css-exercises/.git/refs/remotes/origin/main'
2025-02-04 22:40:21.954 [info] > git rev-parse refs/remotes/origin/main [15ms]
2025-02-04 22:40:22.151 [info] > git status -z -uall [67ms]
2025-02-04 22:40:22.167 [info] > git for-each-ref --sort -committerdate --format %(refname) %(objectname) %(*objectname) [20ms]
2025-02-04 22:43:08.491 [info] > git config --get commit.template [60ms]
2025-02-04 22:43:08.515 [info] > git for-each-ref --format=%(refname)%00%(upstream:short)%00%(objectname)%00%(upstream:track)%00%(upstream:remotename)%00%(upstream:remoteref) refs/heads/main refs/remotes/main [28ms]
2025-02-04 22:43:08.613 [warning] [Git][revParse] Unable to read file: ENOENT: no such file or directory, open '/home/aehsan4004/odin-css-exercises/.git/refs/remotes/origin/main'
2025-02-04 22:43:08.622 [info] > git rev-parse refs/remotes/origin/main [13ms]
2025-02-04 22:43:08.754 [info] > git status -z -uall [80ms]
2025-02-04 22:43:08.775 [info] > git for-each-ref --sort -committerdate --format %(refname) %(objectname) %(*objectname) [23ms]
2025-02-04 22:43:51.207 [info] > git config --get commit.template [53ms]
2025-02-04 22:43:51.219 [info] > git for-each-ref --format=%(refname)%00%(upstream:short)%00%(objectname)%00%(upstream:track)%00%(upstream:remotename)%00%(upstream:remoteref) refs/heads/main refs/remotes/main [16ms]
2025-02-04 22:43:51.270 [warning] [Git][revParse] Unable to read file: ENOENT: no such file or directory, open '/home/aehsan4004/odin-css-exercises/.git/refs/remotes/origin/main'
2025-02-04 22:43:51.281 [info] > git rev-parse refs/remotes/origin/main [12ms]
2025-02-04 22:43:51.449 [info] > git status -z -uall [94ms]
2025-02-04 22:43:51.557 [info] > git for-each-ref --sort -committerdate --format %(refname) %(objectname) %(*objectname) [110ms]
2025-02-04 22:51:33.911 [info] > git config --get commit.template [1059ms]
2025-02-04 22:51:34.210 [info] > git for-each-ref --format=%(refname)%00%(upstream:short)%00%(objectname)%00%(upstream:track)%00%(upstream:remotename)%00%(upstream:remoteref) refs/heads/main refs/remotes/main [1228ms]
2025-02-04 22:51:34.263 [warning] [Git][revParse] Unable to read file: ENOENT: no such file or directory, open '/home/aehsan4004/odin-css-exercises/.git/refs/remotes/origin/main'
2025-02-04 22:51:34.295 [info] > git rev-parse refs/remotes/origin/main [32ms]
2025-02-04 22:51:34.524 [info] > git for-each-ref --sort -committerdate --format %(refname) %(objectname) %(*objectname) [27ms]
2025-02-04 22:51:35.557 [info] > git status -z -uall [1204ms]
2025-02-04 23:05:29.163 [info] > git check-ignore -v -z --stdin [42ms]
2025-02-04 23:05:30.817 [info] > git show --textconv :foundations/flex/03-flex-header-2/solution/solution.css [107ms]
2025-02-04 23:05:30.818 [info] > git ls-files --stage -- /home/aehsan4004/odin-css-exercises/foundations/flex/03-flex-header-2/solution/solution.css [27ms]
2025-02-04 23:05:30.916 [info] > git cat-file -s df6c99a9e449f6e8a7d5441cbe5fa04d9c41f497 [36ms]
2025-02-04 23:05:34.031 [info] > git blame --root --incremental fe95b463284982516875bda0dc888fd869a69c94 -- /home/aehsan4004/odin-css-exercises/foundations/flex/03-flex-header-2/solution/solution.css [310ms]
2025-02-04 23:06:10.324 [info] > git show --textconv :foundations/flex/03-flex-header-2/style.css [60ms]
2025-02-04 23:06:10.332 [info] > git ls-files --stage -- /home/aehsan4004/odin-css-exercises/foundations/flex/03-flex-header-2/style.css [16ms]
2025-02-04 23:06:10.428 [info] > git cat-file -s bf4c8af10d4c409a77d10de1f2c8a8a04dc4fd6e [28ms]
2025-02-04 23:06:25.102 [info] > git config --get commit.template [58ms]
2025-02-04 23:06:25.113 [info] > git for-each-ref --format=%(refname)%00%(upstream:short)%00%(objectname)%00%(upstream:track)%00%(upstream:remotename)%00%(upstream:remoteref) refs/heads/main refs/remotes/main [17ms]
2025-02-04 23:06:25.164 [warning] [Git][revParse] Unable to read file: ENOENT: no such file or directory, open '/home/aehsan4004/odin-css-exercises/.git/refs/remotes/origin/main'
2025-02-04 23:06:25.176 [info] > git rev-parse refs/remotes/origin/main [11ms]
2025-02-04 23:06:25.287 [info] > git status -z -uall [64ms]
2025-02-04 23:06:25.352 [info] > git for-each-ref --sort -committerdate --format %(refname) %(objectname) %(*objectname) [67ms]
2025-02-04 23:06:28.757 [info] > git show --textconv :foundations/flex/03-flex-header-2/solution/solution.css [60ms]
2025-02-04 23:06:28.766 [info] > git ls-files --stage -- /home/aehsan4004/odin-css-exercises/foundations/flex/03-flex-header-2/solution/solution.css [15ms]
2025-02-04 23:06:28.829 [info] > git cat-file -s df6c99a9e449f6e8a7d5441cbe5fa04d9c41f497 [13ms]
2025-02-04 23:06:34.411 [info] > git show --textconv :foundations/flex/03-flex-header-2/style.css [52ms]
2025-02-04 23:06:34.420 [info] > git ls-files --stage -- /home/aehsan4004/odin-css-exercises/foundations/flex/03-flex-header-2/style.css [15ms]
2025-02-04 23:06:34.505 [info] > git cat-file -s bf4c8af10d4c409a77d10de1f2c8a8a04dc4fd6e [26ms]
2025-02-04 23:07:02.607 [info] > git show --textconv :foundations/flex/03-flex-header-2/solution/solution.css [59ms]
2025-02-04 23:07:02.618 [info] > git ls-files --stage -- /home/aehsan4004/odin-css-exercises/foundations/flex/03-flex-header-2/solution/solution.css [15ms]
2025-02-04 23:07:02.682 [info] > git cat-file -s df6c99a9e449f6e8a7d5441cbe5fa04d9c41f497 [15ms]
2025-02-04 23:07:06.185 [info] > git show --textconv :foundations/flex/03-flex-header-2/style.css [52ms]
2025-02-04 23:07:06.195 [info] > git ls-files --stage -- /home/aehsan4004/odin-css-exercises/foundations/flex/03-flex-header-2/style.css [13ms]
2025-02-04 23:07:06.252 [info] > git cat-file -s bf4c8af10d4c409a77d10de1f2c8a8a04dc4fd6e [14ms]
2025-02-04 23:07:10.694 [info] > git show --textconv :foundations/flex/03-flex-header-2/solution/solution.css [59ms]
2025-02-04 23:07:10.706 [info] > git ls-files --stage -- /home/aehsan4004/odin-css-exercises/foundations/flex/03-flex-header-2/solution/solution.css [18ms]
2025-02-04 23:07:10.777 [info] > git cat-file -s df6c99a9e449f6e8a7d5441cbe5fa04d9c41f497 [13ms]
2025-02-04 23:07:16.066 [info] > git show --textconv :foundations/flex/03-flex-header-2/style.css [63ms]
2025-02-04 23:07:16.075 [info] > git ls-files --stage -- /home/aehsan4004/odin-css-exercises/foundations/flex/03-flex-header-2/style.css [17ms]
2025-02-04 23:07:16.143 [info] > git cat-file -s bf4c8af10d4c409a77d10de1f2c8a8a04dc4fd6e [15ms]
2025-02-04 23:07:22.437 [info] > git show --textconv :foundations/flex/03-flex-header-2/solution/solution.css [60ms]
2025-02-04 23:07:22.446 [info] > git ls-files --stage -- /home/aehsan4004/odin-css-exercises/foundations/flex/03-flex-header-2/solution/solution.css [16ms]
2025-02-04 23:07:22.518 [info] > git cat-file -s df6c99a9e449f6e8a7d5441cbe5fa04d9c41f497 [10ms]
2025-02-04 23:07:26.116 [info] > git show --textconv :foundations/flex/03-flex-header-2/style.css [70ms]
2025-02-04 23:07:26.132 [info] > git ls-files --stage -- /home/aehsan4004/odin-css-exercises/foundations/flex/03-flex-header-2/style.css [22ms]
2025-02-04 23:07:26.201 [info] > git cat-file -s bf4c8af10d4c409a77d10de1f2c8a8a04dc4fd6e [15ms]
2025-02-04 23:07:41.176 [info] > git config --get commit.template [53ms]
2025-02-04 23:07:41.187 [info] > git for-each-ref --format=%(refname)%00%(upstream:short)%00%(objectname)%00%(upstream:track)%00%(upstream:remotename)%00%(upstream:remoteref) refs/heads/main refs/remotes/main [15ms]
2025-02-04 23:07:41.227 [warning] [Git][revParse] Unable to read file: ENOENT: no such file or directory, open '/home/aehsan4004/odin-css-exercises/.git/refs/remotes/origin/main'
2025-02-04 23:07:41.236 [info] > git rev-parse refs/remotes/origin/main [9ms]
2025-02-04 23:07:41.343 [info] > git status -z -uall [58ms]
2025-02-04 23:07:41.358 [info] > git for-each-ref --sort -committerdate --format %(refname) %(objectname) %(*objectname) [19ms]
2025-02-04 23:07:46.491 [info] > git show --textconv :foundations/flex/03-flex-header-2/solution/solution.css [60ms]
2025-02-04 23:07:46.501 [info] > git ls-files --stage -- /home/aehsan4004/odin-css-exercises/foundations/flex/03-flex-header-2/solution/solution.css [16ms]
2025-02-04 23:07:46.573 [info] > git cat-file -s df6c99a9e449f6e8a7d5441cbe5fa04d9c41f497 [14ms]
2025-02-04 23:07:50.011 [info] > git show --textconv :foundations/flex/03-flex-header-2/style.css [71ms]
2025-02-04 23:07:50.027 [info] > git ls-files --stage -- /home/aehsan4004/odin-css-exercises/foundations/flex/03-flex-header-2/style.css [25ms]
2025-02-04 23:07:50.094 [info] > git cat-file -s bf4c8af10d4c409a77d10de1f2c8a8a04dc4fd6e [13ms]
2025-02-04 23:08:05.585 [info] > git config --get commit.template [54ms]
2025-02-04 23:08:05.596 [info] > git for-each-ref --format=%(refname)%00%(upstream:short)%00%(objectname)%00%(upstream:track)%00%(upstream:remotename)%00%(upstream:remoteref) refs/heads/main refs/remotes/main [16ms]
2025-02-04 23:08:05.647 [warning] [Git][revParse] Unable to read file: ENOENT: no such file or directory, open '/home/aehsan4004/odin-css-exercises/.git/refs/remotes/origin/main'
2025-02-04 23:08:05.707 [info] > git rev-parse refs/remotes/origin/main [59ms]
2025-02-04 23:08:05.841 [info] > git status -z -uall [67ms]
2025-02-04 23:08:05.862 [info] > git for-each-ref --sort -committerdate --format %(refname) %(objectname) %(*objectname) [25ms]
2025-02-04 23:16:06.265 [info] > git show --textconv :foundations/flex/03-flex-header-2/README.md [63ms]
2025-02-04 23:16:06.276 [info] > git ls-files --stage -- /home/aehsan4004/odin-css-exercises/foundations/flex/03-flex-header-2/README.md [18ms]
2025-02-04 23:16:06.342 [info] > git cat-file -s 3d952160cf5abfaff824d33d036a0f80d166e5a0 [15ms]
2025-02-04 23:16:14.558 [info] > git check-ignore -v -z --stdin [15ms]
2025-02-04 23:16:14.669 [info] > git check-ignore -v -z --stdin [176ms]
2025-02-04 23:16:16.286 [info] > git check-ignore -v -z --stdin [13ms]
2025-02-04 23:16:20.976 [info] > git show --textconv :foundations/flex/04-flex-information/style.css [60ms]
2025-02-04 23:16:20.988 [info] > git ls-files --stage -- /home/aehsan4004/odin-css-exercises/foundations/flex/04-flex-information/style.css [19ms]
2025-02-04 23:16:21.053 [info] > git cat-file -s 80c00fd4bd5bdee3457dae266e588fe3a011fff5 [15ms]
2025-02-04 23:16:26.029 [info] > git show --textconv :foundations/flex/04-flex-information/README.md [76ms]
2025-02-04 23:16:26.061 [info] > git ls-files --stage -- /home/aehsan4004/odin-css-exercises/foundations/flex/04-flex-information/README.md [40ms]
2025-02-04 23:16:26.130 [info] > git cat-file -s f035b6308c3b934451e44783fe4af39903135a66 [13ms]
2025-02-04 23:16:29.496 [info] > git show --textconv :foundations/flex/04-flex-information/index.html [65ms]
2025-02-04 23:16:29.512 [info] > git ls-files --stage -- /home/aehsan4004/odin-css-exercises/foundations/flex/04-flex-information/index.html [25ms]
2025-02-04 23:16:29.589 [info] > git cat-file -s 3cc3efd262ae045e8d73de6269f05ffabb8ea4ee [16ms]
2025-02-04 23:17:30.135 [info] > git blame --root --incremental fe95b463284982516875bda0dc888fd869a69c94 -- /home/aehsan4004/odin-css-exercises/foundations/flex/04-flex-information/style.css [120ms]
2025-02-04 23:17:36.027 [info] > git show --textconv :foundations/flex/04-flex-information/README.md [52ms]
2025-02-04 23:17:36.039 [info] > git ls-files --stage -- /home/aehsan4004/odin-css-exercises/foundations/flex/04-flex-information/README.md [17ms]
2025-02-04 23:17:36.100 [info] > git cat-file -s f035b6308c3b934451e44783fe4af39903135a66 [16ms]
2025-02-04 23:20:46.359 [info] > git blame --root --incremental fe95b463284982516875bda0dc888fd869a69c94 -- /home/aehsan4004/odin-css-exercises/foundations/flex/04-flex-information/README.md [23ms]
2025-02-04 23:20:48.287 [info] > git show --textconv :foundations/flex/04-flex-information/index.html [53ms]
2025-02-04 23:20:48.293 [info] > git ls-files --stage -- /home/aehsan4004/odin-css-exercises/foundations/flex/04-flex-information/index.html [13ms]
2025-02-04 23:20:48.360 [info] > git cat-file -s 3cc3efd262ae045e8d73de6269f05ffabb8ea4ee [20ms]
2025-02-04 23:22:01.621 [info] > git config --get commit.template [66ms]
2025-02-04 23:22:01.636 [info] > git for-each-ref --format=%(refname)%00%(upstream:short)%00%(objectname)%00%(upstream:track)%00%(upstream:remotename)%00%(upstream:remoteref) refs/heads/main refs/remotes/main [21ms]
2025-02-04 23:22:01.697 [warning] [Git][revParse] Unable to read file: ENOENT: no such file or directory, open '/home/aehsan4004/odin-css-exercises/.git/refs/remotes/origin/main'
2025-02-04 23:22:01.713 [info] > git rev-parse refs/remotes/origin/main [13ms]
2025-02-04 23:22:01.837 [info] > git for-each-ref --sort -committerdate --format %(refname) %(objectname) %(*objectname) [16ms]
2025-02-04 23:22:01.855 [info] > git status -z -uall [85ms]
2025-02-04 23:25:11.771 [info] > git config --get commit.template [48ms]
2025-02-04 23:25:11.782 [info] > git for-each-ref --format=%(refname)%00%(upstream:short)%00%(objectname)%00%(upstream:track)%00%(upstream:remotename)%00%(upstream:remoteref) refs/heads/main refs/remotes/main [15ms]
2025-02-04 23:25:11.824 [warning] [Git][revParse] Unable to read file: ENOENT: no such file or directory, open '/home/aehsan4004/odin-css-exercises/.git/refs/remotes/origin/main'
2025-02-04 23:25:11.834 [info] > git rev-parse refs/remotes/origin/main [9ms]
2025-02-04 23:25:11.951 [info] > git status -z -uall [67ms]
2025-02-04 23:25:11.979 [info] > git for-each-ref --sort -committerdate --format %(refname) %(objectname) %(*objectname) [36ms]
2025-02-04 23:26:05.498 [info] > git config --get commit.template [53ms]
2025-02-04 23:26:05.512 [info] > git for-each-ref --format=%(refname)%00%(upstream:short)%00%(objectname)%00%(upstream:track)%00%(upstream:remotename)%00%(upstream:remoteref) refs/heads/main refs/remotes/main [17ms]
2025-02-04 23:26:05.560 [warning] [Git][revParse] Unable to read file: ENOENT: no such file or directory, open '/home/aehsan4004/odin-css-exercises/.git/refs/remotes/origin/main'
2025-02-04 23:26:05.573 [info] > git rev-parse refs/remotes/origin/main [13ms]
2025-02-04 23:26:05.726 [info] > git status -z -uall [103ms]
2025-02-04 23:26:05.741 [info] > git for-each-ref --sort -committerdate --format %(refname) %(objectname) %(*objectname) [29ms]
2025-02-04 23:27:11.195 [info] > git blame --root --incremental fe95b463284982516875bda0dc888fd869a69c94 -- /home/aehsan4004/odin-css-exercises/foundations/flex/04-flex-information/index.html [24ms]
2025-02-04 23:37:04.439 [info] > git config --get commit.template [46ms]
2025-02-04 23:37:04.448 [info] > git for-each-ref --format=%(refname)%00%(upstream:short)%00%(objectname)%00%(upstream:track)%00%(upstream:remotename)%00%(upstream:remoteref) refs/heads/main refs/remotes/main [13ms]
2025-02-04 23:37:04.494 [warning] [Git][revParse] Unable to read file: ENOENT: no such file or directory, open '/home/aehsan4004/odin-css-exercises/.git/refs/remotes/origin/main'
2025-02-04 23:37:04.502 [info] > git rev-parse refs/remotes/origin/main [9ms]
2025-02-04 23:37:04.593 [info] > git status -z -uall [52ms]
2025-02-04 23:37:04.606 [info] > git for-each-ref --sort -committerdate --format %(refname) %(objectname) %(*objectname) [15ms]
2025-02-04 23:37:09.735 [info] > git config --get commit.template [61ms]
2025-02-04 23:37:09.746 [info] > git for-each-ref --format=%(refname)%00%(upstream:short)%00%(objectname)%00%(upstream:track)%00%(upstream:remotename)%00%(upstream:remoteref) refs/heads/main refs/remotes/main [19ms]
2025-02-04 23:37:09.814 [warning] [Git][revParse] Unable to read file: ENOENT: no such file or directory, open '/home/aehsan4004/odin-css-exercises/.git/refs/remotes/origin/main'
2025-02-04 23:37:09.831 [info] > git rev-parse refs/remotes/origin/main [16ms]
2025-02-04 23:37:09.985 [info] > git status -z -uall [89ms]
2025-02-04 23:37:10.007 [info] > git for-each-ref --sort -committerdate --format %(refname) %(objectname) %(*objectname) [26ms]
2025-02-04 23:44:13.305 [info] > git config --get commit.template [60ms]
2025-02-04 23:44:13.316 [info] > git for-each-ref --format=%(refname)%00%(upstream:short)%00%(objectname)%00%(upstream:track)%00%(upstream:remotename)%00%(upstream:remoteref) refs/heads/main refs/remotes/main [14ms]
2025-02-04 23:44:13.364 [warning] [Git][revParse] Unable to read file: ENOENT: no such file or directory, open '/home/aehsan4004/odin-css-exercises/.git/refs/remotes/origin/main'
2025-02-04 23:44:13.374 [info] > git rev-parse refs/remotes/origin/main [10ms]
2025-02-04 23:44:13.498 [info] > git status -z -uall [71ms]
2025-02-04 23:44:13.520 [info] > git for-each-ref --sort -committerdate --format %(refname) %(objectname) %(*objectname) [24ms]
2025-02-04 23:53:44.545 [info] > git config --get commit.template [89ms]
2025-02-04 23:53:44.607 [info] > git for-each-ref --format=%(refname)%00%(upstream:short)%00%(objectname)%00%(upstream:track)%00%(upstream:remotename)%00%(upstream:remoteref) refs/heads/main refs/remotes/main [83ms]
2025-02-04 23:53:44.798 [warning] [Git][revParse] Unable to read file: ENOENT: no such file or directory, open '/home/aehsan4004/odin-css-exercises/.git/refs/remotes/origin/main'
2025-02-04 23:53:44.840 [info] > git rev-parse refs/remotes/origin/main [42ms]
2025-02-04 23:53:44.958 [info] > git for-each-ref --sort -committerdate --format %(refname) %(objectname) %(*objectname) [14ms]
2025-02-04 23:53:45.129 [info] > git status -z -uall [238ms]
2025-02-04 23:53:54.093 [info] > git config --get commit.template [53ms]
2025-02-04 23:53:54.106 [info] > git for-each-ref --format=%(refname)%00%(upstream:short)%00%(objectname)%00%(upstream:track)%00%(upstream:remotename)%00%(upstream:remoteref) refs/heads/main refs/remotes/main [15ms]
2025-02-04 23:53:54.157 [warning] [Git][revParse] Unable to read file: ENOENT: no such file or directory, open '/home/aehsan4004/odin-css-exercises/.git/refs/remotes/origin/main'
2025-02-04 23:53:54.168 [info] > git rev-parse refs/remotes/origin/main [11ms]
2025-02-04 23:53:54.288 [info] > git for-each-ref --sort -committerdate --format %(refname) %(objectname) %(*objectname) [17ms]
2025-02-04 23:53:54.314 [info] > git status -z -uall [101ms]
2025-02-04 23:54:45.463 [info] > git config --get commit.template [70ms]
2025-02-04 23:54:45.479 [info] > git for-each-ref --format=%(refname)%00%(upstream:short)%00%(objectname)%00%(upstream:track)%00%(upstream:remotename)%00%(upstream:remoteref) refs/heads/main refs/remotes/main [20ms]
2025-02-04 23:54:45.536 [warning] [Git][revParse] Unable to read file: ENOENT: no such file or directory, open '/home/aehsan4004/odin-css-exercises/.git/refs/remotes/origin/main'
2025-02-04 23:54:45.554 [info] > git rev-parse refs/remotes/origin/main [19ms]
2025-02-04 23:54:45.692 [info] > git status -z -uall [77ms]
2025-02-04 23:54:45.714 [info] > git for-each-ref --sort -committerdate --format %(refname) %(objectname) %(*objectname) [23ms]
2025-02-04 23:55:39.102 [info] > git config --get commit.template [69ms]
2025-02-04 23:55:39.115 [info] > git for-each-ref --format=%(refname)%00%(upstream:short)%00%(objectname)%00%(upstream:track)%00%(upstream:remotename)%00%(upstream:remoteref) refs/heads/main refs/remotes/main [16ms]
2025-02-04 23:55:39.170 [warning] [Git][revParse] Unable to read file: ENOENT: no such file or directory, open '/home/aehsan4004/odin-css-exercises/.git/refs/remotes/origin/main'
2025-02-04 23:55:39.183 [info] > git rev-parse refs/remotes/origin/main [13ms]
2025-02-04 23:55:39.299 [info] > git status -z -uall [64ms]
2025-02-04 23:55:39.314 [info] > git for-each-ref --sort -committerdate --format %(refname) %(objectname) %(*objectname) [18ms]
2025-02-04 23:56:28.404 [info] > git config --get commit.template [62ms]
2025-02-04 23:56:28.416 [info] > git for-each-ref --format=%(refname)%00%(upstream:short)%00%(objectname)%00%(upstream:track)%00%(upstream:remotename)%00%(upstream:remoteref) refs/heads/main refs/remotes/main [16ms]
2025-02-04 23:56:28.467 [warning] [Git][revParse] Unable to read file: ENOENT: no such file or directory, open '/home/aehsan4004/odin-css-exercises/.git/refs/remotes/origin/main'
2025-02-04 23:56:28.476 [info] > git rev-parse refs/remotes/origin/main [9ms]
2025-02-04 23:56:28.593 [info] > git status -z -uall [65ms]
2025-02-04 23:56:28.607 [info] > git for-each-ref --sort -committerdate --format %(refname) %(objectname) %(*objectname) [17ms]
2025-02-04 23:59:06.580 [info] > git config --get commit.template [50ms]
2025-02-04 23:59:06.591 [info] > git for-each-ref --format=%(refname)%00%(upstream:short)%00%(objectname)%00%(upstream:track)%00%(upstream:remotename)%00%(upstream:remoteref) refs/heads/main refs/remotes/main [15ms]
2025-02-04 23:59:06.651 [warning] [Git][revParse] Unable to read file: ENOENT: no such file or directory, open '/home/aehsan4004/odin-css-exercises/.git/refs/remotes/origin/main'
2025-02-04 23:59:06.673 [info] > git rev-parse refs/remotes/origin/main [22ms]
2025-02-04 23:59:06.896 [info] > git status -z -uall [166ms]
2025-02-04 23:59:06.912 [info] > git for-each-ref --sort -committerdate --format %(refname) %(objectname) %(*objectname) [20ms]
2025-02-04 23:59:59.581 [info] > git config --get commit.template [64ms]
2025-02-04 23:59:59.591 [info] > git for-each-ref --format=%(refname)%00%(upstream:short)%00%(objectname)%00%(upstream:track)%00%(upstream:remotename)%00%(upstream:remoteref) refs/heads/main refs/remotes/main [17ms]
2025-02-04 23:59:59.638 [warning] [Git][revParse] Unable to read file: ENOENT: no such file or directory, open '/home/aehsan4004/odin-css-exercises/.git/refs/remotes/origin/main'
2025-02-04 23:59:59.649 [info] > git rev-parse refs/remotes/origin/main [11ms]
2025-02-04 23:59:59.763 [info] > git status -z -uall [63ms]
2025-02-04 23:59:59.818 [info] > git for-each-ref --sort -committerdate --format %(refname) %(objectname) %(*objectname) [57ms]
2025-02-05 00:00:33.548 [info] > git config --get commit.template [63ms]
2025-02-05 00:00:33.568 [info] > git for-each-ref --format=%(refname)%00%(upstream:short)%00%(objectname)%00%(upstream:track)%00%(upstream:remotename)%00%(upstream:remoteref) refs/heads/main refs/remotes/main [22ms]
2025-02-05 00:00:33.624 [warning] [Git][revParse] Unable to read file: ENOENT: no such file or directory, open '/home/aehsan4004/odin-css-exercises/.git/refs/remotes/origin/main'
2025-02-05 00:00:33.640 [info] > git rev-parse refs/remotes/origin/main [16ms]
2025-02-05 00:00:33.761 [info] > git status -z -uall [68ms]
2025-02-05 00:00:33.781 [info] > git for-each-ref --sort -committerdate --format %(refname) %(objectname) %(*objectname) [23ms]
2025-02-05 00:01:06.928 [info] > git config --get commit.template [53ms]
2025-02-05 00:01:06.945 [info] > git for-each-ref --format=%(refname)%00%(upstream:short)%00%(objectname)%00%(upstream:track)%00%(upstream:remotename)%00%(upstream:remoteref) refs/heads/main refs/remotes/main [19ms]
2025-02-05 00:01:07.024 [warning] [Git][revParse] Unable to read file: ENOENT: no such file or directory, open '/home/aehsan4004/odin-css-exercises/.git/refs/remotes/origin/main'
2025-02-05 00:01:07.033 [info] > git rev-parse refs/remotes/origin/main [10ms]
2025-02-05 00:01:07.245 [info] > git status -z -uall [159ms]
2025-02-05 00:01:07.307 [info] > git for-each-ref --sort -committerdate --format %(refname) %(objectname) %(*objectname) [65ms]
2025-02-05 00:02:36.235 [info] > git config --get commit.template [52ms]
2025-02-05 00:02:36.301 [info] > git for-each-ref --format=%(refname)%00%(upstream:short)%00%(objectname)%00%(upstream:track)%00%(upstream:remotename)%00%(upstream:remoteref) refs/heads/main refs/remotes/main [69ms]
2025-02-05 00:02:36.372 [warning] [Git][revParse] Unable to read file: ENOENT: no such file or directory, open '/home/aehsan4004/odin-css-exercises/.git/refs/remotes/origin/main'
2025-02-05 00:02:36.387 [info] > git rev-parse refs/remotes/origin/main [14ms]
2025-02-05 00:02:36.626 [info] > git status -z -uall [69ms]
2025-02-05 00:02:36.643 [info] > git for-each-ref --sort -committerdate --format %(refname) %(objectname) %(*objectname) [22ms]
2025-02-05 00:03:05.613 [info] > git check-ignore -v -z --stdin [49ms]
2025-02-05 00:03:08.522 [info] > git show --textconv :foundations/flex/04-flex-information/solution/solution.css [61ms]
2025-02-05 00:03:08.527 [info] > git ls-files --stage -- /home/aehsan4004/odin-css-exercises/foundations/flex/04-flex-information/solution/solution.css [14ms]
2025-02-05 00:03:08.588 [info] > git cat-file -s 2e53bb8e3c5f36c1738a34f7bc10044c128bcd84 [11ms]
2025-02-05 00:03:12.116 [info] > git blame --root --incremental fe95b463284982516875bda0dc888fd869a69c94 -- /home/aehsan4004/odin-css-exercises/foundations/flex/04-flex-information/solution/solution.css [235ms]
2025-02-05 00:03:36.218 [info] > git show --textconv :foundations/flex/04-flex-information/solution/solution.html [56ms]
2025-02-05 00:03:36.227 [info] > git ls-files --stage -- /home/aehsan4004/odin-css-exercises/foundations/flex/04-flex-information/solution/solution.html [12ms]
2025-02-05 00:03:36.289 [info] > git cat-file -s a9c70eb375d8574e2b8c15e63ab6d2b9ffb18e72 [10ms]
2025-02-05 00:03:49.505 [info] > git show --textconv :foundations/flex/04-flex-information/solution/solution.css [60ms]
2025-02-05 00:03:49.518 [info] > git ls-files --stage -- /home/aehsan4004/odin-css-exercises/foundations/flex/04-flex-information/solution/solution.css [18ms]
2025-02-05 00:03:49.578 [info] > git cat-file -s 2e53bb8e3c5f36c1738a34f7bc10044c128bcd84 [11ms]
2025-02-05 00:04:05.129 [info] > git show --textconv :foundations/flex/04-flex-information/solution/solution.html [60ms]
2025-02-05 00:04:05.138 [info] > git ls-files --stage -- /home/aehsan4004/odin-css-exercises/foundations/flex/04-flex-information/solution/solution.html [14ms]
2025-02-05 00:04:05.205 [info] > git cat-file -s a9c70eb375d8574e2b8c15e63ab6d2b9ffb18e72 [16ms]
2025-02-05 00:04:08.226 [info] > git show --textconv :foundations/flex/04-flex-information/solution/solution.css [58ms]
2025-02-05 00:04:08.236 [info] > git ls-files --stage -- /home/aehsan4004/odin-css-exercises/foundations/flex/04-flex-information/solution/solution.css [16ms]
2025-02-05 00:04:08.297 [info] > git cat-file -s 2e53bb8e3c5f36c1738a34f7bc10044c128bcd84 [10ms]
2025-02-05 00:04:11.725 [info] > git show --textconv :foundations/flex/04-flex-information/solution/solution.html [63ms]
2025-02-05 00:04:11.736 [info] > git ls-files --stage -- /home/aehsan4004/odin-css-exercises/foundations/flex/04-flex-information/solution/solution.html [18ms]
2025-02-05 00:04:11.814 [info] > git cat-file -s a9c70eb375d8574e2b8c15e63ab6d2b9ffb18e72 [18ms]
2025-02-05 00:04:12.770 [info] > git show --textconv :foundations/flex/04-flex-information/solution/solution.css [54ms]
2025-02-05 00:04:12.826 [info] > git ls-files --stage -- /home/aehsan4004/odin-css-exercises/foundations/flex/04-flex-information/solution/solution.css [63ms]
2025-02-05 00:04:12.899 [info] > git cat-file -s 2e53bb8e3c5f36c1738a34f7bc10044c128bcd84 [14ms]
2025-02-05 00:04:16.753 [info] > git show --textconv :foundations/flex/04-flex-information/solution/solution.html [55ms]
2025-02-05 00:04:16.762 [info] > git ls-files --stage -- /home/aehsan4004/odin-css-exercises/foundations/flex/04-flex-information/solution/solution.html [13ms]
2025-02-05 00:04:16.829 [info] > git cat-file -s a9c70eb375d8574e2b8c15e63ab6d2b9ffb18e72 [14ms]
2025-02-05 00:04:17.933 [info] > git show --textconv :foundations/flex/04-flex-information/solution/solution.css [53ms]
2025-02-05 00:04:17.945 [info] > git ls-files --stage -- /home/aehsan4004/odin-css-exercises/foundations/flex/04-flex-information/solution/solution.css [18ms]
2025-02-05 00:04:18.026 [info] > git cat-file -s 2e53bb8e3c5f36c1738a34f7bc10044c128bcd84 [15ms]
2025-02-05 00:04:29.072 [info] > git show --textconv :foundations/flex/04-flex-information/style.css [57ms]
2025-02-05 00:04:29.083 [info] > git ls-files --stage -- /home/aehsan4004/odin-css-exercises/foundations/flex/04-flex-information/style.css [16ms]
2025-02-05 00:04:29.148 [info] > git cat-file -s 80c00fd4bd5bdee3457dae266e588fe3a011fff5 [11ms]
2025-02-05 00:04:35.558 [info] > git show --textconv :foundations/flex/04-flex-information/solution/solution.css [60ms]
2025-02-05 00:04:35.568 [info] > git ls-files --stage -- /home/aehsan4004/odin-css-exercises/foundations/flex/04-flex-information/solution/solution.css [14ms]
2025-02-05 00:04:35.627 [info] > git cat-file -s 2e53bb8e3c5f36c1738a34f7bc10044c128bcd84 [13ms]
2025-02-05 00:04:40.973 [info] > git show --textconv :foundations/flex/04-flex-information/style.css [60ms]
2025-02-05 00:04:40.980 [info] > git ls-files --stage -- /home/aehsan4004/odin-css-exercises/foundations/flex/04-flex-information/style.css [16ms]
2025-02-05 00:04:41.050 [info] > git cat-file -s 80c00fd4bd5bdee3457dae266e588fe3a011fff5 [13ms]
2025-02-05 00:04:56.238 [info] > git show --textconv :foundations/flex/04-flex-information/solution/solution.css [53ms]
2025-02-05 00:04:56.247 [info] > git ls-files --stage -- /home/aehsan4004/odin-css-exercises/foundations/flex/04-flex-information/solution/solution.css [15ms]
2025-02-05 00:04:56.308 [info] > git cat-file -s 2e53bb8e3c5f36c1738a34f7bc10044c128bcd84 [13ms]
2025-02-05 00:05:06.898 [info] > git show --textconv :foundations/flex/04-flex-information/style.css [60ms]
2025-02-05 00:05:06.903 [info] > git ls-files --stage -- /home/aehsan4004/odin-css-exercises/foundations/flex/04-flex-information/style.css [15ms]
2025-02-05 00:05:06.972 [info] > git cat-file -s 80c00fd4bd5bdee3457dae266e588fe3a011fff5 [23ms]
2025-02-05 00:05:16.227 [info] > git show --textconv :foundations/flex/04-flex-information/solution/solution.css [61ms]
2025-02-05 00:05:16.232 [info] > git ls-files --stage -- /home/aehsan4004/odin-css-exercises/foundations/flex/04-flex-information/solution/solution.css [14ms]
2025-02-05 00:05:16.339 [info] > git cat-file -s 2e53bb8e3c5f36c1738a34f7bc10044c128bcd84 [59ms]
2025-02-05 00:05:19.274 [info] > git show --textconv :foundations/flex/04-flex-information/style.css [79ms]
2025-02-05 00:05:19.288 [info] > git ls-files --stage -- /home/aehsan4004/odin-css-exercises/foundations/flex/04-flex-information/style.css [18ms]
2025-02-05 00:05:19.370 [info] > git cat-file -s 80c00fd4bd5bdee3457dae266e588fe3a011fff5 [13ms]
2025-02-05 00:05:25.062 [info] > git config --get commit.template [60ms]
2025-02-05 00:05:25.072 [info] > git for-each-ref --format=%(refname)%00%(upstream:short)%00%(objectname)%00%(upstream:track)%00%(upstream:remotename)%00%(upstream:remoteref) refs/heads/main refs/remotes/main [12ms]
2025-02-05 00:05:25.118 [warning] [Git][revParse] Unable to read file: ENOENT: no such file or directory, open '/home/aehsan4004/odin-css-exercises/.git/refs/remotes/origin/main'
2025-02-05 00:05:25.127 [info] > git rev-parse refs/remotes/origin/main [9ms]
2025-02-05 00:05:25.232 [info] > git status -z -uall [58ms]
2025-02-05 00:05:25.243 [info] > git for-each-ref --sort -committerdate --format %(refname) %(objectname) %(*objectname) [14ms]
2025-02-05 00:05:29.955 [info] > git show --textconv :foundations/flex/04-flex-information/solution/solution.css [56ms]
2025-02-05 00:05:29.964 [info] > git ls-files --stage -- /home/aehsan4004/odin-css-exercises/foundations/flex/04-flex-information/solution/solution.css [15ms]
2025-02-05 00:05:30.027 [info] > git cat-file -s 2e53bb8e3c5f36c1738a34f7bc10044c128bcd84 [11ms]
2025-02-05 00:05:39.916 [info] > git check-ignore -v -z --stdin [11ms]
2025-02-05 00:05:44.048 [info] > git show --textconv :foundations/flex/04-flex-information/solution/solution.html [57ms]
2025-02-05 00:05:44.057 [info] > git ls-files --stage -- /home/aehsan4004/odin-css-exercises/foundations/flex/04-flex-information/solution/solution.html [15ms]
2025-02-05 00:05:44.114 [info] > git cat-file -s a9c70eb375d8574e2b8c15e63ab6d2b9ffb18e72 [11ms]
2025-02-05 00:05:52.361 [info] > git show --textconv :foundations/flex/04-flex-information/style.css [59ms]
2025-02-05 00:05:52.370 [info] > git ls-files --stage -- /home/aehsan4004/odin-css-exercises/foundations/flex/04-flex-information/style.css [14ms]
2025-02-05 00:05:52.441 [info] > git cat-file -s 80c00fd4bd5bdee3457dae266e588fe3a011fff5 [12ms]
2025-02-05 00:06:01.874 [info] > git show --textconv :foundations/flex/04-flex-information/solution/solution.html [71ms]
2025-02-05 00:06:01.887 [info] > git ls-files --stage -- /home/aehsan4004/odin-css-exercises/foundations/flex/04-flex-information/solution/solution.html [22ms]
2025-02-05 00:06:01.982 [info] > git cat-file -s a9c70eb375d8574e2b8c15e63ab6d2b9ffb18e72 [15ms]
2025-02-05 00:06:03.834 [info] > git show --textconv :foundations/flex/04-flex-information/solution/solution.css [59ms]
2025-02-05 00:06:03.846 [info] > git ls-files --stage -- /home/aehsan4004/odin-css-exercises/foundations/flex/04-flex-information/solution/solution.css [17ms]
2025-02-05 00:06:03.902 [info] > git cat-file -s 2e53bb8e3c5f36c1738a34f7bc10044c128bcd84 [11ms]
2025-02-05 00:06:09.684 [info] > git show --textconv :foundations/flex/04-flex-information/style.css [62ms]
2025-02-05 00:06:09.688 [info] > git ls-files --stage -- /home/aehsan4004/odin-css-exercises/foundations/flex/04-flex-information/style.css [14ms]
2025-02-05 00:06:09.758 [info] > git cat-file -s 80c00fd4bd5bdee3457dae266e588fe3a011fff5 [16ms]
2025-02-05 00:07:13.039 [info] > git config --get commit.template [70ms]
2025-02-05 00:07:13.052 [info] > git for-each-ref --format=%(refname)%00%(upstream:short)%00%(objectname)%00%(upstream:track)%00%(upstream:remotename)%00%(upstream:remoteref) refs/heads/main refs/remotes/main [17ms]
2025-02-05 00:07:13.103 [warning] [Git][revParse] Unable to read file: ENOENT: no such file or directory, open '/home/aehsan4004/odin-css-exercises/.git/refs/remotes/origin/main'
2025-02-05 00:07:13.113 [info] > git rev-parse refs/remotes/origin/main [10ms]
2025-02-05 00:07:13.230 [info] > git status -z -uall [63ms]
2025-02-05 00:07:13.249 [info] > git for-each-ref --sort -committerdate --format %(refname) %(objectname) %(*objectname) [23ms]
2025-02-05 00:12:42.990 [info] > git show --textconv :foundations/flex/04-flex-information/README.md [63ms]
2025-02-05 00:12:43.000 [info] > git ls-files --stage -- /home/aehsan4004/odin-css-exercises/foundations/flex/04-flex-information/README.md [16ms]
2025-02-05 00:12:43.065 [info] > git cat-file -s f035b6308c3b934451e44783fe4af39903135a66 [13ms]
2025-02-05 00:12:45.887 [info] > git show --textconv :foundations/flex/04-flex-information/solution/solution.css [54ms]
2025-02-05 00:12:45.904 [info] > git ls-files --stage -- /home/aehsan4004/odin-css-exercises/foundations/flex/04-flex-information/solution/solution.css [22ms]
2025-02-05 00:12:45.978 [info] > git cat-file -s 2e53bb8e3c5f36c1738a34f7bc10044c128bcd84 [19ms]
2025-02-05 00:12:49.843 [info] > git check-ignore -v -z --stdin [13ms]
2025-02-05 00:12:53.223 [info] > git show --textconv :foundations/flex/05-flex-modal/style.css [47ms]
2025-02-05 00:12:53.279 [info] > git ls-files --stage -- /home/aehsan4004/odin-css-exercises/foundations/flex/05-flex-modal/style.css [61ms]
2025-02-05 00:12:53.366 [info] > git cat-file -s 780b355ef3de2a0e13e0fa788790dd5c687ab74a [17ms]
2025-02-05 00:12:58.649 [info] > git show --textconv :foundations/flex/05-flex-modal/README.md [85ms]
2025-02-05 00:12:58.656 [info] > git ls-files --stage -- /home/aehsan4004/odin-css-exercises/foundations/flex/05-flex-modal/README.md [18ms]
2025-02-05 00:12:58.769 [info] > git cat-file -s 1b89892e77f648e1407ddc60ff538d68ab17c578 [29ms]
2025-02-05 00:13:00.491 [info] > git show --textconv :foundations/flex/05-flex-modal/index.html [52ms]
2025-02-05 00:13:00.500 [info] > git ls-files --stage -- /home/aehsan4004/odin-css-exercises/foundations/flex/05-flex-modal/index.html [12ms]
2025-02-05 00:13:00.567 [info] > git cat-file -s 3b4a06f2bcfadcb72c75ac9192bc8c57e54c502c [16ms]
2025-02-05 00:13:03.279 [info] > git show --textconv :foundations/flex/05-flex-modal/README.md [52ms]
2025-02-05 00:13:03.288 [info] > git ls-files --stage -- /home/aehsan4004/odin-css-exercises/foundations/flex/05-flex-modal/README.md [14ms]
2025-02-05 00:13:03.342 [info] > git cat-file -s 1b89892e77f648e1407ddc60ff538d68ab17c578 [12ms]
2025-02-05 00:14:11.107 [info] > git show --textconv :foundations/flex/05-flex-modal/index.html [62ms]
2025-02-05 00:14:11.118 [info] > git ls-files --stage -- /home/aehsan4004/odin-css-exercises/foundations/flex/05-flex-modal/index.html [15ms]
2025-02-05 00:14:11.195 [info] > git cat-file -s 3b4a06f2bcfadcb72c75ac9192bc8c57e54c502c [13ms]
2025-02-05 00:14:25.913 [info] > git blame --root --incremental fe95b463284982516875bda0dc888fd869a69c94 -- /home/aehsan4004/odin-css-exercises/foundations/flex/05-flex-modal/index.html [74ms]
2025-02-05 00:15:31.897 [info] > git config --get commit.template [47ms]
2025-02-05 00:15:31.909 [info] > git for-each-ref --format=%(refname)%00%(upstream:short)%00%(objectname)%00%(upstream:track)%00%(upstream:remotename)%00%(upstream:remoteref) refs/heads/main refs/remotes/main [15ms]
2025-02-05 00:15:31.957 [warning] [Git][revParse] Unable to read file: ENOENT: no such file or directory, open '/home/aehsan4004/odin-css-exercises/.git/refs/remotes/origin/main'
2025-02-05 00:15:31.967 [info] > git rev-parse refs/remotes/origin/main [10ms]
2025-02-05 00:15:32.111 [info] > git status -z -uall [96ms]
2025-02-05 00:15:32.145 [info] > git for-each-ref --sort -committerdate --format %(refname) %(objectname) %(*objectname) [40ms]
2025-02-05 00:16:45.858 [info] > git config --get commit.template [70ms]
2025-02-05 00:16:45.875 [info] > git for-each-ref --format=%(refname)%00%(upstream:short)%00%(objectname)%00%(upstream:track)%00%(upstream:remotename)%00%(upstream:remoteref) refs/heads/main refs/remotes/main [23ms]
2025-02-05 00:16:45.934 [warning] [Git][revParse] Unable to read file: ENOENT: no such file or directory, open '/home/aehsan4004/odin-css-exercises/.git/refs/remotes/origin/main'
2025-02-05 00:16:45.953 [info] > git rev-parse refs/remotes/origin/main [19ms]
2025-02-05 00:16:46.092 [info] > git status -z -uall [81ms]
2025-02-05 00:16:46.115 [info] > git for-each-ref --sort -committerdate --format %(refname) %(objectname) %(*objectname) [25ms]
2025-02-05 00:17:23.594 [info] > git show --textconv :foundations/flex/05-flex-modal/README.md [51ms]
2025-02-05 00:17:23.604 [info] > git ls-files --stage -- /home/aehsan4004/odin-css-exercises/foundations/flex/05-flex-modal/README.md [15ms]
2025-02-05 00:17:23.659 [info] > git cat-file -s 1b89892e77f648e1407ddc60ff538d68ab17c578 [12ms]
2025-02-05 00:17:25.046 [info] > git show --textconv :foundations/flex/05-flex-modal/index.html [58ms]
2025-02-05 00:17:25.053 [info] > git ls-files --stage -- /home/aehsan4004/odin-css-exercises/foundations/flex/05-flex-modal/index.html [14ms]
2025-02-05 00:17:25.116 [info] > git cat-file -s 3b4a06f2bcfadcb72c75ac9192bc8c57e54c502c [17ms]
2025-02-05 00:17:25.773 [info] > git show --textconv :foundations/flex/05-flex-modal/README.md [61ms]
2025-02-05 00:17:25.780 [info] > git ls-files --stage -- /home/aehsan4004/odin-css-exercises/foundations/flex/05-flex-modal/README.md [15ms]
2025-02-05 00:17:25.834 [info] > git cat-file -s 1b89892e77f648e1407ddc60ff538d68ab17c578 [11ms]
2025-02-05 00:17:27.604 [info] > git show --textconv :foundations/flex/04-flex-information/solution/solution.css [55ms]
2025-02-05 00:17:27.614 [info] > git ls-files --stage -- /home/aehsan4004/odin-css-exercises/foundations/flex/04-flex-information/solution/solution.css [13ms]
2025-02-05 00:17:27.687 [info] > git cat-file -s 2e53bb8e3c5f36c1738a34f7bc10044c128bcd84 [14ms]
2025-02-05 00:17:28.610 [info] > git show --textconv :foundations/flex/04-flex-information/style.css [53ms]
2025-02-05 00:17:28.619 [info] > git ls-files --stage -- /home/aehsan4004/odin-css-exercises/foundations/flex/04-flex-information/style.css [15ms]
2025-02-05 00:17:28.677 [info] > git cat-file -s 80c00fd4bd5bdee3457dae266e588fe3a011fff5 [11ms]
2025-02-05 00:17:30.402 [info] > git show --textconv :foundations/flex/04-flex-information/solution/solution.css [94ms]
2025-02-05 00:17:30.424 [info] > git ls-files --stage -- /home/aehsan4004/odin-css-exercises/foundations/flex/04-flex-information/solution/solution.css [39ms]
2025-02-05 00:17:30.554 [info] > git cat-file -s 2e53bb8e3c5f36c1738a34f7bc10044c128bcd84 [50ms]
2025-02-05 00:17:31.103 [info] > git show --textconv :foundations/flex/05-flex-modal/style.css [102ms]
2025-02-05 00:17:31.128 [info] > git ls-files --stage -- /home/aehsan4004/odin-css-exercises/foundations/flex/05-flex-modal/style.css [31ms]
2025-02-05 00:17:31.253 [info] > git cat-file -s 780b355ef3de2a0e13e0fa788790dd5c687ab74a [39ms]
2025-02-05 00:17:31.450 [info] > git show --textconv :foundations/flex/05-flex-modal/index.html [72ms]
2025-02-05 00:17:31.455 [info] > git ls-files --stage -- /home/aehsan4004/odin-css-exercises/foundations/flex/05-flex-modal/index.html [18ms]
2025-02-05 00:17:31.597 [info] > git cat-file -s 3b4a06f2bcfadcb72c75ac9192bc8c57e54c502c [88ms]
2025-02-05 00:17:55.887 [info] > git blame --root --incremental fe95b463284982516875bda0dc888fd869a69c94 -- /home/aehsan4004/odin-css-exercises/foundations/flex/05-flex-modal/style.css [25ms]
2025-02-05 00:18:30.738 [info] > git show --textconv :foundations/flex/05-flex-modal/README.md [51ms]
2025-02-05 00:18:30.749 [info] > git ls-files --stage -- /home/aehsan4004/odin-css-exercises/foundations/flex/05-flex-modal/README.md [15ms]
2025-02-05 00:18:30.813 [info] > git cat-file -s 1b89892e77f648e1407ddc60ff538d68ab17c578 [13ms]
2025-02-05 00:18:44.204 [info] > git show --textconv :foundations/flex/05-flex-modal/index.html [55ms]
2025-02-05 00:18:44.213 [info] > git ls-files --stage -- /home/aehsan4004/odin-css-exercises/foundations/flex/05-flex-modal/index.html [16ms]
2025-02-05 00:18:44.283 [info] > git cat-file -s 3b4a06f2bcfadcb72c75ac9192bc8c57e54c502c [18ms]
2025-02-05 00:19:46.185 [info] > git config --get commit.template [54ms]
2025-02-05 00:19:46.195 [info] > git for-each-ref --format=%(refname)%00%(upstream:short)%00%(objectname)%00%(upstream:track)%00%(upstream:remotename)%00%(upstream:remoteref) refs/heads/main refs/remotes/main [14ms]
2025-02-05 00:19:46.248 [warning] [Git][revParse] Unable to read file: ENOENT: no such file or directory, open '/home/aehsan4004/odin-css-exercises/.git/refs/remotes/origin/main'
2025-02-05 00:19:46.258 [info] > git rev-parse refs/remotes/origin/main [10ms]
2025-02-05 00:19:46.417 [info] > git status -z -uall [99ms]
2025-02-05 00:19:46.434 [info] > git for-each-ref --sort -committerdate --format %(refname) %(objectname) %(*objectname) [32ms]
2025-02-05 00:20:56.453 [info] > git config --get commit.template [65ms]
2025-02-05 00:20:56.466 [info] > git for-each-ref --format=%(refname)%00%(upstream:short)%00%(objectname)%00%(upstream:track)%00%(upstream:remotename)%00%(upstream:remoteref) refs/heads/main refs/remotes/main [15ms]
2025-02-05 00:20:56.525 [warning] [Git][revParse] Unable to read file: ENOENT: no such file or directory, open '/home/aehsan4004/odin-css-exercises/.git/refs/remotes/origin/main'
2025-02-05 00:20:56.540 [info] > git rev-parse refs/remotes/origin/main [16ms]
2025-02-05 00:20:56.687 [info] > git status -z -uall [85ms]
2025-02-05 00:20:56.705 [info] > git for-each-ref --sort -committerdate --format %(refname) %(objectname) %(*objectname) [23ms]
2025-02-05 00:22:11.943 [info] > git config --get commit.template [78ms]
2025-02-05 00:22:11.959 [info] > git for-each-ref --format=%(refname)%00%(upstream:short)%00%(objectname)%00%(upstream:track)%00%(upstream:remotename)%00%(upstream:remoteref) refs/heads/main refs/remotes/main [22ms]
2025-02-05 00:22:12.037 [warning] [Git][revParse] Unable to read file: ENOENT: no such file or directory, open '/home/aehsan4004/odin-css-exercises/.git/refs/remotes/origin/main'
2025-02-05 00:22:12.050 [info] > git rev-parse refs/remotes/origin/main [14ms]
2025-02-05 00:22:12.199 [info] > git status -z -uall [80ms]
2025-02-05 00:22:12.283 [info] > git for-each-ref --sort -committerdate --format %(refname) %(objectname) %(*objectname) [95ms]
2025-02-05 00:25:41.854 [info] > git config --get commit.template [84ms]
2025-02-05 00:25:41.867 [info] > git for-each-ref --format=%(refname)%00%(upstream:short)%00%(objectname)%00%(upstream:track)%00%(upstream:remotename)%00%(upstream:remoteref) refs/heads/main refs/remotes/main [16ms]
2025-02-05 00:25:41.932 [warning] [Git][revParse] Unable to read file: ENOENT: no such file or directory, open '/home/aehsan4004/odin-css-exercises/.git/refs/remotes/origin/main'
2025-02-05 00:25:41.946 [info] > git rev-parse refs/remotes/origin/main [14ms]
2025-02-05 00:25:42.194 [info] > git status -z -uall [163ms]
2025-02-05 00:25:42.212 [info] > git for-each-ref --sort -committerdate --format %(refname) %(objectname) %(*objectname) [43ms]
2025-02-05 00:27:11.605 [info] > git config --get commit.template [87ms]
2025-02-05 00:27:11.622 [info] > git for-each-ref --format=%(refname)%00%(upstream:short)%00%(objectname)%00%(upstream:track)%00%(upstream:remotename)%00%(upstream:remoteref) refs/heads/main refs/remotes/main [21ms]
2025-02-05 00:27:11.683 [warning] [Git][revParse] Unable to read file: ENOENT: no such file or directory, open '/home/aehsan4004/odin-css-exercises/.git/refs/remotes/origin/main'
2025-02-05 00:27:11.699 [info] > git rev-parse refs/remotes/origin/main [15ms]
2025-02-05 00:27:11.871 [info] > git status -z -uall [101ms]
2025-02-05 00:27:11.906 [info] > git for-each-ref --sort -committerdate --format %(refname) %(objectname) %(*objectname) [55ms]
2025-02-05 00:28:31.076 [info] > git config --get commit.template [67ms]
2025-02-05 00:28:31.091 [info] > git for-each-ref --format=%(refname)%00%(upstream:short)%00%(objectname)%00%(upstream:track)%00%(upstream:remotename)%00%(upstream:remoteref) refs/heads/main refs/remotes/main [18ms]
2025-02-05 00:28:31.161 [warning] [Git][revParse] Unable to read file: ENOENT: no such file or directory, open '/home/aehsan4004/odin-css-exercises/.git/refs/remotes/origin/main'
2025-02-05 00:28:31.173 [info] > git rev-parse refs/remotes/origin/main [13ms]
2025-02-05 00:28:31.426 [info] > git status -z -uall [156ms]
2025-02-05 00:28:31.438 [info] > git for-each-ref --sort -committerdate --format %(refname) %(objectname) %(*objectname) [26ms]
2025-02-05 00:29:27.400 [info] > git show --textconv :foundations/flex/05-flex-modal/README.md [64ms]
2025-02-05 00:29:27.413 [info] > git ls-files --stage -- /home/aehsan4004/odin-css-exercises/foundations/flex/05-flex-modal/README.md [18ms]
2025-02-05 00:29:27.487 [info] > git cat-file -s 1b89892e77f648e1407ddc60ff538d68ab17c578 [19ms]
2025-02-05 00:29:56.970 [info] > git show --textconv :foundations/flex/05-flex-modal/index.html [72ms]
2025-02-05 00:29:56.983 [info] > git ls-files --stage -- /home/aehsan4004/odin-css-exercises/foundations/flex/05-flex-modal/index.html [19ms]
2025-02-05 00:29:57.068 [info] > git cat-file -s 3b4a06f2bcfadcb72c75ac9192bc8c57e54c502c [21ms]
2025-02-05 00:30:54.767 [info] > git config --get commit.template [104ms]
2025-02-05 00:30:54.784 [info] > git for-each-ref --format=%(refname)%00%(upstream:short)%00%(objectname)%00%(upstream:track)%00%(upstream:remotename)%00%(upstream:remoteref) refs/heads/main refs/remotes/main [21ms]
2025-02-05 00:30:54.848 [warning] [Git][revParse] Unable to read file: ENOENT: no such file or directory, open '/home/aehsan4004/odin-css-exercises/.git/refs/remotes/origin/main'
2025-02-05 00:30:54.861 [info] > git rev-parse refs/remotes/origin/main [14ms]
2025-02-05 00:30:55.038 [info] > git status -z -uall [103ms]
2025-02-05 00:30:55.068 [info] > git for-each-ref --sort -committerdate --format %(refname) %(objectname) %(*objectname) [49ms]
2025-02-05 00:31:22.716 [info] > git config --get commit.template [62ms]
2025-02-05 00:31:22.730 [info] > git for-each-ref --format=%(refname)%00%(upstream:short)%00%(objectname)%00%(upstream:track)%00%(upstream:remotename)%00%(upstream:remoteref) refs/heads/main refs/remotes/main [16ms]
2025-02-05 00:31:22.799 [warning] [Git][revParse] Unable to read file: ENOENT: no such file or directory, open '/home/aehsan4004/odin-css-exercises/.git/refs/remotes/origin/main'
2025-02-05 00:31:22.811 [info] > git rev-parse refs/remotes/origin/main [13ms]
2025-02-05 00:31:23.002 [info] > git status -z -uall [131ms]
2025-02-05 00:31:23.037 [info] > git for-each-ref --sort -committerdate --format %(refname) %(objectname) %(*objectname) [51ms]
2025-02-05 00:31:48.154 [info] > git check-ignore -v -z --stdin [27ms]
2025-02-05 00:31:49.789 [info] > git show --textconv :foundations/flex/05-flex-modal/solution/solution.html [59ms]
2025-02-05 00:31:49.794 [info] > git ls-files --stage -- /home/aehsan4004/odin-css-exercises/foundations/flex/05-flex-modal/solution/solution.html [14ms]
2025-02-05 00:31:49.859 [info] > git cat-file -s 09385bfe3021305de75dd746ecf27143439bc822 [11ms]
2025-02-05 00:32:07.904 [info] > git show --textconv :foundations/flex/05-flex-modal/index.html [71ms]
2025-02-05 00:32:07.914 [info] > git ls-files --stage -- /home/aehsan4004/odin-css-exercises/foundations/flex/05-flex-modal/index.html [15ms]
2025-02-05 00:32:07.991 [info] > git cat-file -s 3b4a06f2bcfadcb72c75ac9192bc8c57e54c502c [15ms]
2025-02-05 00:32:24.033 [info] > git config --get commit.template [76ms]
2025-02-05 00:32:24.048 [info] > git for-each-ref --format=%(refname)%00%(upstream:short)%00%(objectname)%00%(upstream:track)%00%(upstream:remotename)%00%(upstream:remoteref) refs/heads/main refs/remotes/main [23ms]
2025-02-05 00:32:24.115 [warning] [Git][revParse] Unable to read file: ENOENT: no such file or directory, open '/home/aehsan4004/odin-css-exercises/.git/refs/remotes/origin/main'
2025-02-05 00:32:24.126 [info] > git rev-parse refs/remotes/origin/main [10ms]
2025-02-05 00:32:24.266 [info] > git status -z -uall [72ms]
2025-02-05 00:32:24.287 [info] > git for-each-ref --sort -committerdate --format %(refname) %(objectname) %(*objectname) [23ms]
2025-02-05 00:32:32.934 [info] > git show --textconv :foundations/flex/05-flex-modal/solution/solution.html [60ms]
2025-02-05 00:32:32.945 [info] > git ls-files --stage -- /home/aehsan4004/odin-css-exercises/foundations/flex/05-flex-modal/solution/solution.html [16ms]
2025-02-05 00:32:33.023 [info] > git cat-file -s 09385bfe3021305de75dd746ecf27143439bc822 [16ms]
2025-02-05 00:32:45.979 [info] > git show --textconv :foundations/flex/05-flex-modal/solution/solution.css [58ms]
2025-02-05 00:32:45.987 [info] > git ls-files --stage -- /home/aehsan4004/odin-css-exercises/foundations/flex/05-flex-modal/solution/solution.css [14ms]
2025-02-05 00:32:46.053 [info] > git cat-file -s aa438da8d00ad1ec6ca3cde9029f044a54b186c9 [11ms]
2025-02-05 00:32:49.183 [info] > git blame --root --incremental fe95b463284982516875bda0dc888fd869a69c94 -- /home/aehsan4004/odin-css-exercises/foundations/flex/05-flex-modal/solution/solution.css [88ms]
2025-02-05 00:34:22.449 [info] > git config --get commit.template [90ms]
2025-02-05 00:34:22.460 [info] > git for-each-ref --format=%(refname)%00%(upstream:short)%00%(objectname)%00%(upstream:track)%00%(upstream:remotename)%00%(upstream:remoteref) refs/heads/main refs/remotes/main [25ms]
2025-02-05 00:34:22.530 [warning] [Git][revParse] Unable to read file: ENOENT: no such file or directory, open '/home/aehsan4004/odin-css-exercises/.git/refs/remotes/origin/main'
2025-02-05 00:34:22.544 [info] > git rev-parse refs/remotes/origin/main [13ms]
2025-02-05 00:34:22.661 [info] > git status -z -uall [59ms]
2025-02-05 00:34:22.678 [info] > git for-each-ref --sort -committerdate --format %(refname) %(objectname) %(*objectname) [19ms]
2025-02-05 00:34:38.580 [info] > git show --textconv :foundations/flex/05-flex-modal/index.html [63ms]
2025-02-05 00:34:38.591 [info] > git ls-files --stage -- /home/aehsan4004/odin-css-exercises/foundations/flex/05-flex-modal/index.html [17ms]
2025-02-05 00:34:38.667 [info] > git cat-file -s 3b4a06f2bcfadcb72c75ac9192bc8c57e54c502c [17ms]
2025-02-05 00:34:59.225 [info] > git show --textconv :foundations/flex/05-flex-modal/solution/solution.css [99ms]
2025-02-05 00:34:59.237 [info] > git ls-files --stage -- /home/aehsan4004/odin-css-exercises/foundations/flex/05-flex-modal/solution/solution.css [34ms]
2025-02-05 00:34:59.328 [info] > git cat-file -s aa438da8d00ad1ec6ca3cde9029f044a54b186c9 [15ms]
2025-02-05 00:35:01.347 [info] > git show --textconv :foundations/flex/05-flex-modal/index.html [67ms]
2025-02-05 00:35:01.359 [info] > git ls-files --stage -- /home/aehsan4004/odin-css-exercises/foundations/flex/05-flex-modal/index.html [21ms]
2025-02-05 00:35:01.437 [info] > git cat-file -s 3b4a06f2bcfadcb72c75ac9192bc8c57e54c502c [18ms]
2025-02-05 00:35:02.476 [info] > git show --textconv :foundations/flex/05-flex-modal/README.md [75ms]
2025-02-05 00:35:02.480 [info] > git ls-files --stage -- /home/aehsan4004/odin-css-exercises/foundations/flex/05-flex-modal/README.md [19ms]
2025-02-05 00:35:02.561 [info] > git cat-file -s 1b89892e77f648e1407ddc60ff538d68ab17c578 [20ms]
2025-02-05 00:35:33.154 [info] > git check-ignore -v -z --stdin [13ms]
2025-02-05 00:35:42.922 [info] > git show --textconv :foundations/flex/06-flex-layout/style.css [70ms]
2025-02-05 00:35:42.927 [info] > git ls-files --stage -- /home/aehsan4004/odin-css-exercises/foundations/flex/06-flex-layout/style.css [17ms]
2025-02-05 00:35:43.014 [info] > git cat-file -s 3777aef335f04eedbc378875ec0d541fb62d849b [17ms]
2025-02-05 00:35:46.913 [info] > git show --textconv :foundations/flex/06-flex-layout/README.md [86ms]
2025-02-05 00:35:46.921 [info] > git ls-files --stage -- /home/aehsan4004/odin-css-exercises/foundations/flex/06-flex-layout/README.md [16ms]
2025-02-05 00:35:47.011 [info] > git cat-file -s e5fceebfd2b3850b3d5c9c0731b1107e3a4c7232 [20ms]
2025-02-05 00:35:48.703 [info] > git show --textconv :foundations/flex/06-flex-layout/index.html [60ms]
2025-02-05 00:35:48.711 [info] > git ls-files --stage -- /home/aehsan4004/odin-css-exercises/foundations/flex/06-flex-layout/index.html [13ms]
2025-02-05 00:35:48.780 [info] > git cat-file -s a05f14bb02576409f38dcfdb448633ebc02e73fe [16ms]
2025-02-05 00:36:53.684 [info] > git show --textconv :foundations/flex/06-flex-layout/README.md [60ms]
2025-02-05 00:36:53.691 [info] > git ls-files --stage -- /home/aehsan4004/odin-css-exercises/foundations/flex/06-flex-layout/README.md [13ms]
2025-02-05 00:36:53.757 [info] > git cat-file -s e5fceebfd2b3850b3d5c9c0731b1107e3a4c7232 [15ms]
2025-02-05 00:38:25.397 [info] > git show --textconv :foundations/flex/06-flex-layout/index.html [62ms]
2025-02-05 00:38:25.407 [info] > git ls-files --stage -- /home/aehsan4004/odin-css-exercises/foundations/flex/06-flex-layout/index.html [16ms]
2025-02-05 00:38:25.476 [info] > git cat-file -s a05f14bb02576409f38dcfdb448633ebc02e73fe [15ms]
2025-02-05 00:38:26.554 [info] > git blame --root --incremental fe95b463284982516875bda0dc888fd869a69c94 -- /home/aehsan4004/odin-css-exercises/foundations/flex/06-flex-layout/index.html [60ms]
