2025-02-05 18:08:57.488 [info] Extension host with pid 6313 started
2025-02-05 18:08:59.100 [info] ExtensionService#_doActivateExtension vscode.emmet, startup: false, activationEvent: 'onLanguage'
2025-02-05 18:08:59.104 [info] ExtensionService#_doActivateExtension vscode.css-language-features, startup: false, activationEvent: 'onLanguage:css'
2025-02-05 18:08:59.114 [info] ExtensionService#_doActivateExtension vscode.extension-editing, startup: false, activationEvent: 'onLanguage:markdown'
2025-02-05 18:08:59.138 [info] ExtensionService#_doActivateExtension vscode.markdown-language-features, startup: false, activationEvent: 'onLanguage:markdown'
2025-02-05 18:09:00.850 [info] ExtensionService#_doActivateExtension vscode.git-base, startup: true, activationEvent: '*', root cause: vscode.git
2025-02-05 18:09:01.730 [info] Lock '/home/aehsan4004/.vscode-server/data/User/workspaceStorage/08657293350c16d3cb2041717647d3de/vscode.lock': Lock acquired.
2025-02-05 18:09:01.966 [info] ExtensionService#_doActivateExtension vscode.git, startup: true, activationEvent: '*'
2025-02-05 18:09:01.966 [info] ExtensionService#_doActivateExtension vscode.github, startup: true, activationEvent: '*'
2025-02-05 18:09:04.459 [info] ExtensionService#_doActivateExtension vscode.markdown-math, startup: false, activationEvent: 'api', root cause: vscode.markdown-language-features
2025-02-05 18:09:04.824 [info] Eager extensions activated
2025-02-05 18:09:04.825 [info] ExtensionService#_doActivateExtension vscode.debug-auto-launch, startup: false, activationEvent: 'onStartupFinished'
2025-02-05 18:09:04.826 [info] ExtensionService#_doActivateExtension vscode.merge-conflict, startup: false, activationEvent: 'onStartupFinished'
2025-02-05 18:13:23.076 [info] ExtensionService#_doActivateExtension vscode.html-language-features, startup: false, activationEvent: 'onLanguage:html'
2025-02-06 01:19:54.475 [info] Extension host terminating: received terminate message from renderer
2025-02-06 01:19:55.462 [info] Lock '/home/aehsan4004/.vscode-server/data/User/workspaceStorage/08657293350c16d3cb2041717647d3de/vscode.lock': Marking the lockfile as scheduled to be released in 6000 ms.
2025-02-06 01:20:08.344 [error] Canceled: Canceled
	at new IT (file:///home/aehsan4004/.vscode-server/bin/cd4ee3b1c348a13bafd8f9ad8060705f6d4b9cba/out/vs/workbench/api/node/extensionHostProcess.js:32:153476)
	at Dy.U (file:///home/aehsan4004/.vscode-server/bin/cd4ee3b1c348a13bafd8f9ad8060705f6d4b9cba/out/vs/workbench/api/node/extensionHostProcess.js:32:158086)
	at s.<computed>.n.charCodeAt.s.<computed> (file:///home/aehsan4004/.vscode-server/bin/cd4ee3b1c348a13bafd8f9ad8060705f6d4b9cba/out/vs/workbench/api/node/extensionHostProcess.js:32:155580)
	at cw.g (file:///home/aehsan4004/.vscode-server/bin/cd4ee3b1c348a13bafd8f9ad8060705f6d4b9cba/out/vs/workbench/api/node/extensionHostProcess.js:115:32313)
	at cw.executeCommand (file:///home/aehsan4004/.vscode-server/bin/cd4ee3b1c348a13bafd8f9ad8060705f6d4b9cba/out/vs/workbench/api/node/extensionHostProcess.js:115:31817)
	at r.registerCommand.description (file:///home/aehsan4004/.vscode-server/bin/cd4ee3b1c348a13bafd8f9ad8060705f6d4b9cba/out/vs/workbench/api/node/extensionHostProcess.js:115:31147)
	at cw.h (file:///home/aehsan4004/.vscode-server/bin/cd4ee3b1c348a13bafd8f9ad8060705f6d4b9cba/out/vs/workbench/api/node/extensionHostProcess.js:115:32833)
	at cw.g (file:///home/aehsan4004/.vscode-server/bin/cd4ee3b1c348a13bafd8f9ad8060705f6d4b9cba/out/vs/workbench/api/node/extensionHostProcess.js:115:31910)
	at cw.executeCommand (file:///home/aehsan4004/.vscode-server/bin/cd4ee3b1c348a13bafd8f9ad8060705f6d4b9cba/out/vs/workbench/api/node/extensionHostProcess.js:115:31817)
	at Object.executeCommand (file:///home/aehsan4004/.vscode-server/bin/cd4ee3b1c348a13bafd8f9ad8060705f6d4b9cba/out/vs/workbench/api/node/extensionHostProcess.js:157:37484)
	at Sh.L [as value] (/home/aehsan4004/.vscode-server/bin/cd4ee3b1c348a13bafd8f9ad8060705f6d4b9cba/extensions/git/dist/main.js:2:975601)
	at P.B (file:///home/aehsan4004/.vscode-server/bin/cd4ee3b1c348a13bafd8f9ad8060705f6d4b9cba/out/vs/workbench/api/node/extensionHostProcess.js:30:746)
	at P.C (file:///home/aehsan4004/.vscode-server/bin/cd4ee3b1c348a13bafd8f9ad8060705f6d4b9cba/out/vs/workbench/api/node/extensionHostProcess.js:30:816)
	at P.fire (file:///home/aehsan4004/.vscode-server/bin/cd4ee3b1c348a13bafd8f9ad8060705f6d4b9cba/out/vs/workbench/api/node/extensionHostProcess.js:30:1033)
	at Object.p [as dispose] (/home/aehsan4004/.vscode-server/bin/cd4ee3b1c348a13bafd8f9ad8060705f6d4b9cba/extensions/git/dist/main.js:2:997158)
	at /home/aehsan4004/.vscode-server/bin/cd4ee3b1c348a13bafd8f9ad8060705f6d4b9cba/extensions/git/dist/main.js:2:1003280
	at Array.forEach (<anonymous>)
	at b.dispose (/home/aehsan4004/.vscode-server/bin/cd4ee3b1c348a13bafd8f9ad8060705f6d4b9cba/extensions/git/dist/main.js:2:1003266)
	at ev.<anonymous> (file:///home/aehsan4004/.vscode-server/bin/cd4ee3b1c348a13bafd8f9ad8060705f6d4b9cba/out/vs/workbench/api/node/extensionHostProcess.js:109:20047)
	at ev.dispose (file:///home/aehsan4004/.vscode-server/bin/cd4ee3b1c348a13bafd8f9ad8060705f6d4b9cba/out/vs/workbench/api/node/extensionHostProcess.js:109:20143)
	at ev.<anonymous> (/home/aehsan4004/.vscode-server/bin/cd4ee3b1c348a13bafd8f9ad8060705f6d4b9cba/extensions/git/dist/main.js:2:978080)
	at ev.dispose (file:///home/aehsan4004/.vscode-server/bin/cd4ee3b1c348a13bafd8f9ad8060705f6d4b9cba/out/vs/workbench/api/node/extensionHostProcess.js:109:20143)
	at ai (file:///home/aehsan4004/.vscode-server/bin/cd4ee3b1c348a13bafd8f9ad8060705f6d4b9cba/out/vs/workbench/api/node/extensionHostProcess.js:25:699)
	at file:///home/aehsan4004/.vscode-server/bin/cd4ee3b1c348a13bafd8f9ad8060705f6d4b9cba/out/vs/workbench/api/node/extensionHostProcess.js:119:14992
	at file:///home/aehsan4004/.vscode-server/bin/cd4ee3b1c348a13bafd8f9ad8060705f6d4b9cba/out/vs/workbench/api/node/extensionHostProcess.js:25:1009
	at Object.dispose (file:///home/aehsan4004/.vscode-server/bin/cd4ee3b1c348a13bafd8f9ad8060705f6d4b9cba/out/vs/workbench/api/node/extensionHostProcess.js:8:705)
	at zz.eb (file:///home/aehsan4004/.vscode-server/bin/cd4ee3b1c348a13bafd8f9ad8060705f6d4b9cba/out/vs/workbench/api/node/extensionHostProcess.js:119:11919)
	at file:///home/aehsan4004/.vscode-server/bin/cd4ee3b1c348a13bafd8f9ad8060705f6d4b9cba/out/vs/workbench/api/node/extensionHostProcess.js:119:9874
	at Array.map (<anonymous>)
	at zz.$ (file:///home/aehsan4004/.vscode-server/bin/cd4ee3b1c348a13bafd8f9ad8060705f6d4b9cba/out/vs/workbench/api/node/extensionHostProcess.js:119:9862)
	at zz.terminate (file:///home/aehsan4004/.vscode-server/bin/cd4ee3b1c348a13bafd8f9ad8060705f6d4b9cba/out/vs/workbench/api/node/extensionHostProcess.js:119:10105)
	at Q3.terminate (file:///home/aehsan4004/.vscode-server/bin/cd4ee3b1c348a13bafd8f9ad8060705f6d4b9cba/out/vs/workbench/api/node/extensionHostProcess.js:120:1424)
	at Zi (file:///home/aehsan4004/.vscode-server/bin/cd4ee3b1c348a13bafd8f9ad8060705f6d4b9cba/out/vs/workbench/api/node/extensionHostProcess.js:175:15080)
	at Sh.value (file:///home/aehsan4004/.vscode-server/bin/cd4ee3b1c348a13bafd8f9ad8060705f6d4b9cba/out/vs/workbench/api/node/extensionHostProcess.js:175:13241)
	at P.B (file:///home/aehsan4004/.vscode-server/bin/cd4ee3b1c348a13bafd8f9ad8060705f6d4b9cba/out/vs/workbench/api/node/extensionHostProcess.js:30:746)
	at P.fire (file:///home/aehsan4004/.vscode-server/bin/cd4ee3b1c348a13bafd8f9ad8060705f6d4b9cba/out/vs/workbench/api/node/extensionHostProcess.js:30:964)
	at Vn.fire (file:///home/aehsan4004/.vscode-server/bin/cd4ee3b1c348a13bafd8f9ad8060705f6d4b9cba/out/vs/workbench/api/node/extensionHostProcess.js:32:9457)
	at Wm.A (file:///home/aehsan4004/.vscode-server/bin/cd4ee3b1c348a13bafd8f9ad8060705f6d4b9cba/out/vs/workbench/api/node/extensionHostProcess.js:32:12573)
	at Sh.value (file:///home/aehsan4004/.vscode-server/bin/cd4ee3b1c348a13bafd8f9ad8060705f6d4b9cba/out/vs/workbench/api/node/extensionHostProcess.js:32:10993)
	at P.B (file:///home/aehsan4004/.vscode-server/bin/cd4ee3b1c348a13bafd8f9ad8060705f6d4b9cba/out/vs/workbench/api/node/extensionHostProcess.js:30:746)
	at P.fire (file:///home/aehsan4004/.vscode-server/bin/cd4ee3b1c348a13bafd8f9ad8060705f6d4b9cba/out/vs/workbench/api/node/extensionHostProcess.js:30:964)
	at s6.acceptChunk (file:///home/aehsan4004/.vscode-server/bin/cd4ee3b1c348a13bafd8f9ad8060705f6d4b9cba/out/vs/workbench/api/node/extensionHostProcess.js:32:7940)
	at Sh.value (file:///home/aehsan4004/.vscode-server/bin/cd4ee3b1c348a13bafd8f9ad8060705f6d4b9cba/out/vs/workbench/api/node/extensionHostProcess.js:32:7226)
	at P.B (file:///home/aehsan4004/.vscode-server/bin/cd4ee3b1c348a13bafd8f9ad8060705f6d4b9cba/out/vs/workbench/api/node/extensionHostProcess.js:30:746)
	at P.fire (file:///home/aehsan4004/.vscode-server/bin/cd4ee3b1c348a13bafd8f9ad8060705f6d4b9cba/out/vs/workbench/api/node/extensionHostProcess.js:30:964)
	at vA.z (file:///home/aehsan4004/.vscode-server/bin/cd4ee3b1c348a13bafd8f9ad8060705f6d4b9cba/out/vs/workbench/api/node/extensionHostProcess.js:32:21944)
	at vA.acceptFrame (file:///home/aehsan4004/.vscode-server/bin/cd4ee3b1c348a13bafd8f9ad8060705f6d4b9cba/out/vs/workbench/api/node/extensionHostProcess.js:32:21750)
	at mA.n (file:///home/aehsan4004/.vscode-server/bin/cd4ee3b1c348a13bafd8f9ad8060705f6d4b9cba/out/vs/workbench/api/node/extensionHostProcess.js:32:20278)
	at file:///home/aehsan4004/.vscode-server/bin/cd4ee3b1c348a13bafd8f9ad8060705f6d4b9cba/out/vs/workbench/api/node/extensionHostProcess.js:32:17510
	at Socket.t (file:///home/aehsan4004/.vscode-server/bin/cd4ee3b1c348a13bafd8f9ad8060705f6d4b9cba/out/vs/workbench/api/node/extensionHostProcess.js:32:15451)
	at Socket.emit (node:events:518:28)
	at addChunk (node:internal/streams/readable:561:12)
	at readableAddChunkPushByteMode (node:internal/streams/readable:512:3)
	at Readable.push (node:internal/streams/readable:392:5)
	at TCP.onStreamRead (node:internal/stream_base_commons:191:23) setContext undefined
2025-02-06 01:20:08.348 [error] Canceled: Canceled
	at new IT (file:///home/aehsan4004/.vscode-server/bin/cd4ee3b1c348a13bafd8f9ad8060705f6d4b9cba/out/vs/workbench/api/node/extensionHostProcess.js:32:153476)
	at Dy.U (file:///home/aehsan4004/.vscode-server/bin/cd4ee3b1c348a13bafd8f9ad8060705f6d4b9cba/out/vs/workbench/api/node/extensionHostProcess.js:32:158086)
	at s.<computed>.n.charCodeAt.s.<computed> (file:///home/aehsan4004/.vscode-server/bin/cd4ee3b1c348a13bafd8f9ad8060705f6d4b9cba/out/vs/workbench/api/node/extensionHostProcess.js:32:155580)
	at cw.g (file:///home/aehsan4004/.vscode-server/bin/cd4ee3b1c348a13bafd8f9ad8060705f6d4b9cba/out/vs/workbench/api/node/extensionHostProcess.js:115:32313)
	at cw.executeCommand (file:///home/aehsan4004/.vscode-server/bin/cd4ee3b1c348a13bafd8f9ad8060705f6d4b9cba/out/vs/workbench/api/node/extensionHostProcess.js:115:31817)
	at r.registerCommand.description (file:///home/aehsan4004/.vscode-server/bin/cd4ee3b1c348a13bafd8f9ad8060705f6d4b9cba/out/vs/workbench/api/node/extensionHostProcess.js:115:31147)
	at cw.h (file:///home/aehsan4004/.vscode-server/bin/cd4ee3b1c348a13bafd8f9ad8060705f6d4b9cba/out/vs/workbench/api/node/extensionHostProcess.js:115:32833)
	at cw.g (file:///home/aehsan4004/.vscode-server/bin/cd4ee3b1c348a13bafd8f9ad8060705f6d4b9cba/out/vs/workbench/api/node/extensionHostProcess.js:115:31910)
	at cw.executeCommand (file:///home/aehsan4004/.vscode-server/bin/cd4ee3b1c348a13bafd8f9ad8060705f6d4b9cba/out/vs/workbench/api/node/extensionHostProcess.js:115:31817)
	at Object.executeCommand (file:///home/aehsan4004/.vscode-server/bin/cd4ee3b1c348a13bafd8f9ad8060705f6d4b9cba/out/vs/workbench/api/node/extensionHostProcess.js:157:37484)
	at Sh.L [as value] (/home/aehsan4004/.vscode-server/bin/cd4ee3b1c348a13bafd8f9ad8060705f6d4b9cba/extensions/git/dist/main.js:2:975601)
	at P.B (file:///home/aehsan4004/.vscode-server/bin/cd4ee3b1c348a13bafd8f9ad8060705f6d4b9cba/out/vs/workbench/api/node/extensionHostProcess.js:30:746)
	at P.C (file:///home/aehsan4004/.vscode-server/bin/cd4ee3b1c348a13bafd8f9ad8060705f6d4b9cba/out/vs/workbench/api/node/extensionHostProcess.js:30:816)
	at P.fire (file:///home/aehsan4004/.vscode-server/bin/cd4ee3b1c348a13bafd8f9ad8060705f6d4b9cba/out/vs/workbench/api/node/extensionHostProcess.js:30:1033)
	at Object.p [as dispose] (/home/aehsan4004/.vscode-server/bin/cd4ee3b1c348a13bafd8f9ad8060705f6d4b9cba/extensions/git/dist/main.js:2:997158)
	at /home/aehsan4004/.vscode-server/bin/cd4ee3b1c348a13bafd8f9ad8060705f6d4b9cba/extensions/git/dist/main.js:2:1003280
	at Array.forEach (<anonymous>)
	at b.dispose (/home/aehsan4004/.vscode-server/bin/cd4ee3b1c348a13bafd8f9ad8060705f6d4b9cba/extensions/git/dist/main.js:2:1003266)
	at ev.<anonymous> (file:///home/aehsan4004/.vscode-server/bin/cd4ee3b1c348a13bafd8f9ad8060705f6d4b9cba/out/vs/workbench/api/node/extensionHostProcess.js:109:20047)
	at ev.dispose (file:///home/aehsan4004/.vscode-server/bin/cd4ee3b1c348a13bafd8f9ad8060705f6d4b9cba/out/vs/workbench/api/node/extensionHostProcess.js:109:20143)
	at ev.<anonymous> (/home/aehsan4004/.vscode-server/bin/cd4ee3b1c348a13bafd8f9ad8060705f6d4b9cba/extensions/git/dist/main.js:2:978080)
	at ev.dispose (file:///home/aehsan4004/.vscode-server/bin/cd4ee3b1c348a13bafd8f9ad8060705f6d4b9cba/out/vs/workbench/api/node/extensionHostProcess.js:109:20143)
	at ai (file:///home/aehsan4004/.vscode-server/bin/cd4ee3b1c348a13bafd8f9ad8060705f6d4b9cba/out/vs/workbench/api/node/extensionHostProcess.js:25:699)
	at file:///home/aehsan4004/.vscode-server/bin/cd4ee3b1c348a13bafd8f9ad8060705f6d4b9cba/out/vs/workbench/api/node/extensionHostProcess.js:119:14992
	at file:///home/aehsan4004/.vscode-server/bin/cd4ee3b1c348a13bafd8f9ad8060705f6d4b9cba/out/vs/workbench/api/node/extensionHostProcess.js:25:1009
	at Object.dispose (file:///home/aehsan4004/.vscode-server/bin/cd4ee3b1c348a13bafd8f9ad8060705f6d4b9cba/out/vs/workbench/api/node/extensionHostProcess.js:8:705)
	at zz.eb (file:///home/aehsan4004/.vscode-server/bin/cd4ee3b1c348a13bafd8f9ad8060705f6d4b9cba/out/vs/workbench/api/node/extensionHostProcess.js:119:11919)
	at file:///home/aehsan4004/.vscode-server/bin/cd4ee3b1c348a13bafd8f9ad8060705f6d4b9cba/out/vs/workbench/api/node/extensionHostProcess.js:119:9874
	at Array.map (<anonymous>)
	at zz.$ (file:///home/aehsan4004/.vscode-server/bin/cd4ee3b1c348a13bafd8f9ad8060705f6d4b9cba/out/vs/workbench/api/node/extensionHostProcess.js:119:9862)
	at zz.terminate (file:///home/aehsan4004/.vscode-server/bin/cd4ee3b1c348a13bafd8f9ad8060705f6d4b9cba/out/vs/workbench/api/node/extensionHostProcess.js:119:10105)
	at Q3.terminate (file:///home/aehsan4004/.vscode-server/bin/cd4ee3b1c348a13bafd8f9ad8060705f6d4b9cba/out/vs/workbench/api/node/extensionHostProcess.js:120:1424)
	at Zi (file:///home/aehsan4004/.vscode-server/bin/cd4ee3b1c348a13bafd8f9ad8060705f6d4b9cba/out/vs/workbench/api/node/extensionHostProcess.js:175:15080)
	at Sh.value (file:///home/aehsan4004/.vscode-server/bin/cd4ee3b1c348a13bafd8f9ad8060705f6d4b9cba/out/vs/workbench/api/node/extensionHostProcess.js:175:13241)
	at P.B (file:///home/aehsan4004/.vscode-server/bin/cd4ee3b1c348a13bafd8f9ad8060705f6d4b9cba/out/vs/workbench/api/node/extensionHostProcess.js:30:746)
	at P.fire (file:///home/aehsan4004/.vscode-server/bin/cd4ee3b1c348a13bafd8f9ad8060705f6d4b9cba/out/vs/workbench/api/node/extensionHostProcess.js:30:964)
	at Vn.fire (file:///home/aehsan4004/.vscode-server/bin/cd4ee3b1c348a13bafd8f9ad8060705f6d4b9cba/out/vs/workbench/api/node/extensionHostProcess.js:32:9457)
	at Wm.A (file:///home/aehsan4004/.vscode-server/bin/cd4ee3b1c348a13bafd8f9ad8060705f6d4b9cba/out/vs/workbench/api/node/extensionHostProcess.js:32:12573)
	at Sh.value (file:///home/aehsan4004/.vscode-server/bin/cd4ee3b1c348a13bafd8f9ad8060705f6d4b9cba/out/vs/workbench/api/node/extensionHostProcess.js:32:10993)
	at P.B (file:///home/aehsan4004/.vscode-server/bin/cd4ee3b1c348a13bafd8f9ad8060705f6d4b9cba/out/vs/workbench/api/node/extensionHostProcess.js:30:746)
	at P.fire (file:///home/aehsan4004/.vscode-server/bin/cd4ee3b1c348a13bafd8f9ad8060705f6d4b9cba/out/vs/workbench/api/node/extensionHostProcess.js:30:964)
	at s6.acceptChunk (file:///home/aehsan4004/.vscode-server/bin/cd4ee3b1c348a13bafd8f9ad8060705f6d4b9cba/out/vs/workbench/api/node/extensionHostProcess.js:32:7940)
	at Sh.value (file:///home/aehsan4004/.vscode-server/bin/cd4ee3b1c348a13bafd8f9ad8060705f6d4b9cba/out/vs/workbench/api/node/extensionHostProcess.js:32:7226)
	at P.B (file:///home/aehsan4004/.vscode-server/bin/cd4ee3b1c348a13bafd8f9ad8060705f6d4b9cba/out/vs/workbench/api/node/extensionHostProcess.js:30:746)
	at P.fire (file:///home/aehsan4004/.vscode-server/bin/cd4ee3b1c348a13bafd8f9ad8060705f6d4b9cba/out/vs/workbench/api/node/extensionHostProcess.js:30:964)
	at vA.z (file:///home/aehsan4004/.vscode-server/bin/cd4ee3b1c348a13bafd8f9ad8060705f6d4b9cba/out/vs/workbench/api/node/extensionHostProcess.js:32:21944)
	at vA.acceptFrame (file:///home/aehsan4004/.vscode-server/bin/cd4ee3b1c348a13bafd8f9ad8060705f6d4b9cba/out/vs/workbench/api/node/extensionHostProcess.js:32:21750)
	at mA.n (file:///home/aehsan4004/.vscode-server/bin/cd4ee3b1c348a13bafd8f9ad8060705f6d4b9cba/out/vs/workbench/api/node/extensionHostProcess.js:32:20278)
	at file:///home/aehsan4004/.vscode-server/bin/cd4ee3b1c348a13bafd8f9ad8060705f6d4b9cba/out/vs/workbench/api/node/extensionHostProcess.js:32:17510
	at Socket.t (file:///home/aehsan4004/.vscode-server/bin/cd4ee3b1c348a13bafd8f9ad8060705f6d4b9cba/out/vs/workbench/api/node/extensionHostProcess.js:32:15451)
	at Socket.emit (node:events:518:28)
	at addChunk (node:internal/streams/readable:561:12)
	at readableAddChunkPushByteMode (node:internal/streams/readable:512:3)
	at Readable.push (node:internal/streams/readable:392:5)
	at TCP.onStreamRead (node:internal/stream_base_commons:191:23) setContext undefined
2025-02-06 01:20:08.351 [error] Canceled: Canceled
	at new IT (file:///home/aehsan4004/.vscode-server/bin/cd4ee3b1c348a13bafd8f9ad8060705f6d4b9cba/out/vs/workbench/api/node/extensionHostProcess.js:32:153476)
	at Dy.U (file:///home/aehsan4004/.vscode-server/bin/cd4ee3b1c348a13bafd8f9ad8060705f6d4b9cba/out/vs/workbench/api/node/extensionHostProcess.js:32:158086)
	at s.<computed>.n.charCodeAt.s.<computed> (file:///home/aehsan4004/.vscode-server/bin/cd4ee3b1c348a13bafd8f9ad8060705f6d4b9cba/out/vs/workbench/api/node/extensionHostProcess.js:32:155580)
	at cw.g (file:///home/aehsan4004/.vscode-server/bin/cd4ee3b1c348a13bafd8f9ad8060705f6d4b9cba/out/vs/workbench/api/node/extensionHostProcess.js:115:32313)
	at cw.executeCommand (file:///home/aehsan4004/.vscode-server/bin/cd4ee3b1c348a13bafd8f9ad8060705f6d4b9cba/out/vs/workbench/api/node/extensionHostProcess.js:115:31817)
	at r.registerCommand.description (file:///home/aehsan4004/.vscode-server/bin/cd4ee3b1c348a13bafd8f9ad8060705f6d4b9cba/out/vs/workbench/api/node/extensionHostProcess.js:115:31147)
	at cw.h (file:///home/aehsan4004/.vscode-server/bin/cd4ee3b1c348a13bafd8f9ad8060705f6d4b9cba/out/vs/workbench/api/node/extensionHostProcess.js:115:32833)
	at cw.g (file:///home/aehsan4004/.vscode-server/bin/cd4ee3b1c348a13bafd8f9ad8060705f6d4b9cba/out/vs/workbench/api/node/extensionHostProcess.js:115:31910)
	at cw.executeCommand (file:///home/aehsan4004/.vscode-server/bin/cd4ee3b1c348a13bafd8f9ad8060705f6d4b9cba/out/vs/workbench/api/node/extensionHostProcess.js:115:31817)
	at Object.executeCommand (file:///home/aehsan4004/.vscode-server/bin/cd4ee3b1c348a13bafd8f9ad8060705f6d4b9cba/out/vs/workbench/api/node/extensionHostProcess.js:157:37484)
	at Sh.L [as value] (/home/aehsan4004/.vscode-server/bin/cd4ee3b1c348a13bafd8f9ad8060705f6d4b9cba/extensions/git/dist/main.js:2:975601)
	at P.B (file:///home/aehsan4004/.vscode-server/bin/cd4ee3b1c348a13bafd8f9ad8060705f6d4b9cba/out/vs/workbench/api/node/extensionHostProcess.js:30:746)
	at P.C (file:///home/aehsan4004/.vscode-server/bin/cd4ee3b1c348a13bafd8f9ad8060705f6d4b9cba/out/vs/workbench/api/node/extensionHostProcess.js:30:816)
	at P.fire (file:///home/aehsan4004/.vscode-server/bin/cd4ee3b1c348a13bafd8f9ad8060705f6d4b9cba/out/vs/workbench/api/node/extensionHostProcess.js:30:1033)
	at Object.p [as dispose] (/home/aehsan4004/.vscode-server/bin/cd4ee3b1c348a13bafd8f9ad8060705f6d4b9cba/extensions/git/dist/main.js:2:997158)
	at /home/aehsan4004/.vscode-server/bin/cd4ee3b1c348a13bafd8f9ad8060705f6d4b9cba/extensions/git/dist/main.js:2:1003280
	at Array.forEach (<anonymous>)
	at b.dispose (/home/aehsan4004/.vscode-server/bin/cd4ee3b1c348a13bafd8f9ad8060705f6d4b9cba/extensions/git/dist/main.js:2:1003266)
	at ev.<anonymous> (file:///home/aehsan4004/.vscode-server/bin/cd4ee3b1c348a13bafd8f9ad8060705f6d4b9cba/out/vs/workbench/api/node/extensionHostProcess.js:109:20047)
	at ev.dispose (file:///home/aehsan4004/.vscode-server/bin/cd4ee3b1c348a13bafd8f9ad8060705f6d4b9cba/out/vs/workbench/api/node/extensionHostProcess.js:109:20143)
	at ev.<anonymous> (/home/aehsan4004/.vscode-server/bin/cd4ee3b1c348a13bafd8f9ad8060705f6d4b9cba/extensions/git/dist/main.js:2:978080)
	at ev.dispose (file:///home/aehsan4004/.vscode-server/bin/cd4ee3b1c348a13bafd8f9ad8060705f6d4b9cba/out/vs/workbench/api/node/extensionHostProcess.js:109:20143)
	at ai (file:///home/aehsan4004/.vscode-server/bin/cd4ee3b1c348a13bafd8f9ad8060705f6d4b9cba/out/vs/workbench/api/node/extensionHostProcess.js:25:699)
	at file:///home/aehsan4004/.vscode-server/bin/cd4ee3b1c348a13bafd8f9ad8060705f6d4b9cba/out/vs/workbench/api/node/extensionHostProcess.js:119:14992
	at file:///home/aehsan4004/.vscode-server/bin/cd4ee3b1c348a13bafd8f9ad8060705f6d4b9cba/out/vs/workbench/api/node/extensionHostProcess.js:25:1009
	at Object.dispose (file:///home/aehsan4004/.vscode-server/bin/cd4ee3b1c348a13bafd8f9ad8060705f6d4b9cba/out/vs/workbench/api/node/extensionHostProcess.js:8:705)
	at zz.eb (file:///home/aehsan4004/.vscode-server/bin/cd4ee3b1c348a13bafd8f9ad8060705f6d4b9cba/out/vs/workbench/api/node/extensionHostProcess.js:119:11919)
	at file:///home/aehsan4004/.vscode-server/bin/cd4ee3b1c348a13bafd8f9ad8060705f6d4b9cba/out/vs/workbench/api/node/extensionHostProcess.js:119:9874
	at Array.map (<anonymous>)
	at zz.$ (file:///home/aehsan4004/.vscode-server/bin/cd4ee3b1c348a13bafd8f9ad8060705f6d4b9cba/out/vs/workbench/api/node/extensionHostProcess.js:119:9862)
	at zz.terminate (file:///home/aehsan4004/.vscode-server/bin/cd4ee3b1c348a13bafd8f9ad8060705f6d4b9cba/out/vs/workbench/api/node/extensionHostProcess.js:119:10105)
	at Q3.terminate (file:///home/aehsan4004/.vscode-server/bin/cd4ee3b1c348a13bafd8f9ad8060705f6d4b9cba/out/vs/workbench/api/node/extensionHostProcess.js:120:1424)
	at Zi (file:///home/aehsan4004/.vscode-server/bin/cd4ee3b1c348a13bafd8f9ad8060705f6d4b9cba/out/vs/workbench/api/node/extensionHostProcess.js:175:15080)
	at Sh.value (file:///home/aehsan4004/.vscode-server/bin/cd4ee3b1c348a13bafd8f9ad8060705f6d4b9cba/out/vs/workbench/api/node/extensionHostProcess.js:175:13241)
	at P.B (file:///home/aehsan4004/.vscode-server/bin/cd4ee3b1c348a13bafd8f9ad8060705f6d4b9cba/out/vs/workbench/api/node/extensionHostProcess.js:30:746)
	at P.fire (file:///home/aehsan4004/.vscode-server/bin/cd4ee3b1c348a13bafd8f9ad8060705f6d4b9cba/out/vs/workbench/api/node/extensionHostProcess.js:30:964)
	at Vn.fire (file:///home/aehsan4004/.vscode-server/bin/cd4ee3b1c348a13bafd8f9ad8060705f6d4b9cba/out/vs/workbench/api/node/extensionHostProcess.js:32:9457)
	at Wm.A (file:///home/aehsan4004/.vscode-server/bin/cd4ee3b1c348a13bafd8f9ad8060705f6d4b9cba/out/vs/workbench/api/node/extensionHostProcess.js:32:12573)
	at Sh.value (file:///home/aehsan4004/.vscode-server/bin/cd4ee3b1c348a13bafd8f9ad8060705f6d4b9cba/out/vs/workbench/api/node/extensionHostProcess.js:32:10993)
	at P.B (file:///home/aehsan4004/.vscode-server/bin/cd4ee3b1c348a13bafd8f9ad8060705f6d4b9cba/out/vs/workbench/api/node/extensionHostProcess.js:30:746)
	at P.fire (file:///home/aehsan4004/.vscode-server/bin/cd4ee3b1c348a13bafd8f9ad8060705f6d4b9cba/out/vs/workbench/api/node/extensionHostProcess.js:30:964)
	at s6.acceptChunk (file:///home/aehsan4004/.vscode-server/bin/cd4ee3b1c348a13bafd8f9ad8060705f6d4b9cba/out/vs/workbench/api/node/extensionHostProcess.js:32:7940)
	at Sh.value (file:///home/aehsan4004/.vscode-server/bin/cd4ee3b1c348a13bafd8f9ad8060705f6d4b9cba/out/vs/workbench/api/node/extensionHostProcess.js:32:7226)
	at P.B (file:///home/aehsan4004/.vscode-server/bin/cd4ee3b1c348a13bafd8f9ad8060705f6d4b9cba/out/vs/workbench/api/node/extensionHostProcess.js:30:746)
	at P.fire (file:///home/aehsan4004/.vscode-server/bin/cd4ee3b1c348a13bafd8f9ad8060705f6d4b9cba/out/vs/workbench/api/node/extensionHostProcess.js:30:964)
	at vA.z (file:///home/aehsan4004/.vscode-server/bin/cd4ee3b1c348a13bafd8f9ad8060705f6d4b9cba/out/vs/workbench/api/node/extensionHostProcess.js:32:21944)
	at vA.acceptFrame (file:///home/aehsan4004/.vscode-server/bin/cd4ee3b1c348a13bafd8f9ad8060705f6d4b9cba/out/vs/workbench/api/node/extensionHostProcess.js:32:21750)
	at mA.n (file:///home/aehsan4004/.vscode-server/bin/cd4ee3b1c348a13bafd8f9ad8060705f6d4b9cba/out/vs/workbench/api/node/extensionHostProcess.js:32:20278)
	at file:///home/aehsan4004/.vscode-server/bin/cd4ee3b1c348a13bafd8f9ad8060705f6d4b9cba/out/vs/workbench/api/node/extensionHostProcess.js:32:17510
	at Socket.t (file:///home/aehsan4004/.vscode-server/bin/cd4ee3b1c348a13bafd8f9ad8060705f6d4b9cba/out/vs/workbench/api/node/extensionHostProcess.js:32:15451)
	at Socket.emit (node:events:518:28)
	at addChunk (node:internal/streams/readable:561:12)
	at readableAddChunkPushByteMode (node:internal/streams/readable:512:3)
	at Readable.push (node:internal/streams/readable:392:5)
	at TCP.onStreamRead (node:internal/stream_base_commons:191:23) setContext undefined
2025-02-06 01:20:09.306 [error] Canceled: Canceled
	at new IT (file:///home/aehsan4004/.vscode-server/bin/cd4ee3b1c348a13bafd8f9ad8060705f6d4b9cba/out/vs/workbench/api/node/extensionHostProcess.js:32:153476)
	at Dy.U (file:///home/aehsan4004/.vscode-server/bin/cd4ee3b1c348a13bafd8f9ad8060705f6d4b9cba/out/vs/workbench/api/node/extensionHostProcess.js:32:158086)
	at s.<computed>.n.charCodeAt.s.<computed> (file:///home/aehsan4004/.vscode-server/bin/cd4ee3b1c348a13bafd8f9ad8060705f6d4b9cba/out/vs/workbench/api/node/extensionHostProcess.js:32:155580)
	at cw.g (file:///home/aehsan4004/.vscode-server/bin/cd4ee3b1c348a13bafd8f9ad8060705f6d4b9cba/out/vs/workbench/api/node/extensionHostProcess.js:115:32313)
	at cw.executeCommand (file:///home/aehsan4004/.vscode-server/bin/cd4ee3b1c348a13bafd8f9ad8060705f6d4b9cba/out/vs/workbench/api/node/extensionHostProcess.js:115:31817)
	at r.registerCommand.description (file:///home/aehsan4004/.vscode-server/bin/cd4ee3b1c348a13bafd8f9ad8060705f6d4b9cba/out/vs/workbench/api/node/extensionHostProcess.js:115:31147)
	at cw.h (file:///home/aehsan4004/.vscode-server/bin/cd4ee3b1c348a13bafd8f9ad8060705f6d4b9cba/out/vs/workbench/api/node/extensionHostProcess.js:115:32833)
	at cw.g (file:///home/aehsan4004/.vscode-server/bin/cd4ee3b1c348a13bafd8f9ad8060705f6d4b9cba/out/vs/workbench/api/node/extensionHostProcess.js:115:31910)
	at cw.executeCommand (file:///home/aehsan4004/.vscode-server/bin/cd4ee3b1c348a13bafd8f9ad8060705f6d4b9cba/out/vs/workbench/api/node/extensionHostProcess.js:115:31817)
	at Object.executeCommand (file:///home/aehsan4004/.vscode-server/bin/cd4ee3b1c348a13bafd8f9ad8060705f6d4b9cba/out/vs/workbench/api/node/extensionHostProcess.js:157:37484)
	at set hasGitHubRepositories [as hasGitHubRepositories] (/home/aehsan4004/.vscode-server/bin/cd4ee3b1c348a13bafd8f9ad8060705f6d4b9cba/extensions/github/dist/extension.js:2:328633)
	at /home/aehsan4004/.vscode-server/bin/cd4ee3b1c348a13bafd8f9ad8060705f6d4b9cba/extensions/github/dist/extension.js:2:329592
	at Sh.value (/home/aehsan4004/.vscode-server/bin/cd4ee3b1c348a13bafd8f9ad8060705f6d4b9cba/extensions/git/dist/main.js:2:1088462)
	at P.B (file:///home/aehsan4004/.vscode-server/bin/cd4ee3b1c348a13bafd8f9ad8060705f6d4b9cba/out/vs/workbench/api/node/extensionHostProcess.js:30:746)
	at P.C (file:///home/aehsan4004/.vscode-server/bin/cd4ee3b1c348a13bafd8f9ad8060705f6d4b9cba/out/vs/workbench/api/node/extensionHostProcess.js:30:816)
	at P.fire (file:///home/aehsan4004/.vscode-server/bin/cd4ee3b1c348a13bafd8f9ad8060705f6d4b9cba/out/vs/workbench/api/node/extensionHostProcess.js:30:1033)
	at Object.p [as dispose] (/home/aehsan4004/.vscode-server/bin/cd4ee3b1c348a13bafd8f9ad8060705f6d4b9cba/extensions/git/dist/main.js:2:997158)
	at /home/aehsan4004/.vscode-server/bin/cd4ee3b1c348a13bafd8f9ad8060705f6d4b9cba/extensions/git/dist/main.js:2:1003280
	at Array.forEach (<anonymous>)
	at b.dispose (/home/aehsan4004/.vscode-server/bin/cd4ee3b1c348a13bafd8f9ad8060705f6d4b9cba/extensions/git/dist/main.js:2:1003266)
	at ev.<anonymous> (file:///home/aehsan4004/.vscode-server/bin/cd4ee3b1c348a13bafd8f9ad8060705f6d4b9cba/out/vs/workbench/api/node/extensionHostProcess.js:109:20047)
	at ev.dispose (file:///home/aehsan4004/.vscode-server/bin/cd4ee3b1c348a13bafd8f9ad8060705f6d4b9cba/out/vs/workbench/api/node/extensionHostProcess.js:109:20143)
	at ev.<anonymous> (/home/aehsan4004/.vscode-server/bin/cd4ee3b1c348a13bafd8f9ad8060705f6d4b9cba/extensions/git/dist/main.js:2:978080)
	at ev.dispose (file:///home/aehsan4004/.vscode-server/bin/cd4ee3b1c348a13bafd8f9ad8060705f6d4b9cba/out/vs/workbench/api/node/extensionHostProcess.js:109:20143)
	at ai (file:///home/aehsan4004/.vscode-server/bin/cd4ee3b1c348a13bafd8f9ad8060705f6d4b9cba/out/vs/workbench/api/node/extensionHostProcess.js:25:699)
	at file:///home/aehsan4004/.vscode-server/bin/cd4ee3b1c348a13bafd8f9ad8060705f6d4b9cba/out/vs/workbench/api/node/extensionHostProcess.js:119:14992
	at file:///home/aehsan4004/.vscode-server/bin/cd4ee3b1c348a13bafd8f9ad8060705f6d4b9cba/out/vs/workbench/api/node/extensionHostProcess.js:25:1009
	at Object.dispose (file:///home/aehsan4004/.vscode-server/bin/cd4ee3b1c348a13bafd8f9ad8060705f6d4b9cba/out/vs/workbench/api/node/extensionHostProcess.js:8:705)
	at zz.eb (file:///home/aehsan4004/.vscode-server/bin/cd4ee3b1c348a13bafd8f9ad8060705f6d4b9cba/out/vs/workbench/api/node/extensionHostProcess.js:119:11919)
	at file:///home/aehsan4004/.vscode-server/bin/cd4ee3b1c348a13bafd8f9ad8060705f6d4b9cba/out/vs/workbench/api/node/extensionHostProcess.js:119:9874
	at Array.map (<anonymous>)
	at zz.$ (file:///home/aehsan4004/.vscode-server/bin/cd4ee3b1c348a13bafd8f9ad8060705f6d4b9cba/out/vs/workbench/api/node/extensionHostProcess.js:119:9862)
	at zz.terminate (file:///home/aehsan4004/.vscode-server/bin/cd4ee3b1c348a13bafd8f9ad8060705f6d4b9cba/out/vs/workbench/api/node/extensionHostProcess.js:119:10105)
	at Q3.terminate (file:///home/aehsan4004/.vscode-server/bin/cd4ee3b1c348a13bafd8f9ad8060705f6d4b9cba/out/vs/workbench/api/node/extensionHostProcess.js:120:1424)
	at Zi (file:///home/aehsan4004/.vscode-server/bin/cd4ee3b1c348a13bafd8f9ad8060705f6d4b9cba/out/vs/workbench/api/node/extensionHostProcess.js:175:15080)
	at Sh.value (file:///home/aehsan4004/.vscode-server/bin/cd4ee3b1c348a13bafd8f9ad8060705f6d4b9cba/out/vs/workbench/api/node/extensionHostProcess.js:175:13241)
	at P.B (file:///home/aehsan4004/.vscode-server/bin/cd4ee3b1c348a13bafd8f9ad8060705f6d4b9cba/out/vs/workbench/api/node/extensionHostProcess.js:30:746)
	at P.fire (file:///home/aehsan4004/.vscode-server/bin/cd4ee3b1c348a13bafd8f9ad8060705f6d4b9cba/out/vs/workbench/api/node/extensionHostProcess.js:30:964)
	at Vn.fire (file:///home/aehsan4004/.vscode-server/bin/cd4ee3b1c348a13bafd8f9ad8060705f6d4b9cba/out/vs/workbench/api/node/extensionHostProcess.js:32:9457)
	at Wm.A (file:///home/aehsan4004/.vscode-server/bin/cd4ee3b1c348a13bafd8f9ad8060705f6d4b9cba/out/vs/workbench/api/node/extensionHostProcess.js:32:12573)
	at Sh.value (file:///home/aehsan4004/.vscode-server/bin/cd4ee3b1c348a13bafd8f9ad8060705f6d4b9cba/out/vs/workbench/api/node/extensionHostProcess.js:32:10993)
	at P.B (file:///home/aehsan4004/.vscode-server/bin/cd4ee3b1c348a13bafd8f9ad8060705f6d4b9cba/out/vs/workbench/api/node/extensionHostProcess.js:30:746)
	at P.fire (file:///home/aehsan4004/.vscode-server/bin/cd4ee3b1c348a13bafd8f9ad8060705f6d4b9cba/out/vs/workbench/api/node/extensionHostProcess.js:30:964)
	at s6.acceptChunk (file:///home/aehsan4004/.vscode-server/bin/cd4ee3b1c348a13bafd8f9ad8060705f6d4b9cba/out/vs/workbench/api/node/extensionHostProcess.js:32:7940)
	at Sh.value (file:///home/aehsan4004/.vscode-server/bin/cd4ee3b1c348a13bafd8f9ad8060705f6d4b9cba/out/vs/workbench/api/node/extensionHostProcess.js:32:7226)
	at P.B (file:///home/aehsan4004/.vscode-server/bin/cd4ee3b1c348a13bafd8f9ad8060705f6d4b9cba/out/vs/workbench/api/node/extensionHostProcess.js:30:746)
	at P.fire (file:///home/aehsan4004/.vscode-server/bin/cd4ee3b1c348a13bafd8f9ad8060705f6d4b9cba/out/vs/workbench/api/node/extensionHostProcess.js:30:964)
	at vA.z (file:///home/aehsan4004/.vscode-server/bin/cd4ee3b1c348a13bafd8f9ad8060705f6d4b9cba/out/vs/workbench/api/node/extensionHostProcess.js:32:21944)
	at vA.acceptFrame (file:///home/aehsan4004/.vscode-server/bin/cd4ee3b1c348a13bafd8f9ad8060705f6d4b9cba/out/vs/workbench/api/node/extensionHostProcess.js:32:21750)
	at mA.n (file:///home/aehsan4004/.vscode-server/bin/cd4ee3b1c348a13bafd8f9ad8060705f6d4b9cba/out/vs/workbench/api/node/extensionHostProcess.js:32:20278)
	at file:///home/aehsan4004/.vscode-server/bin/cd4ee3b1c348a13bafd8f9ad8060705f6d4b9cba/out/vs/workbench/api/node/extensionHostProcess.js:32:17510
	at Socket.t (file:///home/aehsan4004/.vscode-server/bin/cd4ee3b1c348a13bafd8f9ad8060705f6d4b9cba/out/vs/workbench/api/node/extensionHostProcess.js:32:15451)
	at Socket.emit (node:events:518:28)
	at addChunk (node:internal/streams/readable:561:12)
	at readableAddChunkPushByteMode (node:internal/streams/readable:512:3)
	at Readable.push (node:internal/streams/readable:392:5)
	at TCP.onStreamRead (node:internal/stream_base_commons:191:23) setContext undefined
2025-02-06 01:20:32.791 [error] Error: Stopping the server timed out
	at /home/aehsan4004/.vscode-server/bin/cd4ee3b1c348a13bafd8f9ad8060705f6d4b9cba/extensions/css-language-features/client/dist/node/cssClientMain.js:1:107114
	at runNextTicks (node:internal/process/task_queues:60:5)
	at listOnTimeout (node:internal/timers:545:9)
	at process.processTimers (node:internal/timers:519:7)
	at async e.deactivate (/home/aehsan4004/.vscode-server/bin/cd4ee3b1c348a13bafd8f9ad8060705f6d4b9cba/extensions/css-language-features/client/dist/node/cssClientMain.js:1:440089)
	at async Promise.all (index 0)
	at async zz.$ (file:///home/aehsan4004/.vscode-server/bin/cd4ee3b1c348a13bafd8f9ad8060705f6d4b9cba/out/vs/workbench/api/node/extensionHostProcess.js:119:9888)
2025-02-06 01:20:33.143 [error] Error: Stopping the server timed out
	at /home/aehsan4004/.vscode-server/bin/cd4ee3b1c348a13bafd8f9ad8060705f6d4b9cba/extensions/html-language-features/client/dist/node/htmlClientMain.js:1:272908
	at runNextTicks (node:internal/process/task_queues:60:5)
	at listOnTimeout (node:internal/timers:545:9)
	at process.processTimers (node:internal/timers:519:7)
	at async Object.dispose (/home/aehsan4004/.vscode-server/bin/cd4ee3b1c348a13bafd8f9ad8060705f6d4b9cba/extensions/html-language-features/client/dist/node/htmlClientMain.js:1:543599)
	at async Object.dispose (/home/aehsan4004/.vscode-server/bin/cd4ee3b1c348a13bafd8f9ad8060705f6d4b9cba/extensions/html-language-features/client/dist/node/htmlClientMain.js:1:539074)
	at async t.deactivate (/home/aehsan4004/.vscode-server/bin/cd4ee3b1c348a13bafd8f9ad8060705f6d4b9cba/extensions/html-language-features/client/dist/node/htmlClientMain.js:1:546861)
	at async Promise.all (index 7)
	at async zz.$ (file:///home/aehsan4004/.vscode-server/bin/cd4ee3b1c348a13bafd8f9ad8060705f6d4b9cba/out/vs/workbench/api/node/extensionHostProcess.js:119:9888)
2025-02-06 01:20:33.143 [info] Extension host with pid 6313 exiting with code 0
